[W] > nextValidId
[W] > openOrder
[W] > openOrder
[W] > openOrder
[W] > openOrder
[W] > openOrder
[W] > openOrder
[W] > openOrder
[W] > openOrderEnd
[W] > ,1293142500,1.0095,has gaps:,false
[W] > ,1293142800,1.009625,has gaps:,false
[W] > ,1293143100,1.009725,has gaps:,false
[W] > ,1293143400,1.009825,has gaps:,false
[W] > ,1293143700,1.009925,has gaps:,false
[W] > ,1293144000,1.010125,has gaps:,false
[W] > ,1293144300,1.0102,has gaps:,false
[W] > ,1293144600,1.009925,has gaps:,false
[W] > ,1293144900,1.009925,has gaps:,false
[W] > ,1293145200,1.009925,has gaps:,false
[W] > ,1293145500,1.01,has gaps:,false
[W] > ,1293145800,1.009675,has gaps:,false
[W] > ,1293146100,1.01,has gaps:,false
[W] > ,1293146400,1.010075,has gaps:,false
[W] > ,1293146700,1.01005,has gaps:,false
[W] > ,1293147000,1.009925,has gaps:,false
[W] > ,1293147300,1.009525,has gaps:,false
[W] > ,1293147600,1.009525,has gaps:,false
[W] > ,1293147900,1.0095,has gaps:,false
[W] > ,1293148200,1.0095,has gaps:,false
[W] > ,1293148500,1.009475,has gaps:,false
[W] > ,1293148800,1.009375,has gaps:,false
[W] > ,1293149100,1.009275,has gaps:,false
[W] > ,1293149400,1.0092,has gaps:,false
[W] > ,1293149700,1.0094,has gaps:,false
[W] > ,1293150000,1.009275,has gaps:,false
[W] > ,1293150300,1.009475,has gaps:,false
[W] > ,1293150600,1.00945,has gaps:,false
[W] > ,1293150900,1.009375,has gaps:,false
[W] > ,1293151200,1.009375,has gaps:,false
[W] > ,1293151500,1.0094,has gaps:,false
[W] > ,1293151800,1.009975,has gaps:,false
[W] > ,1293152100,1.010075,has gaps:,false
[W] > ,1293152400,1.010175,has gaps:,false
[W] > ,1293152700,1.010125,has gaps:,false
[W] > ,1293153000,1.010175,has gaps:,false
[W] > ,1293153300,1.009675,has gaps:,false
[W] > ,1293153600,1.01035,has gaps:,false
[W] > ,1293153900,1.009825,has gaps:,false
[W] > ,1293154200,1.00995,has gaps:,false
[W] > ,1293154500,1.0093,has gaps:,false
[W] > ,1293154800,1.009525,has gaps:,false
[W] > ,1293155100,1.009525,has gaps:,false
[W] > ,1293155400,1.009525,has gaps:,false
[W] > ,1293155700,1.009475,has gaps:,false
[W] > ,1293156000,1.009275,has gaps:,false
[W] > ,1293156300,1.008675,has gaps:,false
[W] > ,1293156600,1.008625,has gaps:,false
[W] > ,1293156900,1.0084,has gaps:,false
[W] > ,1293157200,1.0085,has gaps:,false
[W] > ,1293157500,1.0085,has gaps:,false
[W] > ,1293157800,1.0085,has gaps:,false
[W] > ,1293158100,1.00855,has gaps:,false
[W] > ,1293158400,1.008575,has gaps:,false
[W] > ,1293158700,1.008625,has gaps:,false
[W] > ,1293159000,1.008675,has gaps:,false
[W] > ,1293159300,1.008625,has gaps:,false
[W] > ,1293159600,1.008025,has gaps:,false
[W] > ,1293159900,1.008225,has gaps:,false
[W] > ,1293160200,1.008225,has gaps:,false
[W] > ,1293160500,1.008225,has gaps:,false
[W] > ,1293160800,1.008075,has gaps:,false
[W] > ,1293161100,1.008075,has gaps:,false
[W] > ,1293161400,1.008075,has gaps:,false
[W] > ,1293161700,1.00825,has gaps:,false
[W] > ,1293162000,1.00855,has gaps:,false
[W] > ,1293162300,1.00835,has gaps:,false
[W] > ,1293162600,1.008425,has gaps:,false
[W] > ,1293162900,1.00845,has gaps:,false
[W] > ,1293163200,1.0084,has gaps:,false
[W] > ,1293163500,1.0084,has gaps:,false
[W] > ,1293163800,1.0084,has gaps:,false
[W] > ,1293164100,1.00855,has gaps:,false
[W] > ,1293164400,1.008525,has gaps:,false
[W] > ,1293164700,1.0086,has gaps:,false
[W] > ,1293165000,1.0086,has gaps:,false
[W] > ,1293165300,1.00865,has gaps:,false
[W] > ,1293165600,1.008625,has gaps:,false
[W] > ,1293165900,1.008725,has gaps:,false
[W] > ,1293166200,1.008775,has gaps:,false
[W] > ,1293166500,1.00905,has gaps:,false
[W] > ,1293166800,1.008875,has gaps:,false
[W] > ,1293167100,1.008875,has gaps:,false
[W] > ,1293167400,1.00885,has gaps:,false
[W] > ,1293167700,1.00895,has gaps:,false
[W] > ,1293168000,1.008975,has gaps:,false
[W] > ,1293168300,1.009125,has gaps:,false
[W] > ,1293168600,1.009075,has gaps:,false
[W] > ,1293168900,1.00905,has gaps:,false
[W] > ,1293169200,1.009075,has gaps:,false
[W] > ,1293169500,1.009125,has gaps:,false
[W] > ,1293169800,1.0091,has gaps:,false
[W] > ,1293170100,1.009075,has gaps:,false
[W] > ,1293170400,1.0092,has gaps:,false
[W] > ,1293170700,1.00895,has gaps:,false
[W] > ,1293171000,1.00895,has gaps:,false
[W] > ,1293171300,1.008925,has gaps:,false
[W] > ,1293171600,1.0089,has gaps:,false
[W] > ,1293171900,1.0089,has gaps:,false
[W] > ,1293172200,1.0089,has gaps:,false
[W] > ,1293172500,1.009,has gaps:,false
[W] > ,1293172800,1.0088,has gaps:,false
[W] > ,1293173100,1.008725,has gaps:,false
[W] > ,1293173400,1.008725,has gaps:,false
[W] > ,1293173700,1.008575,has gaps:,false
[W] > ,1293174000,1.00885,has gaps:,false
[W] > ,1293174300,1.0084,has gaps:,false
[W] > ,1293174600,1.0084,has gaps:,false
[W] > ,finished-20101223  07:11:32-20101224  07:11:32,-1.0,has gaps:,false
