
SQL*Loader: Release 11.2.0.1.0 - Production on Sat Apr 30 15:23:01 2011

Copyright (c) 1982, 2009, Oracle and/or its affiliates.  All rights reserved.

Control File:   ibs15min_stage.ctl
Data File:      ibs15min_stage.csv
  Bad File:     ibs15min_stage.bad
  Discard File:  none specified
 
 (Allow all discards)

Number to load: ALL
Number to skip: 0
Errors allowed: 50
Bind array:     123456 rows, maximum of 20971520 bytes
Continuation:    none specified
Path used:      Conventional

Table IBS15MIN_STAGE, loaded from every logical record.
Insert option in effect for this table: REPLACE
TRAILING NULLCOLS option in effect

   Column Name                  Position   Len  Term Encl Datatype
------------------------------ ---------- ----- ---- ---- ---------------------
TKR                                 FIRST     *   ,       CHARACTER            
    NULL if TKR = BLANKS
EPOCHSEC                             NEXT     *   ,       CHARACTER            
    NULL if EPOCHSEC = BLANKS
CLSE                                 NEXT     *   ,       CHARACTER            
    NULL if CLSE = BLANKS

value used for ROWS parameter changed from 123456 to 27094

Table IBS15MIN_STAGE:
  4782 Rows successfully loaded.
  0 Rows not loaded due to data errors.
  0 Rows not loaded because all WHEN clauses were failed.
  0 Rows not loaded because all fields were null.


Space allocated for bind array:               20970756 bytes(27094 rows)
Read   buffer bytes:20971520

Total logical records skipped:          0
Total logical records read:          4782
Total logical records rejected:         0
Total logical records discarded:        0

Run began on Sat Apr 30 15:23:01 2011
Run ended on Sat Apr 30 15:23:01 2011

Elapsed time was:     00:00:00.21
CPU time was:         00:00:00.08
