CREATE USER SA PASSWORD "" ADMIN
/*C1*/SET SCHEMA PUBLIC
CONNECT USER SA
SET WRITE_DELAY 1
DROP TABLE UndPriceOffSet IF EXISTS
CREATE TABLE UndPriceOffSet (conid INTEGER not null, offsetType VARCHAR not null, offset  VARCHAR not null)
CREATE INDEX conid3 ON UndPriceOffSet(conid)
DROP TABLE UndYield IF EXISTS
CREATE TABLE UndYield (conid INTEGER not null PRIMARY KEY, yieldType VARCHAR not null, yield  DECIMAL not null)
DROP TABLE Interest IF EXISTS
CREATE TABLE Interest (currency VARCHAR not null, channel VARCHAR not null, irf VARCHAR not null)
CREATE INDEX currency ON Interest(currency)
DROP TABLE InterestChn IF EXISTS
CREATE TABLE InterestChn (currency VARCHAR not null, channel VARCHAR not null, active BOOLEAN not null)
CREATE INDEX currency1 ON InterestChn(currency)
DROP TABLE Config IF EXISTS
CREATE TABLE Config (cfgkey VARCHAR(255) not null, cfgvalue VARCHAR not null)
CREATE INDEX configkey ON Config(cfgkey)
INSERT INTO CONFIG VALUES('version','2.0')
DELETE FROM CONFIG WHERE CFGKEY='version' AND CFGVALUE='2.0'
INSERT INTO CONFIG VALUES('version','2.0')
DROP TABLE Dividend IF EXISTS
CREATE TABLE Dividend (conid INTEGER not null, channel VARCHAR not null, dividend VARCHAR not null)
CREATE INDEX conid ON Dividend(conid)
DROP TABLE DividendChn IF EXISTS
CREATE TABLE DividendChn (conid INTEGER not null, channel VARCHAR not null, active BOOLEAN not null)
CREATE INDEX conid1 ON DividendChn(conid)
DROP TABLE ModelVolCurves IF EXISTS
CREATE TABLE ModelVolCurves (volCurveKey VARCHAR(255) not null, timeStamp TIMESTAMP not null, expiry DATE not null, volCurve VARCHAR not null, channel VARCHAR not null, isActive BOOLEAN not null)
CREATE INDEX modelvolCurves ON ModelVolCurves(volCurveKey)
