#
# An unexpected error has been detected by HotSpot Virtual Machine:
#
#  SIGSEGV (0xb) at pc=0x00007f9970feca2f, pid=18270, tid=140296253589248
#
# Java VM: Java HotSpot(TM) 64-Bit Server VM (1.5.0_17-b03 mixed mode)
# Problematic frame:
# V  [libjvm.so+0x256a2f]
#

---------------  T H R E A D  ---------------

Current thread (0x00007f99400c69d0):  JavaThread "CompilerThread1" daemon [_thread_in_native, id=18284]

siginfo:si_signo=11, si_errno=0, si_code=1, si_addr=0x0000000000000000

Registers:
RAX=0x00000000408e1fc0, RBX=0x00007f994003ad10, RCX=0x00000000408e1ad8, RDX=0x000000000000005b
RSP=0x00007f99445b9b00, RBP=0x00007f99445b9b80, RSI=0x000000000000001b, RDI=0x0000000000040000
R8 =0x00000000410e5680, R9 =0x0000000000000036, R10=0x0000000041366330, R11=0x00007f9971701020
R12=0x0000000000000092, R13=0x0000000000000092, R14=0x0000000000000000, R15=0x0000000040b4d830
RIP=0x00007f9970feca2f, EFL=0x0000000000010206, CSGSFS=0x0000000000000033, ERR=0x0000000000000004
  TRAPNO=0x000000000000000e

Top of Stack: (sp=0x00007f99445b9b00)
0x00007f99445b9b00:   00007f9971602060 00007f99445b9b50
0x00007f99445b9b10:   00007f9940276a60 0000000000000000
0x00007f99445b9b20:   0000000040b4d830 0000000041366300
0x00007f99445b9b30:   0000005800000004 00000000410e5680
0x00007f99445b9b40:   00007f99445ba030 0000009d71097196
0x00007f99445b9b50:   00000000408e1fc0 0000000040b4d830
0x00007f99445b9b60:   0000000040b4d830 00000000408e1fc0
0x00007f99445b9b70:   00007f997157a310 00007f997157a310
0x00007f99445b9b80:   00007f99445b9be0 00007f9970fec76a
0x00007f99445b9b90:   00007f99400c6c90 000000030000000b
0x00007f99445b9ba0:   0000000041491f00 0000009d415cadb0
0x00007f99445b9bb0:   00007f99445ba030 00007f99445ba9f0
0x00007f99445b9bc0:   0000000000000000 00000000408e1fc0
0x00007f99445b9bd0:   00007f9940cb6340 00000000410e66a0
0x00007f99445b9be0:   00007f99445b9ce0 00007f9970fed055
0x00007f99445b9bf0:   00007f9940ccfc18 00007f9940a55638
0x00007f99445b9c00:   0000000000000000 0000000041491f00
0x00007f99445b9c10:   000000000000009d 00007f99445b9c40
0x00007f99445b9c20:   00007f99400c6c90 0000009d699790c0
0x00007f99445b9c30:   00007f99445b9c60 00007f99445ba9f0
0x00007f99445b9c40:   00007f9900000200 00007f99405d21c0
0x00007f99445b9c50:   00007f99400c6c90 000000000000007b
0x00007f99445b9c60:   0000000000000000 00007f9900000001
0x00007f99445b9c70:   0000000000000000 00007f99400c69d0
0x00007f99445b9c80:   00007f9900000000 00007f99710188ef
0x00007f99445b9c90:   000000004089e8b0 0000000000000000
0x00007f99445b9ca0:   0000000000000000 00007f9941227870
0x00007f99445b9cb0:   00007f9941227870 00007f9940a49610
0x00007f99445b9cc0:   00007f9971576cb0 00007f9940cce4a0
0x00007f99445b9cd0:   00007f9940a49768 00000000000003cd
0x00007f99445b9ce0:   00007f99445b9f70 00007f99713050e8
0x00007f99445b9cf0:   00007f99445b9d20 00007f9941227870 

Instructions: (pc=0x00007f9970feca2f)
0x00007f9970feca1f:   90 48 8b 45 d0 4d 63 ec 48 8b 48 08 4e 8b 34 e9
0x00007f9970feca2f:   49 8b 1e 4c 89 f7 ff 93 80 01 00 00 48 89 c7 48 

Stack: [0x00007f99444bc000,0x00007f99445bd000),  sp=0x00007f99445b9b00,  free space=1014k
Native frames: (J=compiled Java code, j=interpreted, Vv=VM code, C=native code)
V  [libjvm.so+0x256a2f]
V  [libjvm.so+0x25676a]
V  [libjvm.so+0x257055]
V  [libjvm.so+0x56f0e8]
V  [libjvm.so+0x2bd893]
V  [libjvm.so+0x2b9a79]
V  [libjvm.so+0x262027]
V  [libjvm.so+0x2c2056]
V  [libjvm.so+0x2c1a02]
V  [libjvm.so+0x62eb49]
V  [libjvm.so+0x6292ce]
V  [libjvm.so+0x56b5e5]


Current CompileTask:
opto: 90  !   com.kenai.jaffl.provider.jffi.AsmLibraryLoader.generateInterfaceImpl(Lcom/kenai/jaffl/provider/jffi/Library;Ljava/lang/Class;Ljava/util/Map;)Ljava/lang/Object; (1263 bytes)


---------------  P R O C E S S  ---------------

Java Threads: ( => current thread )
  0x00007f99400c8430 JavaThread "Low Memory Detector" daemon [_thread_blocked, id=18285]
=>0x00007f99400c69d0 JavaThread "CompilerThread1" daemon [_thread_in_native, id=18284]
  0x00007f99400c5630 JavaThread "CompilerThread0" daemon [_thread_in_native, id=18283]
  0x00007f99400c4260 JavaThread "AdapterThread" daemon [_thread_blocked, id=18282]
  0x00007f99400c2fc0 JavaThread "Signal Dispatcher" daemon [_thread_blocked, id=18281]
  0x00007f99400b0190 JavaThread "Finalizer" daemon [_thread_blocked, id=18280]
  0x00007f99400afa10 JavaThread "Reference Handler" daemon [_thread_blocked, id=18279]
  0x00000000408a3840 JavaThread "main" [_thread_in_Java, id=18270]

Other Threads:
  0x00007f99400ab660 VMThread [id=18278]
  0x00007f99400cae10 WatcherThread [id=18286]

VM state:not at safepoint (normal execution)

VM Mutex/Monitor currently owned by a thread: None

Heap
 PSYoungGen      total 7936K, used 3920K [0x00007f995f130000, 0x00007f995fe40000, 0x00007f99697d0000)
  eden space 5440K, 28% used [0x00007f995f130000,0x00007f995f2aec78,0x00007f995f680000)
  from space 2496K, 100% used [0x00007f995f680000,0x00007f995f8f0000,0x00007f995f8f0000)
  to   space 3328K, 0% used [0x00007f995fb00000,0x00007f995fb00000,0x00007f995fe40000)
 PSOldGen        total 5952K, used 4552K [0x00007f994a3d0000, 0x00007f994a9a0000, 0x00007f995f130000)
  object space 5952K, 76% used [0x00007f994a3d0000,0x00007f994a842000,0x00007f994a9a0000)
 PSPermGen       total 28416K, used 21116K [0x00007f9944fd0000, 0x00007f9946b90000, 0x00007f994a3d0000)
  object space 28416K, 74% used [0x00007f9944fd0000,0x00007f994646f358,0x00007f9946b90000)

Dynamic libraries:
40000000-4000e000 r-xp 00000000 08:11 11436132                           /oracle/app/oracle/product/11.2.0/dbhome_1/jdk/bin/java
4010d000-40110000 rwxp 0000d000 08:11 11436132                           /oracle/app/oracle/product/11.2.0/dbhome_1/jdk/bin/java
4089d000-41692000 rwxp 00000000 00:00 0                                  [heap]
7f993fafd000-7f993fb26000 r-xs 00000000 08:11 26364158                   /pt/s/jruby/jruby-1.5.1/lib/ruby/site_ruby/shared/yecht.jar
7f993fb2c000-7f993fb39000 r-xp 00000000 08:11 23489778                   /pt/s/jruby/jruby-1.5.1/lib/native/x86_64-Linux/libjffi-1.0.so
7f993fb39000-7f993fc39000 ---p 0000d000 08:11 23489778                   /pt/s/jruby/jruby-1.5.1/lib/native/x86_64-Linux/libjffi-1.0.so
7f993fc39000-7f993fc3a000 rwxp 0000d000 08:11 23489778                   /pt/s/jruby/jruby-1.5.1/lib/native/x86_64-Linux/libjffi-1.0.so
7f993fc3a000-7f993fd00000 r-xs 00000000 08:11 11403553                   /oracle/app/oracle/product/11.2.0/dbhome_1/jdk/jre/lib/ext/localedata.jar
7f993fd00000-7f9940000000 rwxp 00000000 00:00 0 
7f9940000000-7f994124b000 rwxp 00000000 00:00 0 
7f994124b000-7f9944000000 ---p 00000000 00:00 0 
7f994402d000-7f994404c000 r-xs 00000000 08:11 20338495                   /pt/s/jruby/jruby-1.5.1/lib/profile.jar
7f994404c000-7f9944077000 r-xs 00000000 08:11 11436696                   /oracle/app/oracle/product/11.2.0/dbhome_1/jdk/jre/lib/ext/sunpkcs11.jar
7f9944077000-7f994409e000 r-xs 00000000 08:11 11436695                   /oracle/app/oracle/product/11.2.0/dbhome_1/jdk/jre/lib/ext/sunjce_provider.jar
7f994409e000-7f99440a5000 r-xp 00000000 08:11 11436747                   /oracle/app/oracle/product/11.2.0/dbhome_1/jdk/jre/lib/amd64/libnio.so
7f99440a5000-7f99441a4000 ---p 00007000 08:11 11436747                   /oracle/app/oracle/product/11.2.0/dbhome_1/jdk/jre/lib/amd64/libnio.so
7f99441a4000-7f99441a6000 rwxp 00006000 08:11 11436747                   /oracle/app/oracle/product/11.2.0/dbhome_1/jdk/jre/lib/amd64/libnio.so
7f99441a6000-7f99441b8000 r-xp 00000000 08:11 11436745                   /oracle/app/oracle/product/11.2.0/dbhome_1/jdk/jre/lib/amd64/libnet.so
7f99441b8000-7f99442b7000 ---p 00012000 08:11 11436745                   /oracle/app/oracle/product/11.2.0/dbhome_1/jdk/jre/lib/amd64/libnet.so
7f99442b7000-7f99442ba000 rwxp 00011000 08:11 11436745                   /oracle/app/oracle/product/11.2.0/dbhome_1/jdk/jre/lib/amd64/libnet.so
7f99442ba000-7f99442bb000 ---p 00000000 00:00 0 
7f99442bb000-7f99443bb000 rwxp 00000000 00:00 0 
7f99443bb000-7f99443be000 ---p 00000000 00:00 0 
7f99443be000-7f99444bc000 rwxp 00000000 00:00 0 
7f99444bc000-7f99444bf000 ---p 00000000 00:00 0 
7f99444bf000-7f99445bd000 rwxp 00000000 00:00 0 
7f99445bd000-7f99445c0000 ---p 00000000 00:00 0 
7f99445c0000-7f99446be000 rwxp 00000000 00:00 0 
7f99446be000-7f99446c1000 ---p 00000000 00:00 0 
7f99446c1000-7f99447bf000 rwxp 00000000 00:00 0 
7f99447bf000-7f99447c2000 ---p 00000000 00:00 0 
7f99447c2000-7f99448c0000 rwxp 00000000 00:00 0 
7f99448c0000-7f99448ff000 r-xp 00000000 08:11 8920626                    /usr/lib/locale/en_US.utf8/LC_CTYPE
7f99448ff000-7f9944902000 ---p 00000000 00:00 0 
7f9944902000-7f9944a00000 rwxp 00000000 00:00 0 
7f9944a00000-7f9944a03000 ---p 00000000 00:00 0 
7f9944a03000-7f9944b01000 rwxp 00000000 00:00 0 
7f9944b01000-7f9944b02000 ---p 00000000 00:00 0 
7f9944b02000-7f9944c02000 rwxp 00000000 00:00 0 
7f9944c02000-7f9944c03000 ---p 00000000 00:00 0 
7f9944c03000-7f9944d03000 rwxp 00000000 00:00 0 
7f9944d03000-7f9944d04000 ---p 00000000 00:00 0 
7f9944d04000-7f9944e07000 rwxp 00000000 00:00 0 
7f9944e07000-7f9944eab000 rwxp 00000000 00:00 0 
7f9944eab000-7f9944eb9000 rwxp 00000000 00:00 0 
7f9944eb9000-7f9944ed5000 rwxp 00000000 00:00 0 
7f9944ed5000-7f9944ed8000 rwxp 00000000 00:00 0 
7f9944ed8000-7f9944f7b000 rwxp 00000000 00:00 0 
7f9944f7b000-7f9944f83000 rwxp 00000000 00:00 0 
7f9944f83000-7f9944fcf000 rwxp 00000000 00:00 0 
7f9944fcf000-7f9946b90000 rwxp 00000000 00:00 0 
7f9946b90000-7f994a3d0000 rwxp 00000000 00:00 0 
7f994a3d0000-7f994a9a0000 rwxp 00000000 00:00 0 
7f994a9a0000-7f995f130000 rwxp 00000000 00:00 0 
7f995f130000-7f995fe40000 rwxp 00000000 00:00 0 
7f995fe40000-7f99697d0000 rwxp 00000000 00:00 0 
7f99697d3000-7f99697dd000 rwxp 00000000 00:00 0 
7f99697dd000-7f9969893000 rwxp 00000000 00:00 0 
7f9969893000-7f9969b03000 rwxp 00000000 00:00 0 
7f9969b03000-7f996c893000 rwxp 00000000 00:00 0 
7f996c893000-7f996c8c8000 rwxp 00000000 00:00 0 
7f996c8c8000-7f996d07f000 r-xs 00000000 08:11 20338492                   /pt/s/jruby/jruby-1.5.1/lib/jruby.jar
7f996d07f000-7f996d8db000 r-xs 00000000 08:11 11436210                   /oracle/app/oracle/product/11.2.0/dbhome_1/jdk/jre/lib/charsets.jar
7f996d8db000-7f996d960000 r-xs 00000000 08:11 11436237                   /oracle/app/oracle/product/11.2.0/dbhome_1/jdk/jre/lib/jsse.jar
7f996d960000-7f996ff8b000 r-xs 00000000 08:11 11436243                   /oracle/app/oracle/product/11.2.0/dbhome_1/jdk/jre/lib/rt.jar
7f996ff8b000-7f996ff99000 r-xp 00000000 08:11 11436757                   /oracle/app/oracle/product/11.2.0/dbhome_1/jdk/jre/lib/amd64/libzip.so
7f996ff99000-7f997009b000 ---p 0000e000 08:11 11436757                   /oracle/app/oracle/product/11.2.0/dbhome_1/jdk/jre/lib/amd64/libzip.so
7f997009b000-7f997009f000 rwxp 00010000 08:11 11436757                   /oracle/app/oracle/product/11.2.0/dbhome_1/jdk/jre/lib/amd64/libzip.so
7f997009f000-7f99700c3000 r-xp 00000000 08:11 11436723                   /oracle/app/oracle/product/11.2.0/dbhome_1/jdk/jre/lib/amd64/libjava.so
7f99700c3000-7f99701c3000 ---p 00024000 08:11 11436723                   /oracle/app/oracle/product/11.2.0/dbhome_1/jdk/jre/lib/amd64/libjava.so
7f99701c3000-7f99701c9000 rwxp 00024000 08:11 11436723                   /oracle/app/oracle/product/11.2.0/dbhome_1/jdk/jre/lib/amd64/libjava.so
7f99701c9000-7f99701d6000 r-xp 00000000 08:11 11436755                   /oracle/app/oracle/product/11.2.0/dbhome_1/jdk/jre/lib/amd64/libverify.so
7f99701d6000-7f99702d5000 ---p 0000d000 08:11 11436755                   /oracle/app/oracle/product/11.2.0/dbhome_1/jdk/jre/lib/amd64/libverify.so
7f99702d5000-7f99702d8000 rwxp 0000c000 08:11 11436755                   /oracle/app/oracle/product/11.2.0/dbhome_1/jdk/jre/lib/amd64/libverify.so
7f99702d8000-7f99702e4000 r-xp 00000000 08:11 4365375                    /lib/libnss_files-2.11.1.so
7f99702e4000-7f99704e3000 ---p 0000c000 08:11 4365375                    /lib/libnss_files-2.11.1.so
7f99704e3000-7f99704e4000 r-xp 0000b000 08:11 4365375                    /lib/libnss_files-2.11.1.so
7f99704e4000-7f99704e5000 rwxp 0000c000 08:11 4365375                    /lib/libnss_files-2.11.1.so
7f99704e5000-7f99704ef000 r-xp 00000000 08:11 4365377                    /lib/libnss_nis-2.11.1.so
7f99704ef000-7f99706ee000 ---p 0000a000 08:11 4365377                    /lib/libnss_nis-2.11.1.so
7f99706ee000-7f99706ef000 r-xp 00009000 08:11 4365377                    /lib/libnss_nis-2.11.1.so
7f99706ef000-7f99706f0000 rwxp 0000a000 08:11 4365377                    /lib/libnss_nis-2.11.1.so
7f99706f0000-7f99706f8000 r-xp 00000000 08:11 4365373                    /lib/libnss_compat-2.11.1.so
7f99706f8000-7f99708f7000 ---p 00008000 08:11 4365373                    /lib/libnss_compat-2.11.1.so
7f99708f7000-7f99708f8000 r-xp 00007000 08:11 4365373                    /lib/libnss_compat-2.11.1.so
7f99708f8000-7f99708f9000 rwxp 00008000 08:11 4365373                    /lib/libnss_compat-2.11.1.so
7f99708f9000-7f9970910000 r-xp 00000000 08:11 4365372                    /lib/libnsl-2.11.1.so
7f9970910000-7f9970b0f000 ---p 00017000 08:11 4365372                    /lib/libnsl-2.11.1.so
7f9970b0f000-7f9970b10000 r-xp 00016000 08:11 4365372                    /lib/libnsl-2.11.1.so
7f9970b10000-7f9970b11000 rwxp 00017000 08:11 4365372                    /lib/libnsl-2.11.1.so
7f9970b11000-7f9970b13000 rwxp 00000000 00:00 0 
7f9970b13000-7f9970b95000 r-xp 00000000 08:11 4365370                    /lib/libm-2.11.1.so
7f9970b95000-7f9970d94000 ---p 00082000 08:11 4365370                    /lib/libm-2.11.1.so
7f9970d94000-7f9970d95000 r-xp 00081000 08:11 4365370                    /lib/libm-2.11.1.so
7f9970d95000-7f9970d96000 rwxp 00082000 08:11 4365370                    /lib/libm-2.11.1.so
7f9970d96000-7f997146e000 r-xp 00000000 08:11 11436764                   /oracle/app/oracle/product/11.2.0/dbhome_1/jdk/jre/lib/amd64/server/libjvm.so
7f997146e000-7f997156e000 ---p 006d8000 08:11 11436764                   /oracle/app/oracle/product/11.2.0/dbhome_1/jdk/jre/lib/amd64/server/libjvm.so
7f997156e000-7f99716e9000 rwxp 006d8000 08:11 11436764                   /oracle/app/oracle/product/11.2.0/dbhome_1/jdk/jre/lib/amd64/server/libjvm.so
7f99716e9000-7f9971719000 rwxp 00000000 00:00 0 
7f9971719000-7f9971893000 r-xp 00000000 08:11 4365366                    /lib/libc-2.11.1.so
7f9971893000-7f9971a92000 ---p 0017a000 08:11 4365366                    /lib/libc-2.11.1.so
7f9971a92000-7f9971a96000 r-xp 00179000 08:11 4365366                    /lib/libc-2.11.1.so
7f9971a96000-7f9971a97000 rwxp 0017d000 08:11 4365366                    /lib/libc-2.11.1.so
7f9971a97000-7f9971a9c000 rwxp 00000000 00:00 0 
7f9971a9c000-7f9971a9e000 r-xp 00000000 08:11 4365369                    /lib/libdl-2.11.1.so
7f9971a9e000-7f9971c9e000 ---p 00002000 08:11 4365369                    /lib/libdl-2.11.1.so
7f9971c9e000-7f9971c9f000 r-xp 00002000 08:11 4365369                    /lib/libdl-2.11.1.so
7f9971c9f000-7f9971ca0000 rwxp 00003000 08:11 4365369                    /lib/libdl-2.11.1.so
7f9971ca0000-7f9971cb8000 r-xp 00000000 08:11 4365380                    /lib/libpthread-2.11.1.so
7f9971cb8000-7f9971eb7000 ---p 00018000 08:11 4365380                    /lib/libpthread-2.11.1.so
7f9971eb7000-7f9971eb8000 r-xp 00017000 08:11 4365380                    /lib/libpthread-2.11.1.so
7f9971eb8000-7f9971eb9000 rwxp 00018000 08:11 4365380                    /lib/libpthread-2.11.1.so
7f9971eb9000-7f9971ebd000 rwxp 00000000 00:00 0 
7f9971ebd000-7f9971edd000 r-xp 00000000 08:11 4365363                    /lib/ld-2.11.1.so
7f9971ee5000-7f9971eec000 r-xs 00000000 08:11 8931980                    /usr/lib/gconv/gconv-modules.cache
7f9971eec000-7f9971f22000 rwxp 00000000 00:00 0 
7f9971f22000-7f9971f3e000 rwxp 00000000 00:00 0 
7f9971f3e000-7f9971f53000 r-xs 00000000 08:11 11436236                   /oracle/app/oracle/product/11.2.0/dbhome_1/jdk/jre/lib/jce.jar
7f9971f53000-7f9971fbc000 rwxp 00000000 00:00 0 
7f9971fbc000-7f9971fc3000 r-xp 00000000 08:11 11436770                   /oracle/app/oracle/product/11.2.0/dbhome_1/jdk/jre/lib/amd64/native_threads/libhpi.so
7f9971fc3000-7f99720c4000 ---p 00007000 08:11 11436770                   /oracle/app/oracle/product/11.2.0/dbhome_1/jdk/jre/lib/amd64/native_threads/libhpi.so
7f99720c4000-7f99720c7000 rwxp 00008000 08:11 11436770                   /oracle/app/oracle/product/11.2.0/dbhome_1/jdk/jre/lib/amd64/native_threads/libhpi.so
7f99720c7000-7f99720cb000 rwxp 00000000 00:00 0 
7f99720cd000-7f99720d0000 r-xs 00000000 08:11 11436694                   /oracle/app/oracle/product/11.2.0/dbhome_1/jdk/jre/lib/ext/dnsns.jar
7f99720d0000-7f99720d8000 rwxs 00000000 08:11 2621483                    /tmp/hsperfdata_oracle/18270
7f99720d8000-7f99720d9000 rwxp 00000000 00:00 0 
7f99720d9000-7f99720da000 r-xp 00000000 00:00 0 
7f99720da000-7f99720dc000 rwxp 00000000 00:00 0 
7f99720dc000-7f99720dd000 r-xp 0001f000 08:11 4365363                    /lib/ld-2.11.1.so
7f99720dd000-7f99720de000 rwxp 00020000 08:11 4365363                    /lib/ld-2.11.1.so
7f99720de000-7f99720df000 rwxp 00000000 00:00 0 
7fff6b951000-7fff6b954000 ---p 00000000 00:00 0 
7fff6b955000-7fff6ba51000 rwxp 00000000 00:00 0                          [stack]
7fff6bbd5000-7fff6bbd6000 r-xp 00000000 00:00 0                          [vdso]
ffffffffff600000-ffffffffff601000 r-xp 00000000 00:00 0                  [vsyscall]

VM Arguments:
jvm_args: -Djruby.memory.max=500m -Djruby.stack.max=1024k -Xmx500m -Xss1024k -Djffi.boot.library.path=/pt/s/jruby151/lib/native/i386-Linux:/pt/s/jruby151/lib/native/ppc-Linux:/pt/s/jruby151/lib/native/x86_64-Linux -Xbootclasspath/a:/pt/s/jruby151/lib/jruby.jar -Djruby.home=/pt/s/jruby151 -Djruby.lib=/pt/s/jruby151/lib -Djruby.script=jruby -Djruby.shell=/bin/sh
java_command: org.jruby.Main req_hdata_1D.rb USD CHF
Launcher Type: SUN_STANDARD

Environment Variables:
JAVA_HOME=/oracle/app/oracle/product/11.2.0/dbhome_1/jdk
PATH=/oracle/app/oracle/product/11.2.0/dbhome_1/bin:/pt/s/jruby151/bin:/pt/s/jruby151/bin:/oracle/app/oracle/product/11.2.0/dbhome_1/bin:/pt/s/jruby151/bin:/oracle/app/oracle/product/11.2.0/dbhome_1/bin:/oracle/.rvm/gems/ruby-1.9.2-head@gs1/bin:/oracle/.rvm/gems/ruby-1.9.2-head@global/bin:/oracle/.rvm/rubies/ruby-1.9.2-head/bin:/oracle/.rvm/bin:/pt/z/bin:/pt/z/bin:/bin:/usr/bin:/usr/local/sbin:/usr/local/bin:/usr/sbin:/sbin:/usr/X11R6/bin:/oracle/app/oracle/product/11.2.0/dbhome_1/bin:/oracle/bin:.:/oracle/app/oracle/product/11.2.0/dbhome_1/jdk/bin:/oracle/vlsql/bin:/pt/s/bin:/oracle/app/oracle/product/11.2.0/dbhome_1/jdk/bin:/pt/s/bin:/oracle/app/oracle/product/11.2.0/dbhome_1/jdk/bin:/oracle/app/oracle/product/11.2.0/dbhome_1/jdk/bin:/pt/s/bin
USERNAME=oracle
LD_LIBRARY_PATH=/oracle/app/oracle/product/11.2.0/dbhome_1/jdk/jre/lib/amd64/server:/oracle/app/oracle/product/11.2.0/dbhome_1/jdk/jre/lib/amd64:/oracle/app/oracle/product/11.2.0/dbhome_1/jdk/jre/../lib/amd64:/oracle/app/oracle/product/11.2.0/dbhome_1/lib
SHELL=/bin/bash
DISPLAY=:0.0

Signal Handlers:
SIGSEGV: [libjvm.so+0x663290], sa_mask[0]=0x7ffbfeff, sa_flags=0x14000004
SIGBUS: [libjvm.so+0x663290], sa_mask[0]=0x7ffbfeff, sa_flags=0x14000004
SIGFPE: [libjvm.so+0x569f00], sa_mask[0]=0x7ffbfeff, sa_flags=0x14000004
SIGPIPE: [libjvm.so+0x569f00], sa_mask[0]=0x7ffbfeff, sa_flags=0x14000004
SIGILL: [libjvm.so+0x569f00], sa_mask[0]=0x7ffbfeff, sa_flags=0x14000004
SIGUSR1: SIG_DFL, sa_mask[0]=0x00000000, sa_flags=0x00000000
SIGUSR2: [libjvm.so+0x56bdb0], sa_mask[0]=0x00000000, sa_flags=0x14000004
SIGHUP: [libjvm.so+0x56b880], sa_mask[0]=0x7ffbfeff, sa_flags=0x14000004
SIGINT: [libjvm.so+0x56b880], sa_mask[0]=0x7ffbfeff, sa_flags=0x14000004
SIGQUIT: [libjvm.so+0x56b880], sa_mask[0]=0x7ffbfeff, sa_flags=0x14000004
SIGTERM: [libjvm.so+0x56b880], sa_mask[0]=0x7ffbfeff, sa_flags=0x14000004


---------------  S Y S T E M  ---------------

OS:squeeze/sid

uname:Linux 2.6.32-24-generic #43-Ubuntu SMP Thu Sep 16 14:58:24 UTC 2010 x86_64
libc:glibc 2.11.1 NPTL 2.11.1 
rlimit: STACK 8515k, CORE 0k, NPROC 2047, NOFILE 65535, AS infinity
load average:0.87 1.18 1.21

CPU:total 2 amd64 3dnow ht

Memory: 4k page, physical 2959792k(203596k free), swap 8669176k(7890432k free)

vm_info: Java HotSpot(TM) 64-Bit Server VM (1.5.0_17-b03) for linux-amd64, built on Oct 22 2008 00:36:51 by java_re with gcc 3.2.2 (SuSE Linux)

