#
# An unexpected error has been detected by HotSpot Virtual Machine:
#
#  SIGSEGV (0xb) at pc=0x00007fbf72066a2f, pid=11354, tid=140459480635136
#
# Java VM: Java HotSpot(TM) 64-Bit Server VM (1.5.0_17-b03 mixed mode)
# Problematic frame:
# V  [libjvm.so+0x256a2f]
#

---------------  T H R E A D  ---------------

Current thread (0x00000000403f1b70):  JavaThread "CompilerThread0" daemon [_thread_in_native, id=11367]

siginfo:si_signo=11, si_errno=0, si_code=1, si_addr=0x0000000000000000

Registers:
RAX=0x00007fbf40253180, RBX=0x00000000403642a0, RCX=0x00007fbf40252e58, RDX=0x000000000000001c
RSP=0x00007fbf4572ab80, RBP=0x00007fbf4572ac00, RSI=0x0000000000000049, RDI=0x0000000000001000
R8 =0x00007fbf40399b70, R9 =0x0000000000000001, R10=0x00007fbf40252d82, R11=0x00007fbf7277b020
R12=0x000000000000004c, R13=0x000000000000004c, R14=0x0000000000000000, R15=0x000000004085a340
RIP=0x00007fbf72066a2f, EFL=0x0000000000010206, CSGSFS=0x0000000000000033, ERR=0x0000000000000004
  TRAPNO=0x000000000000000e

Top of Stack: (sp=0x00007fbf4572ab80)
0x00007fbf4572ab80:   00007fbf7267c060 00007fbf4572abd0
0x00007fbf4572ab90:   00007fbf4044a600 0000000000000000
0x00007fbf4572aba0:   000000004085a340 00007fbf407e03a0
0x00007fbf4572abb0:   0000001c00000008 00007fbf40399b70
0x00007fbf4572abc0:   00007fbf4572b0b0 0000006472111196
0x00007fbf4572abd0:   00007fbf40253180 000000004085a340
0x00007fbf4572abe0:   000000004085a340 00007fbf40253180
0x00007fbf4572abf0:   00007fbf725f4310 00007fbf725f4310
0x00007fbf4572ac00:   00007fbf4572ac60 00007fbf7206676a
0x00007fbf4572ac10:   00000000403f1e30 0000000700000011
0x00007fbf4572ac20:   00007fbf40395900 000000644027a820
0x00007fbf4572ac30:   00007fbf4572b0b0 00007fbf4572ba70
0x00007fbf4572ac40:   0000000000000000 00007fbf40253180
0x00007fbf4572ac50:   00000000405b7600 00007fbf4039c090
0x00007fbf4572ac60:   00007fbf4572ad60 00007fbf72067055
0x00007fbf4572ac70:   00000000405b7288 00000000405b5938
0x00007fbf4572ac80:   0000000000000000 00007fbf40395900
0x00007fbf4572ac90:   0000000000000064 00007fbf4572acc0
0x00007fbf4572aca0:   00000000403f1e30 000000646a96be40
0x00007fbf4572acb0:   00007fbf4572ace0 00007fbf4572ba70
0x00007fbf4572acc0:   00007fbf00000100 00000000406c7c20
0x00007fbf4572acd0:   00000000403f1e30 00007fbf00000007
0x00007fbf4572ace0:   0000000000000000 00007fbf00000001
0x00007fbf4572acf0:   0000000000000000 00000000403f1b70
0x00007fbf4572ad00:   00007fbf00000000 00007fbf720928ef
0x00007fbf4572ad10:   00000000403028b0 0000000000000000
0x00007fbf4572ad20:   0000000000000000 00007fbf4049b748
0x00007fbf4572ad30:   00007fbf4049b748 0000000040854280
0x00007fbf4572ad40:   00007fbf725f0cb0 00000000404f96f8
0x00007fbf4572ad50:   00000000404f9700 0000000000000186
0x00007fbf4572ad60:   00007fbf4572aff0 00007fbf7237f0e8
0x00007fbf4572ad70:   00007fbf4572ada0 00007fbf4049b748 

Instructions: (pc=0x00007fbf72066a2f)
0x00007fbf72066a1f:   90 48 8b 45 d0 4d 63 ec 48 8b 48 08 4e 8b 34 e9
0x00007fbf72066a2f:   49 8b 1e 4c 89 f7 ff 93 80 01 00 00 48 89 c7 48 

Stack: [0x00007fbf4562d000,0x00007fbf4572e000),  sp=0x00007fbf4572ab80,  free space=1014k
Native frames: (J=compiled Java code, j=interpreted, Vv=VM code, C=native code)
V  [libjvm.so+0x256a2f]
V  [libjvm.so+0x25676a]
V  [libjvm.so+0x257055]
V  [libjvm.so+0x56f0e8]
V  [libjvm.so+0x2bd893]
V  [libjvm.so+0x2b9a79]
V  [libjvm.so+0x262027]
V  [libjvm.so+0x2c2056]
V  [libjvm.so+0x2c1a02]
V  [libjvm.so+0x62eb49]
V  [libjvm.so+0x6292ce]
V  [libjvm.so+0x56b5e5]


Current CompileTask:
opto: 61  !   org.jruby.RubyClass.invalidateCacheDescendants()V (71 bytes)


---------------  P R O C E S S  ---------------

Java Threads: ( => current thread )
  0x00007fbf400025c0 JavaThread "Low Memory Detector" daemon [_thread_blocked, id=11369]
  0x00007fbf40000b60 JavaThread "CompilerThread1" daemon [_thread_in_native, id=11368]
=>0x00000000403f1b70 JavaThread "CompilerThread0" daemon [_thread_in_native, id=11367]
  0x00000000403f07a0 JavaThread "AdapterThread" daemon [_thread_blocked, id=11366]
  0x00000000403ef3c0 JavaThread "Signal Dispatcher" daemon [_thread_blocked, id=11365]
  0x00000000403da5e0 JavaThread "Finalizer" daemon [_thread_blocked, id=11364]
  0x00000000403d9af0 JavaThread "Reference Handler" daemon [_thread_blocked, id=11363]
  0x0000000040307840 JavaThread "main" [_thread_in_Java, id=11354]

Other Threads:
  0x00000000403d55e0 VMThread [id=11362]
  0x00007fbf40004fa0 WatcherThread [id=11370]

VM state:not at safepoint (normal execution)

VM Mutex/Monitor currently owned by a thread: None

Heap
 PSYoungGen      total 7936K, used 6781K [0x00007fbf601a0000, 0x00007fbf60a30000, 0x00007fbf6a840000)
  eden space 7424K, 84% used [0x00007fbf601a0000,0x00007fbf607bf668,0x00007fbf608e0000)
  from space 512K, 100% used [0x00007fbf60960000,0x00007fbf609e0000,0x00007fbf609e0000)
  to   space 512K, 0% used [0x00007fbf608e0000,0x00007fbf608e0000,0x00007fbf60960000)
 PSOldGen        total 6016K, used 3682K [0x00007fbf4b440000, 0x00007fbf4ba20000, 0x00007fbf601a0000)
  object space 6016K, 61% used [0x00007fbf4b440000,0x00007fbf4b7d88a0,0x00007fbf4ba20000)
 PSPermGen       total 28608K, used 18059K [0x00007fbf46040000, 0x00007fbf47c30000, 0x00007fbf4b440000)
  object space 28608K, 63% used [0x00007fbf46040000,0x00007fbf471e2c60,0x00007fbf47c30000)

Dynamic libraries:
40000000-4000e000 r-xp 00000000 08:11 11436132                           /oracle/app/oracle/product/11.2.0/dbhome_1/jdk/bin/java
4010d000-40110000 rwxp 0000d000 08:11 11436132                           /oracle/app/oracle/product/11.2.0/dbhome_1/jdk/bin/java
40301000-40fbf000 rwxp 00000000 00:00 0                                  [heap]
7fbf40000000-7fbf409d0000 rwxp 00000000 00:00 0 
7fbf409d0000-7fbf44000000 ---p 00000000 00:00 0 
7fbf44ba0000-7fbf44bad000 r-xp 00000000 08:11 23489778                   /pt/s/jruby/jruby-1.5.1/lib/native/x86_64-Linux/libjffi-1.0.so
7fbf44bad000-7fbf44cad000 ---p 0000d000 08:11 23489778                   /pt/s/jruby/jruby-1.5.1/lib/native/x86_64-Linux/libjffi-1.0.so
7fbf44cad000-7fbf44cae000 rwxp 0000d000 08:11 23489778                   /pt/s/jruby/jruby-1.5.1/lib/native/x86_64-Linux/libjffi-1.0.so
7fbf44cae000-7fbf44cd7000 r-xs 00000000 08:11 26364158                   /pt/s/jruby/jruby-1.5.1/lib/ruby/site_ruby/shared/yecht.jar
7fbf44cd7000-7fbf44cf6000 r-xs 00000000 08:11 20338495                   /pt/s/jruby/jruby-1.5.1/lib/profile.jar
7fbf44cf6000-7fbf44dbc000 r-xs 00000000 08:11 11403553                   /oracle/app/oracle/product/11.2.0/dbhome_1/jdk/jre/lib/ext/localedata.jar
7fbf44dbc000-7fbf44de7000 r-xs 00000000 08:11 11436696                   /oracle/app/oracle/product/11.2.0/dbhome_1/jdk/jre/lib/ext/sunpkcs11.jar
7fbf44de7000-7fbf44e0e000 r-xs 00000000 08:11 11436695                   /oracle/app/oracle/product/11.2.0/dbhome_1/jdk/jre/lib/ext/sunjce_provider.jar
7fbf44e0e000-7fbf44e15000 r-xp 00000000 08:11 11436747                   /oracle/app/oracle/product/11.2.0/dbhome_1/jdk/jre/lib/amd64/libnio.so
7fbf44e15000-7fbf44f14000 ---p 00007000 08:11 11436747                   /oracle/app/oracle/product/11.2.0/dbhome_1/jdk/jre/lib/amd64/libnio.so
7fbf44f14000-7fbf44f16000 rwxp 00006000 08:11 11436747                   /oracle/app/oracle/product/11.2.0/dbhome_1/jdk/jre/lib/amd64/libnio.so
7fbf44f16000-7fbf45216000 rwxp 00000000 00:00 0 
7fbf45216000-7fbf45228000 r-xp 00000000 08:11 11436745                   /oracle/app/oracle/product/11.2.0/dbhome_1/jdk/jre/lib/amd64/libnet.so
7fbf45228000-7fbf45327000 ---p 00012000 08:11 11436745                   /oracle/app/oracle/product/11.2.0/dbhome_1/jdk/jre/lib/amd64/libnet.so
7fbf45327000-7fbf4532a000 rwxp 00011000 08:11 11436745                   /oracle/app/oracle/product/11.2.0/dbhome_1/jdk/jre/lib/amd64/libnet.so
7fbf4532a000-7fbf4532b000 ---p 00000000 00:00 0 
7fbf4532b000-7fbf4542b000 rwxp 00000000 00:00 0 
7fbf4542b000-7fbf4542e000 ---p 00000000 00:00 0 
7fbf4542e000-7fbf4552c000 rwxp 00000000 00:00 0 
7fbf4552c000-7fbf4552f000 ---p 00000000 00:00 0 
7fbf4552f000-7fbf4562d000 rwxp 00000000 00:00 0 
7fbf4562d000-7fbf45630000 ---p 00000000 00:00 0 
7fbf45630000-7fbf4572e000 rwxp 00000000 00:00 0 
7fbf4572e000-7fbf45731000 ---p 00000000 00:00 0 
7fbf45731000-7fbf4582f000 rwxp 00000000 00:00 0 
7fbf4582f000-7fbf45832000 ---p 00000000 00:00 0 
7fbf45832000-7fbf45930000 rwxp 00000000 00:00 0 
7fbf45930000-7fbf4596f000 r-xp 00000000 08:11 8920626                    /usr/lib/locale/en_US.utf8/LC_CTYPE
7fbf4596f000-7fbf45972000 ---p 00000000 00:00 0 
7fbf45972000-7fbf45a70000 rwxp 00000000 00:00 0 
7fbf45a70000-7fbf45a73000 ---p 00000000 00:00 0 
7fbf45a73000-7fbf45b71000 rwxp 00000000 00:00 0 
7fbf45b71000-7fbf45b72000 ---p 00000000 00:00 0 
7fbf45b72000-7fbf45c72000 rwxp 00000000 00:00 0 
7fbf45c72000-7fbf45c73000 ---p 00000000 00:00 0 
7fbf45c73000-7fbf45d73000 rwxp 00000000 00:00 0 
7fbf45d73000-7fbf45d74000 ---p 00000000 00:00 0 
7fbf45d74000-7fbf45e77000 rwxp 00000000 00:00 0 
7fbf45e77000-7fbf45f1b000 rwxp 00000000 00:00 0 
7fbf45f1b000-7fbf45f29000 rwxp 00000000 00:00 0 
7fbf45f29000-7fbf45f45000 rwxp 00000000 00:00 0 
7fbf45f45000-7fbf45f48000 rwxp 00000000 00:00 0 
7fbf45f48000-7fbf45feb000 rwxp 00000000 00:00 0 
7fbf45feb000-7fbf45ff0000 rwxp 00000000 00:00 0 
7fbf45ff0000-7fbf4603f000 rwxp 00000000 00:00 0 
7fbf4603f000-7fbf47c30000 rwxp 00000000 00:00 0 
7fbf47c30000-7fbf4b440000 rwxp 00000000 00:00 0 
7fbf4b440000-7fbf4ba20000 rwxp 00000000 00:00 0 
7fbf4ba20000-7fbf601a0000 rwxp 00000000 00:00 0 
7fbf601a0000-7fbf60a30000 rwxp 00000000 00:00 0 
7fbf60a30000-7fbf6a840000 rwxp 00000000 00:00 0 
7fbf6a84d000-7fbf6a857000 rwxp 00000000 00:00 0 
7fbf6a857000-7fbf6a90d000 rwxp 00000000 00:00 0 
7fbf6a90d000-7fbf6ab7d000 rwxp 00000000 00:00 0 
7fbf6ab7d000-7fbf6d90d000 rwxp 00000000 00:00 0 
7fbf6d90d000-7fbf6d942000 rwxp 00000000 00:00 0 
7fbf6d942000-7fbf6e0f9000 r-xs 00000000 08:11 20338492                   /pt/s/jruby/jruby-1.5.1/lib/jruby.jar
7fbf6e0f9000-7fbf6e955000 r-xs 00000000 08:11 11436210                   /oracle/app/oracle/product/11.2.0/dbhome_1/jdk/jre/lib/charsets.jar
7fbf6e955000-7fbf6e9da000 r-xs 00000000 08:11 11436237                   /oracle/app/oracle/product/11.2.0/dbhome_1/jdk/jre/lib/jsse.jar
7fbf6e9da000-7fbf71005000 r-xs 00000000 08:11 11436243                   /oracle/app/oracle/product/11.2.0/dbhome_1/jdk/jre/lib/rt.jar
7fbf71005000-7fbf71013000 r-xp 00000000 08:11 11436757                   /oracle/app/oracle/product/11.2.0/dbhome_1/jdk/jre/lib/amd64/libzip.so
7fbf71013000-7fbf71115000 ---p 0000e000 08:11 11436757                   /oracle/app/oracle/product/11.2.0/dbhome_1/jdk/jre/lib/amd64/libzip.so
7fbf71115000-7fbf71119000 rwxp 00010000 08:11 11436757                   /oracle/app/oracle/product/11.2.0/dbhome_1/jdk/jre/lib/amd64/libzip.so
7fbf71119000-7fbf7113d000 r-xp 00000000 08:11 11436723                   /oracle/app/oracle/product/11.2.0/dbhome_1/jdk/jre/lib/amd64/libjava.so
7fbf7113d000-7fbf7123d000 ---p 00024000 08:11 11436723                   /oracle/app/oracle/product/11.2.0/dbhome_1/jdk/jre/lib/amd64/libjava.so
7fbf7123d000-7fbf71243000 rwxp 00024000 08:11 11436723                   /oracle/app/oracle/product/11.2.0/dbhome_1/jdk/jre/lib/amd64/libjava.so
7fbf71243000-7fbf71250000 r-xp 00000000 08:11 11436755                   /oracle/app/oracle/product/11.2.0/dbhome_1/jdk/jre/lib/amd64/libverify.so
7fbf71250000-7fbf7134f000 ---p 0000d000 08:11 11436755                   /oracle/app/oracle/product/11.2.0/dbhome_1/jdk/jre/lib/amd64/libverify.so
7fbf7134f000-7fbf71352000 rwxp 0000c000 08:11 11436755                   /oracle/app/oracle/product/11.2.0/dbhome_1/jdk/jre/lib/amd64/libverify.so
7fbf71352000-7fbf7135e000 r-xp 00000000 08:11 4365375                    /lib/libnss_files-2.11.1.so
7fbf7135e000-7fbf7155d000 ---p 0000c000 08:11 4365375                    /lib/libnss_files-2.11.1.so
7fbf7155d000-7fbf7155e000 r-xp 0000b000 08:11 4365375                    /lib/libnss_files-2.11.1.so
7fbf7155e000-7fbf7155f000 rwxp 0000c000 08:11 4365375                    /lib/libnss_files-2.11.1.so
7fbf7155f000-7fbf71569000 r-xp 00000000 08:11 4365377                    /lib/libnss_nis-2.11.1.so
7fbf71569000-7fbf71768000 ---p 0000a000 08:11 4365377                    /lib/libnss_nis-2.11.1.so
7fbf71768000-7fbf71769000 r-xp 00009000 08:11 4365377                    /lib/libnss_nis-2.11.1.so
7fbf71769000-7fbf7176a000 rwxp 0000a000 08:11 4365377                    /lib/libnss_nis-2.11.1.so
7fbf7176a000-7fbf71772000 r-xp 00000000 08:11 4365373                    /lib/libnss_compat-2.11.1.so
7fbf71772000-7fbf71971000 ---p 00008000 08:11 4365373                    /lib/libnss_compat-2.11.1.so
7fbf71971000-7fbf71972000 r-xp 00007000 08:11 4365373                    /lib/libnss_compat-2.11.1.so
7fbf71972000-7fbf71973000 rwxp 00008000 08:11 4365373                    /lib/libnss_compat-2.11.1.so
7fbf71973000-7fbf7198a000 r-xp 00000000 08:11 4365372                    /lib/libnsl-2.11.1.so
7fbf7198a000-7fbf71b89000 ---p 00017000 08:11 4365372                    /lib/libnsl-2.11.1.so
7fbf71b89000-7fbf71b8a000 r-xp 00016000 08:11 4365372                    /lib/libnsl-2.11.1.so
7fbf71b8a000-7fbf71b8b000 rwxp 00017000 08:11 4365372                    /lib/libnsl-2.11.1.so
7fbf71b8b000-7fbf71b8d000 rwxp 00000000 00:00 0 
7fbf71b8d000-7fbf71c0f000 r-xp 00000000 08:11 4365370                    /lib/libm-2.11.1.so
7fbf71c0f000-7fbf71e0e000 ---p 00082000 08:11 4365370                    /lib/libm-2.11.1.so
7fbf71e0e000-7fbf71e0f000 r-xp 00081000 08:11 4365370                    /lib/libm-2.11.1.so
7fbf71e0f000-7fbf71e10000 rwxp 00082000 08:11 4365370                    /lib/libm-2.11.1.so
7fbf71e10000-7fbf724e8000 r-xp 00000000 08:11 11436764                   /oracle/app/oracle/product/11.2.0/dbhome_1/jdk/jre/lib/amd64/server/libjvm.so
7fbf724e8000-7fbf725e8000 ---p 006d8000 08:11 11436764                   /oracle/app/oracle/product/11.2.0/dbhome_1/jdk/jre/lib/amd64/server/libjvm.so
7fbf725e8000-7fbf72763000 rwxp 006d8000 08:11 11436764                   /oracle/app/oracle/product/11.2.0/dbhome_1/jdk/jre/lib/amd64/server/libjvm.so
7fbf72763000-7fbf72793000 rwxp 00000000 00:00 0 
7fbf72793000-7fbf7290d000 r-xp 00000000 08:11 4365366                    /lib/libc-2.11.1.so
7fbf7290d000-7fbf72b0c000 ---p 0017a000 08:11 4365366                    /lib/libc-2.11.1.so
7fbf72b0c000-7fbf72b10000 r-xp 00179000 08:11 4365366                    /lib/libc-2.11.1.so
7fbf72b10000-7fbf72b11000 rwxp 0017d000 08:11 4365366                    /lib/libc-2.11.1.so
7fbf72b11000-7fbf72b16000 rwxp 00000000 00:00 0 
7fbf72b16000-7fbf72b18000 r-xp 00000000 08:11 4365369                    /lib/libdl-2.11.1.so
7fbf72b18000-7fbf72d18000 ---p 00002000 08:11 4365369                    /lib/libdl-2.11.1.so
7fbf72d18000-7fbf72d19000 r-xp 00002000 08:11 4365369                    /lib/libdl-2.11.1.so
7fbf72d19000-7fbf72d1a000 rwxp 00003000 08:11 4365369                    /lib/libdl-2.11.1.so
7fbf72d1a000-7fbf72d32000 r-xp 00000000 08:11 4365380                    /lib/libpthread-2.11.1.so
7fbf72d32000-7fbf72f31000 ---p 00018000 08:11 4365380                    /lib/libpthread-2.11.1.so
7fbf72f31000-7fbf72f32000 r-xp 00017000 08:11 4365380                    /lib/libpthread-2.11.1.so
7fbf72f32000-7fbf72f33000 rwxp 00018000 08:11 4365380                    /lib/libpthread-2.11.1.so
7fbf72f33000-7fbf72f37000 rwxp 00000000 00:00 0 
7fbf72f37000-7fbf72f57000 r-xp 00000000 08:11 4365363                    /lib/ld-2.11.1.so
7fbf72f5f000-7fbf72f66000 r-xs 00000000 08:11 8931980                    /usr/lib/gconv/gconv-modules.cache
7fbf72f66000-7fbf72f9c000 rwxp 00000000 00:00 0 
7fbf72f9c000-7fbf72fb8000 rwxp 00000000 00:00 0 
7fbf72fb8000-7fbf72fcd000 r-xs 00000000 08:11 11436236                   /oracle/app/oracle/product/11.2.0/dbhome_1/jdk/jre/lib/jce.jar
7fbf72fcd000-7fbf73036000 rwxp 00000000 00:00 0 
7fbf73036000-7fbf7303d000 r-xp 00000000 08:11 11436770                   /oracle/app/oracle/product/11.2.0/dbhome_1/jdk/jre/lib/amd64/native_threads/libhpi.so
7fbf7303d000-7fbf7313e000 ---p 00007000 08:11 11436770                   /oracle/app/oracle/product/11.2.0/dbhome_1/jdk/jre/lib/amd64/native_threads/libhpi.so
7fbf7313e000-7fbf73141000 rwxp 00008000 08:11 11436770                   /oracle/app/oracle/product/11.2.0/dbhome_1/jdk/jre/lib/amd64/native_threads/libhpi.so
7fbf73141000-7fbf73145000 rwxp 00000000 00:00 0 
7fbf73147000-7fbf7314a000 r-xs 00000000 08:11 11436694                   /oracle/app/oracle/product/11.2.0/dbhome_1/jdk/jre/lib/ext/dnsns.jar
7fbf7314a000-7fbf73152000 rwxs 00000000 08:11 2629483                    /tmp/hsperfdata_oracle/11354
7fbf73152000-7fbf73153000 rwxp 00000000 00:00 0 
7fbf73153000-7fbf73154000 r-xp 00000000 00:00 0 
7fbf73154000-7fbf73156000 rwxp 00000000 00:00 0 
7fbf73156000-7fbf73157000 r-xp 0001f000 08:11 4365363                    /lib/ld-2.11.1.so
7fbf73157000-7fbf73158000 rwxp 00020000 08:11 4365363                    /lib/ld-2.11.1.so
7fbf73158000-7fbf73159000 rwxp 00000000 00:00 0 
7fff2ac0e000-7fff2ac11000 ---p 00000000 00:00 0 
7fff2ac12000-7fff2ad0e000 rwxp 00000000 00:00 0                          [stack]
7fff2adff000-7fff2ae00000 r-xp 00000000 00:00 0                          [vdso]
ffffffffff600000-ffffffffff601000 r-xp 00000000 00:00 0                  [vsyscall]

VM Arguments:
jvm_args: -Djruby.memory.max=500m -Djruby.stack.max=1024k -Xmx500m -Xss1024k -Djffi.boot.library.path=/pt/s/jruby151/lib/native/i386-Linux:/pt/s/jruby151/lib/native/ppc-Linux:/pt/s/jruby151/lib/native/x86_64-Linux -Xbootclasspath/a:/pt/s/jruby151/lib/jruby.jar -Djruby.home=/pt/s/jruby151 -Djruby.lib=/pt/s/jruby151/lib -Djruby.script=jruby -Djruby.shell=/bin/sh
java_command: org.jruby.Main req_hdata_1D.rb USD CHF
Launcher Type: SUN_STANDARD

Environment Variables:
JAVA_HOME=/oracle/app/oracle/product/11.2.0/dbhome_1/jdk
PATH=/oracle/app/oracle/product/11.2.0/dbhome_1/bin:/pt/s/jruby151/bin:/pt/s/jruby151/bin:/oracle/app/oracle/product/11.2.0/dbhome_1/bin:/pt/s/jruby151/bin:/oracle/app/oracle/product/11.2.0/dbhome_1/bin:/pt/z/bin:/pt/z/bin:/bin:/usr/bin:/usr/local/sbin:/usr/local/bin:/usr/sbin:/sbin:/usr/X11R6/bin:/oracle/app/oracle/product/11.2.0/dbhome_1/bin:/oracle/bin:.:/oracle/app/oracle/product/11.2.0/dbhome_1/jdk/bin:/oracle/vlsql/bin:/pt/s/bin:/oracle/app/oracle/product/11.2.0/dbhome_1/jdk/bin:/pt/s/bin:/oracle/app/oracle/product/11.2.0/dbhome_1/jdk/bin:/oracle/app/oracle/product/11.2.0/dbhome_1/jdk/bin:/pt/s/bin
USERNAME=oracle
LD_LIBRARY_PATH=/oracle/app/oracle/product/11.2.0/dbhome_1/jdk/jre/lib/amd64/server:/oracle/app/oracle/product/11.2.0/dbhome_1/jdk/jre/lib/amd64:/oracle/app/oracle/product/11.2.0/dbhome_1/jdk/jre/../lib/amd64:/oracle/app/oracle/product/11.2.0/dbhome_1/lib
SHELL=/bin/bash
DISPLAY=:0.0

Signal Handlers:
SIGSEGV: [libjvm.so+0x663290], sa_mask[0]=0x7ffbfeff, sa_flags=0x14000004
SIGBUS: [libjvm.so+0x663290], sa_mask[0]=0x7ffbfeff, sa_flags=0x14000004
SIGFPE: [libjvm.so+0x569f00], sa_mask[0]=0x7ffbfeff, sa_flags=0x14000004
SIGPIPE: [libjvm.so+0x569f00], sa_mask[0]=0x7ffbfeff, sa_flags=0x14000004
SIGILL: [libjvm.so+0x569f00], sa_mask[0]=0x7ffbfeff, sa_flags=0x14000004
SIGUSR1: SIG_DFL, sa_mask[0]=0x00000000, sa_flags=0x00000000
SIGUSR2: [libjvm.so+0x56bdb0], sa_mask[0]=0x00000000, sa_flags=0x14000004
SIGHUP: [libjvm.so+0x56b880], sa_mask[0]=0x7ffbfeff, sa_flags=0x14000004
SIGINT: [libjvm.so+0x56b880], sa_mask[0]=0x7ffbfeff, sa_flags=0x14000004
SIGQUIT: [libjvm.so+0x56b880], sa_mask[0]=0x7ffbfeff, sa_flags=0x14000004
SIGTERM: [libjvm.so+0x56b880], sa_mask[0]=0x7ffbfeff, sa_flags=0x14000004


---------------  S Y S T E M  ---------------

OS:squeeze/sid

uname:Linux 2.6.32-24-generic #43-Ubuntu SMP Thu Sep 16 14:58:24 UTC 2010 x86_64
libc:glibc 2.11.1 NPTL 2.11.1 
rlimit: STACK 8515k, CORE 0k, NPROC 2047, NOFILE 65535, AS infinity
load average:1.07 1.13 1.11

CPU:total 2 amd64 3dnow ht

Memory: 4k page, physical 2959792k(49012k free), swap 8669176k(8366240k free)

vm_info: Java HotSpot(TM) 64-Bit Server VM (1.5.0_17-b03) for linux-amd64, built on Oct 22 2008 00:36:51 by java_re with gcc 3.2.2 (SuSE Linux)

