#
# An unexpected error has been detected by HotSpot Virtual Machine:
#
#  SIGSEGV (0xb) at pc=0x00007f15709f7a2f, pid=32256, tid=139729244780288
#
# Java VM: Java HotSpot(TM) 64-Bit Server VM (1.5.0_17-b03 mixed mode)
# Problematic frame:
# V  [libjvm.so+0x256a2f]
#

---------------  T H R E A D  ---------------

Current thread (0x00007f1540015f10):  JavaThread "CompilerThread0" daemon [_thread_in_native, id=32269]

siginfo:si_signo=11, si_errno=0, si_code=1, si_addr=0x0000000000000000

Registers:
RAX=0x00007f1540731d40, RBX=0x00000000406a3c90, RCX=0x00007f1540731a18, RDX=0x000000000000005b
RSP=0x00007f153fffca80, RBP=0x00007f153fffcb00, RSI=0x000000000000001b, RDI=0x0000000000040000
R8 =0x0000000040ad4eb0, R9 =0x0000000000000016, R10=0x00000000407fdd90, R11=0x00007f157110c020
R12=0x0000000000000052, R13=0x0000000000000052, R14=0x0000000000000000, R15=0x00007f15409583a8
RIP=0x00007f15709f7a2f, EFL=0x0000000000010206, CSGSFS=0x0000000000000033, ERR=0x0000000000000004
  TRAPNO=0x000000000000000e

Top of Stack: (sp=0x00007f153fffca80)
0x00007f153fffca80:   00007f157100d060 00007f153fffcad0
0x00007f153fffca90:   00007f1540300f30 0000000000000000
0x00007f153fffcaa0:   00007f15409583a8 00000000407fdd60
0x00007f153fffcab0:   0000002000000004 0000000040ad4eb0
0x00007f153fffcac0:   00007f153fffcfb0 0000006470aa2196
0x00007f153fffcad0:   00007f1540731d40 00007f15409583a8
0x00007f153fffcae0:   00007f15409583a8 00007f1540731d40
0x00007f153fffcaf0:   00007f1570f85310 00007f1570f85310
0x00007f153fffcb00:   00007f153fffcb60 00007f15709f776a
0x00007f153fffcb10:   00007f15400161d0 00000008ffffffff
0x00007f153fffcb20:   0000000040ad0840 000000644089d820
0x00007f153fffcb30:   00007f153fffcfb0 00007f153fffd970
0x00007f153fffcb40:   0000000000000000 00007f1540731d40
0x00007f153fffcb50:   0000000040897940 0000000040ad4f00
0x00007f153fffcb60:   00007f153fffcc60 00007f15709f8055
0x00007f153fffcb70:   0000000040898578 0000000040d8f338
0x00007f153fffcb80:   0000000000000000 0000000040ad0840
0x00007f153fffcb90:   0000000000000064 00007f153fffcbc0
0x00007f153fffcba0:   00007f15400161d0 00000064692fce40
0x00007f153fffcbb0:   00007f153fffcbe0 00007f153fffd970
0x00007f153fffcbc0:   00007f1500000080 00000000409408d0
0x00007f153fffcbd0:   00007f15400161d0 000000000000000a
0x00007f153fffcbe0:   0000000000000000 00007f1500000001
0x00007f153fffcbf0:   0000000000000000 00007f1540015f10
0x00007f153fffcc00:   00007f1500000000 00007f1570a238ef
0x00007f153fffcc10:   00000000406418b0 0000000000000000
0x00007f153fffcc20:   0000000000000000 00007f154129d4a8
0x00007f153fffcc30:   00007f154129d4a8 0000000040952560
0x00007f153fffcc40:   00007f1570f81cb0 00000000407ba6b8
0x00007f153fffcc50:   00000000407ba6c0 000000000000017f
0x00007f153fffcc60:   00007f153fffcef0 00007f1570d100e8
0x00007f153fffcc70:   00007f153fffcca0 00007f154129d4a8 

Instructions: (pc=0x00007f15709f7a2f)
0x00007f15709f7a1f:   90 48 8b 45 d0 4d 63 ec 48 8b 48 08 4e 8b 34 e9
0x00007f15709f7a2f:   49 8b 1e 4c 89 f7 ff 93 80 01 00 00 48 89 c7 48 

Stack: [0x00007f153feff000,0x00007f1540000000),  sp=0x00007f153fffca80,  free space=1014k
Native frames: (J=compiled Java code, j=interpreted, Vv=VM code, C=native code)
V  [libjvm.so+0x256a2f]
V  [libjvm.so+0x25676a]
V  [libjvm.so+0x257055]
V  [libjvm.so+0x56f0e8]
V  [libjvm.so+0x2bd893]
V  [libjvm.so+0x2b9a79]
V  [libjvm.so+0x262027]
V  [libjvm.so+0x2c2056]
V  [libjvm.so+0x2c1a02]
V  [libjvm.so+0x62eb49]
V  [libjvm.so+0x6292ce]
V  [libjvm.so+0x56b5e5]


Current CompileTask:
opto: 93      org.jruby.compiler.impl.InheritedCacheCompiler.cachedSetVariable(Lorg/jruby/compiler/impl/BaseBodyCompiler;Ljava/lang/String;Lorg/jruby/compiler/CompilerCallback;)V (201 bytes)


---------------  P R O C E S S  ---------------

Java Threads: ( => current thread )
  0x00007f1540018d10 JavaThread "Low Memory Detector" daemon [_thread_blocked, id=32271]
  0x00007f15400172b0 JavaThread "CompilerThread1" daemon [_thread_in_native, id=32270]
=>0x00007f1540015f10 JavaThread "CompilerThread0" daemon [_thread_in_native, id=32269]
  0x00007f1540014b40 JavaThread "AdapterThread" daemon [_thread_blocked, id=32268]
  0x00007f15400138a0 JavaThread "Signal Dispatcher" daemon [_thread_blocked, id=32267]
  0x00007f15400008b0 JavaThread "Finalizer" daemon [_thread_blocked, id=32266]
  0x0000000040718af0 JavaThread "Reference Handler" daemon [_thread_blocked, id=32265]
  0x0000000040646840 JavaThread "main" [_thread_in_Java, id=32256]

Other Threads:
  0x00000000407145e0 VMThread [id=32264]
  0x00007f154001b680 WatcherThread [id=32272]

VM state:not at safepoint (normal execution)

VM Mutex/Monitor currently owned by a thread: None

Heap
 PSYoungGen      total 10688K, used 3053K [0x00007f155eb30000, 0x00007f155f7e0000, 0x00007f15691d0000)
  eden space 8768K, 17% used [0x00007f155eb30000,0x00007f155ecab758,0x00007f155f3c0000)
  from space 1920K, 80% used [0x00007f155f600000,0x00007f155f780000,0x00007f155f7e0000)
  to   space 2112K, 0% used [0x00007f155f3c0000,0x00007f155f3c0000,0x00007f155f5d0000)
 PSOldGen        total 12672K, used 5225K [0x00007f1549dd0000, 0x00007f154aa30000, 0x00007f155eb30000)
  object space 12672K, 41% used [0x00007f1549dd0000,0x00007f154a2ea568,0x00007f154aa30000)
 PSPermGen       total 35200K, used 20702K [0x00007f15449d0000, 0x00007f1546c30000, 0x00007f1549dd0000)
  object space 35200K, 58% used [0x00007f15449d0000,0x00007f1545e07be8,0x00007f1546c30000)

Dynamic libraries:
40000000-4000e000 r-xp 00000000 08:11 11436132                           /oracle/app/oracle/product/11.2.0/dbhome_1/jdk/bin/java
4010d000-40110000 rwxp 0000d000 08:11 11436132                           /oracle/app/oracle/product/11.2.0/dbhome_1/jdk/bin/java
40640000-4147b000 rwxp 00000000 00:00 0                                  [heap]
7f153f4ba000-7f153f4c7000 r-xp 00000000 08:11 23489778                   /pt/s/jruby/jruby-1.5.1/lib/native/x86_64-Linux/libjffi-1.0.so
7f153f4c7000-7f153f5c7000 ---p 0000d000 08:11 23489778                   /pt/s/jruby/jruby-1.5.1/lib/native/x86_64-Linux/libjffi-1.0.so
7f153f5c7000-7f153f5c8000 rwxp 0000d000 08:11 23489778                   /pt/s/jruby/jruby-1.5.1/lib/native/x86_64-Linux/libjffi-1.0.so
7f153f5c8000-7f153f68e000 r-xs 00000000 08:11 11403553                   /oracle/app/oracle/product/11.2.0/dbhome_1/jdk/jre/lib/ext/localedata.jar
7f153f68e000-7f153f6b9000 r-xs 00000000 08:11 11436696                   /oracle/app/oracle/product/11.2.0/dbhome_1/jdk/jre/lib/ext/sunpkcs11.jar
7f153f6b9000-7f153f6e0000 r-xs 00000000 08:11 11436695                   /oracle/app/oracle/product/11.2.0/dbhome_1/jdk/jre/lib/ext/sunjce_provider.jar
7f153f6e0000-7f153f6e7000 r-xp 00000000 08:11 11436747                   /oracle/app/oracle/product/11.2.0/dbhome_1/jdk/jre/lib/amd64/libnio.so
7f153f6e7000-7f153f7e6000 ---p 00007000 08:11 11436747                   /oracle/app/oracle/product/11.2.0/dbhome_1/jdk/jre/lib/amd64/libnio.so
7f153f7e6000-7f153f7e8000 rwxp 00006000 08:11 11436747                   /oracle/app/oracle/product/11.2.0/dbhome_1/jdk/jre/lib/amd64/libnio.so
7f153f7e8000-7f153fae8000 rwxp 00000000 00:00 0 
7f153fae8000-7f153fafa000 r-xp 00000000 08:11 11436745                   /oracle/app/oracle/product/11.2.0/dbhome_1/jdk/jre/lib/amd64/libnet.so
7f153fafa000-7f153fbf9000 ---p 00012000 08:11 11436745                   /oracle/app/oracle/product/11.2.0/dbhome_1/jdk/jre/lib/amd64/libnet.so
7f153fbf9000-7f153fbfc000 rwxp 00011000 08:11 11436745                   /oracle/app/oracle/product/11.2.0/dbhome_1/jdk/jre/lib/amd64/libnet.so
7f153fbfc000-7f153fbfd000 ---p 00000000 00:00 0 
7f153fbfd000-7f153fcfd000 rwxp 00000000 00:00 0 
7f153fcfd000-7f153fd00000 ---p 00000000 00:00 0 
7f153fd00000-7f153fdfe000 rwxp 00000000 00:00 0 
7f153fdfe000-7f153fe01000 ---p 00000000 00:00 0 
7f153fe01000-7f153feff000 rwxp 00000000 00:00 0 
7f153feff000-7f153ff02000 ---p 00000000 00:00 0 
7f153ff02000-7f1540000000 rwxp 00000000 00:00 0 
7f1540000000-7f1541522000 rwxp 00000000 00:00 0 
7f1541522000-7f1544000000 ---p 00000000 00:00 0 
7f1544076000-7f154409f000 r-xs 00000000 08:11 26364158                   /pt/s/jruby/jruby-1.5.1/lib/ruby/site_ruby/shared/yecht.jar
7f154409f000-7f15440be000 r-xs 00000000 08:11 20338495                   /pt/s/jruby/jruby-1.5.1/lib/profile.jar
7f15440be000-7f15440c1000 ---p 00000000 00:00 0 
7f15440c1000-7f15441bf000 rwxp 00000000 00:00 0 
7f15441bf000-7f15441c2000 ---p 00000000 00:00 0 
7f15441c2000-7f15442c0000 rwxp 00000000 00:00 0 
7f15442c0000-7f15442ff000 r-xp 00000000 08:11 8920626                    /usr/lib/locale/en_US.utf8/LC_CTYPE
7f15442ff000-7f1544302000 ---p 00000000 00:00 0 
7f1544302000-7f1544400000 rwxp 00000000 00:00 0 
7f1544400000-7f1544403000 ---p 00000000 00:00 0 
7f1544403000-7f1544501000 rwxp 00000000 00:00 0 
7f1544501000-7f1544502000 ---p 00000000 00:00 0 
7f1544502000-7f1544602000 rwxp 00000000 00:00 0 
7f1544602000-7f1544603000 ---p 00000000 00:00 0 
7f1544603000-7f1544703000 rwxp 00000000 00:00 0 
7f1544703000-7f1544704000 ---p 00000000 00:00 0 
7f1544704000-7f154480b000 rwxp 00000000 00:00 0 
7f154480b000-7f15448ab000 rwxp 00000000 00:00 0 
7f15448ab000-7f15448bd000 rwxp 00000000 00:00 0 
7f15448bd000-7f15448d5000 rwxp 00000000 00:00 0 
7f15448d5000-7f15448dc000 rwxp 00000000 00:00 0 
7f15448dc000-7f154497b000 rwxp 00000000 00:00 0 
7f154497b000-7f1544983000 rwxp 00000000 00:00 0 
7f1544983000-7f15449cf000 rwxp 00000000 00:00 0 
7f15449cf000-7f1546c30000 rwxp 00000000 00:00 0 
7f1546c30000-7f1549dd0000 rwxp 00000000 00:00 0 
7f1549dd0000-7f154aa30000 rwxp 00000000 00:00 0 
7f154aa30000-7f155eb30000 rwxp 00000000 00:00 0 
7f155eb30000-7f155f7e0000 rwxp 00000000 00:00 0 
7f155f7e0000-7f15691d0000 rwxp 00000000 00:00 0 
7f15691de000-7f15691e8000 rwxp 00000000 00:00 0 
7f15691e8000-7f156929e000 rwxp 00000000 00:00 0 
7f156929e000-7f156950e000 rwxp 00000000 00:00 0 
7f156950e000-7f156c29e000 rwxp 00000000 00:00 0 
7f156c29e000-7f156c2d3000 rwxp 00000000 00:00 0 
7f156c2d3000-7f156ca8a000 r-xs 00000000 08:11 20338492                   /pt/s/jruby/jruby-1.5.1/lib/jruby.jar
7f156ca8a000-7f156d2e6000 r-xs 00000000 08:11 11436210                   /oracle/app/oracle/product/11.2.0/dbhome_1/jdk/jre/lib/charsets.jar
7f156d2e6000-7f156d36b000 r-xs 00000000 08:11 11436237                   /oracle/app/oracle/product/11.2.0/dbhome_1/jdk/jre/lib/jsse.jar
7f156d36b000-7f156f996000 r-xs 00000000 08:11 11436243                   /oracle/app/oracle/product/11.2.0/dbhome_1/jdk/jre/lib/rt.jar
7f156f996000-7f156f9a4000 r-xp 00000000 08:11 11436757                   /oracle/app/oracle/product/11.2.0/dbhome_1/jdk/jre/lib/amd64/libzip.so
7f156f9a4000-7f156faa6000 ---p 0000e000 08:11 11436757                   /oracle/app/oracle/product/11.2.0/dbhome_1/jdk/jre/lib/amd64/libzip.so
7f156faa6000-7f156faaa000 rwxp 00010000 08:11 11436757                   /oracle/app/oracle/product/11.2.0/dbhome_1/jdk/jre/lib/amd64/libzip.so
7f156faaa000-7f156face000 r-xp 00000000 08:11 11436723                   /oracle/app/oracle/product/11.2.0/dbhome_1/jdk/jre/lib/amd64/libjava.so
7f156face000-7f156fbce000 ---p 00024000 08:11 11436723                   /oracle/app/oracle/product/11.2.0/dbhome_1/jdk/jre/lib/amd64/libjava.so
7f156fbce000-7f156fbd4000 rwxp 00024000 08:11 11436723                   /oracle/app/oracle/product/11.2.0/dbhome_1/jdk/jre/lib/amd64/libjava.so
7f156fbd4000-7f156fbe1000 r-xp 00000000 08:11 11436755                   /oracle/app/oracle/product/11.2.0/dbhome_1/jdk/jre/lib/amd64/libverify.so
7f156fbe1000-7f156fce0000 ---p 0000d000 08:11 11436755                   /oracle/app/oracle/product/11.2.0/dbhome_1/jdk/jre/lib/amd64/libverify.so
7f156fce0000-7f156fce3000 rwxp 0000c000 08:11 11436755                   /oracle/app/oracle/product/11.2.0/dbhome_1/jdk/jre/lib/amd64/libverify.so
7f156fce3000-7f156fcef000 r-xp 00000000 08:11 4365375                    /lib/libnss_files-2.11.1.so
7f156fcef000-7f156feee000 ---p 0000c000 08:11 4365375                    /lib/libnss_files-2.11.1.so
7f156feee000-7f156feef000 r-xp 0000b000 08:11 4365375                    /lib/libnss_files-2.11.1.so
7f156feef000-7f156fef0000 rwxp 0000c000 08:11 4365375                    /lib/libnss_files-2.11.1.so
7f156fef0000-7f156fefa000 r-xp 00000000 08:11 4365377                    /lib/libnss_nis-2.11.1.so
7f156fefa000-7f15700f9000 ---p 0000a000 08:11 4365377                    /lib/libnss_nis-2.11.1.so
7f15700f9000-7f15700fa000 r-xp 00009000 08:11 4365377                    /lib/libnss_nis-2.11.1.so
7f15700fa000-7f15700fb000 rwxp 0000a000 08:11 4365377                    /lib/libnss_nis-2.11.1.so
7f15700fb000-7f1570103000 r-xp 00000000 08:11 4365373                    /lib/libnss_compat-2.11.1.so
7f1570103000-7f1570302000 ---p 00008000 08:11 4365373                    /lib/libnss_compat-2.11.1.so
7f1570302000-7f1570303000 r-xp 00007000 08:11 4365373                    /lib/libnss_compat-2.11.1.so
7f1570303000-7f1570304000 rwxp 00008000 08:11 4365373                    /lib/libnss_compat-2.11.1.so
7f1570304000-7f157031b000 r-xp 00000000 08:11 4365372                    /lib/libnsl-2.11.1.so
7f157031b000-7f157051a000 ---p 00017000 08:11 4365372                    /lib/libnsl-2.11.1.so
7f157051a000-7f157051b000 r-xp 00016000 08:11 4365372                    /lib/libnsl-2.11.1.so
7f157051b000-7f157051c000 rwxp 00017000 08:11 4365372                    /lib/libnsl-2.11.1.so
7f157051c000-7f157051e000 rwxp 00000000 00:00 0 
7f157051e000-7f15705a0000 r-xp 00000000 08:11 4365370                    /lib/libm-2.11.1.so
7f15705a0000-7f157079f000 ---p 00082000 08:11 4365370                    /lib/libm-2.11.1.so
7f157079f000-7f15707a0000 r-xp 00081000 08:11 4365370                    /lib/libm-2.11.1.so
7f15707a0000-7f15707a1000 rwxp 00082000 08:11 4365370                    /lib/libm-2.11.1.so
7f15707a1000-7f1570e79000 r-xp 00000000 08:11 11436764                   /oracle/app/oracle/product/11.2.0/dbhome_1/jdk/jre/lib/amd64/server/libjvm.so
7f1570e79000-7f1570f79000 ---p 006d8000 08:11 11436764                   /oracle/app/oracle/product/11.2.0/dbhome_1/jdk/jre/lib/amd64/server/libjvm.so
7f1570f79000-7f15710f4000 rwxp 006d8000 08:11 11436764                   /oracle/app/oracle/product/11.2.0/dbhome_1/jdk/jre/lib/amd64/server/libjvm.so
7f15710f4000-7f1571124000 rwxp 00000000 00:00 0 
7f1571124000-7f157129e000 r-xp 00000000 08:11 4365366                    /lib/libc-2.11.1.so
7f157129e000-7f157149d000 ---p 0017a000 08:11 4365366                    /lib/libc-2.11.1.so
7f157149d000-7f15714a1000 r-xp 00179000 08:11 4365366                    /lib/libc-2.11.1.so
7f15714a1000-7f15714a2000 rwxp 0017d000 08:11 4365366                    /lib/libc-2.11.1.so
7f15714a2000-7f15714a7000 rwxp 00000000 00:00 0 
7f15714a7000-7f15714a9000 r-xp 00000000 08:11 4365369                    /lib/libdl-2.11.1.so
7f15714a9000-7f15716a9000 ---p 00002000 08:11 4365369                    /lib/libdl-2.11.1.so
7f15716a9000-7f15716aa000 r-xp 00002000 08:11 4365369                    /lib/libdl-2.11.1.so
7f15716aa000-7f15716ab000 rwxp 00003000 08:11 4365369                    /lib/libdl-2.11.1.so
7f15716ab000-7f15716c3000 r-xp 00000000 08:11 4365380                    /lib/libpthread-2.11.1.so
7f15716c3000-7f15718c2000 ---p 00018000 08:11 4365380                    /lib/libpthread-2.11.1.so
7f15718c2000-7f15718c3000 r-xp 00017000 08:11 4365380                    /lib/libpthread-2.11.1.so
7f15718c3000-7f15718c4000 rwxp 00018000 08:11 4365380                    /lib/libpthread-2.11.1.so
7f15718c4000-7f15718c8000 rwxp 00000000 00:00 0 
7f15718c8000-7f15718e8000 r-xp 00000000 08:11 4365363                    /lib/ld-2.11.1.so
7f15718f0000-7f15718f7000 r-xs 00000000 08:11 8931980                    /usr/lib/gconv/gconv-modules.cache
7f15718f7000-7f1571931000 rwxp 00000000 00:00 0 
7f1571931000-7f1571949000 rwxp 00000000 00:00 0 
7f1571949000-7f157195e000 r-xs 00000000 08:11 11436236                   /oracle/app/oracle/product/11.2.0/dbhome_1/jdk/jre/lib/jce.jar
7f157195e000-7f15719c7000 rwxp 00000000 00:00 0 
7f15719c7000-7f15719ce000 r-xp 00000000 08:11 11436770                   /oracle/app/oracle/product/11.2.0/dbhome_1/jdk/jre/lib/amd64/native_threads/libhpi.so
7f15719ce000-7f1571acf000 ---p 00007000 08:11 11436770                   /oracle/app/oracle/product/11.2.0/dbhome_1/jdk/jre/lib/amd64/native_threads/libhpi.so
7f1571acf000-7f1571ad2000 rwxp 00008000 08:11 11436770                   /oracle/app/oracle/product/11.2.0/dbhome_1/jdk/jre/lib/amd64/native_threads/libhpi.so
7f1571ad2000-7f1571ad6000 rwxp 00000000 00:00 0 
7f1571ad8000-7f1571adb000 r-xs 00000000 08:11 11436694                   /oracle/app/oracle/product/11.2.0/dbhome_1/jdk/jre/lib/ext/dnsns.jar
7f1571adb000-7f1571ae3000 rwxs 00000000 08:11 2621482                    /tmp/hsperfdata_oracle/32256
7f1571ae3000-7f1571ae4000 rwxp 00000000 00:00 0 
7f1571ae4000-7f1571ae5000 r-xp 00000000 00:00 0 
7f1571ae5000-7f1571ae7000 rwxp 00000000 00:00 0 
7f1571ae7000-7f1571ae8000 r-xp 0001f000 08:11 4365363                    /lib/ld-2.11.1.so
7f1571ae8000-7f1571ae9000 rwxp 00020000 08:11 4365363                    /lib/ld-2.11.1.so
7f1571ae9000-7f1571aea000 rwxp 00000000 00:00 0 
7fff7ae2f000-7fff7ae32000 ---p 00000000 00:00 0 
7fff7ae33000-7fff7af2f000 rwxp 00000000 00:00 0                          [stack]
7fff7afff000-7fff7b000000 r-xp 00000000 00:00 0                          [vdso]
ffffffffff600000-ffffffffff601000 r-xp 00000000 00:00 0                  [vsyscall]

VM Arguments:
jvm_args: -Djruby.memory.max=500m -Djruby.stack.max=1024k -Xmx500m -Xss1024k -Djffi.boot.library.path=/pt/s/jruby151/lib/native/i386-Linux:/pt/s/jruby151/lib/native/ppc-Linux:/pt/s/jruby151/lib/native/x86_64-Linux -Xbootclasspath/a:/pt/s/jruby151/lib/jruby.jar -Djruby.home=/pt/s/jruby151 -Djruby.lib=/pt/s/jruby151/lib -Djruby.script=jruby -Djruby.shell=/bin/sh
java_command: org.jruby.Main req_hdata_1D.rb GBP USD
Launcher Type: SUN_STANDARD

Environment Variables:
JAVA_HOME=/oracle/app/oracle/product/11.2.0/dbhome_1/jdk
PATH=/oracle/app/oracle/product/11.2.0/dbhome_1/bin:/pt/s/jruby151/bin:/pt/s/jruby151/bin:/oracle/app/oracle/product/11.2.0/dbhome_1/bin:/pt/s/jruby151/bin:/oracle/app/oracle/product/11.2.0/dbhome_1/bin:/oracle/.rvm/gems/ruby-1.9.2-head@gs1/bin:/oracle/.rvm/gems/ruby-1.9.2-head@global/bin:/oracle/.rvm/rubies/ruby-1.9.2-head/bin:/oracle/.rvm/bin:/pt/z/bin:/pt/z/bin:/bin:/usr/bin:/usr/local/sbin:/usr/local/bin:/usr/sbin:/sbin:/usr/X11R6/bin:/oracle/app/oracle/product/11.2.0/dbhome_1/bin:/oracle/bin:.:/oracle/app/oracle/product/11.2.0/dbhome_1/jdk/bin:/oracle/vlsql/bin:/pt/s/bin:/oracle/app/oracle/product/11.2.0/dbhome_1/jdk/bin:/pt/s/bin:/oracle/app/oracle/product/11.2.0/dbhome_1/jdk/bin:/oracle/app/oracle/product/11.2.0/dbhome_1/jdk/bin:/pt/s/bin
USERNAME=oracle
LD_LIBRARY_PATH=/oracle/app/oracle/product/11.2.0/dbhome_1/jdk/jre/lib/amd64/server:/oracle/app/oracle/product/11.2.0/dbhome_1/jdk/jre/lib/amd64:/oracle/app/oracle/product/11.2.0/dbhome_1/jdk/jre/../lib/amd64:/oracle/app/oracle/product/11.2.0/dbhome_1/lib
SHELL=/bin/bash
DISPLAY=:0.0

Signal Handlers:
SIGSEGV: [libjvm.so+0x663290], sa_mask[0]=0x7ffbfeff, sa_flags=0x14000004
SIGBUS: [libjvm.so+0x663290], sa_mask[0]=0x7ffbfeff, sa_flags=0x14000004
SIGFPE: [libjvm.so+0x569f00], sa_mask[0]=0x7ffbfeff, sa_flags=0x14000004
SIGPIPE: [libjvm.so+0x569f00], sa_mask[0]=0x7ffbfeff, sa_flags=0x14000004
SIGILL: [libjvm.so+0x569f00], sa_mask[0]=0x7ffbfeff, sa_flags=0x14000004
SIGUSR1: SIG_DFL, sa_mask[0]=0x00000000, sa_flags=0x00000000
SIGUSR2: [libjvm.so+0x56bdb0], sa_mask[0]=0x00000000, sa_flags=0x14000004
SIGHUP: [libjvm.so+0x56b880], sa_mask[0]=0x7ffbfeff, sa_flags=0x14000004
SIGINT: [libjvm.so+0x56b880], sa_mask[0]=0x7ffbfeff, sa_flags=0x14000004
SIGQUIT: [libjvm.so+0x56b880], sa_mask[0]=0x7ffbfeff, sa_flags=0x14000004
SIGTERM: [libjvm.so+0x56b880], sa_mask[0]=0x7ffbfeff, sa_flags=0x14000004


---------------  S Y S T E M  ---------------

OS:squeeze/sid

uname:Linux 2.6.32-24-generic #43-Ubuntu SMP Thu Sep 16 14:58:24 UTC 2010 x86_64
libc:glibc 2.11.1 NPTL 2.11.1 
rlimit: STACK 8515k, CORE 0k, NPROC 2047, NOFILE 65535, AS infinity
load average:1.40 1.30 1.27

CPU:total 2 amd64 3dnow ht

Memory: 4k page, physical 2959792k(38616k free), swap 8669176k(8026916k free)

vm_info: Java HotSpot(TM) 64-Bit Server VM (1.5.0_17-b03) for linux-amd64, built on Oct 22 2008 00:36:51 by java_re with gcc 3.2.2 (SuSE Linux)

