[W] > nextValidId
[W] > openOrder
[W] > openOrder
[W] > openOrderEnd
[W] > ,1297980900,83.32,has gaps:,false
[W] > ,1297981200,83.325,has gaps:,false
[W] > ,1297981500,83.3225,has gaps:,false
[W] > ,1297981800,83.325,has gaps:,false
[W] > ,1297982100,83.37,has gaps:,false
[W] > ,1297982400,83.39,has gaps:,false
[W] > ,1297982700,83.3525,has gaps:,false
[W] > ,1297983000,83.3375,has gaps:,false
[W] > ,1297983300,83.325,has gaps:,false
[W] > ,1297983600,83.315,has gaps:,false
[W] > ,1297983900,83.315,has gaps:,false
[W] > ,1297984200,83.335,has gaps:,false
[W] > ,1297984500,83.325,has gaps:,false
[W] > ,1297984800,83.305,has gaps:,false
[W] > ,1297985100,83.325,has gaps:,false
[W] > ,1297985400,83.3,has gaps:,false
[W] > ,1297985700,83.3,has gaps:,false
[W] > ,1297986000,83.28,has gaps:,false
[W] > ,1297986300,83.275,has gaps:,false
[W] > ,1297986600,83.2825,has gaps:,false
[W] > ,1297986900,83.295,has gaps:,false
[W] > ,1297987200,83.2825,has gaps:,false
[W] > ,1297987500,83.3,has gaps:,false
[W] > ,1297987800,83.295,has gaps:,false
[W] > ,1297988100,83.295,has gaps:,false
[W] > ,finished-20110217  00:23:01-20110218  00:23:01,-1.0,has gaps:,false
