
SQL*Loader: Release 11.2.0.1.0 - Production on Tue Nov 2 21:56:28 2010

Copyright (c) 1982, 2009, Oracle and/or its affiliates.  All rights reserved.

Control File:   fxw_stage.ctl
Data File:      fxw_stage.csv
  Bad File:     fxw_stage.bad
  Discard File:  none specified
 
 (Allow all discards)

Number to load: ALL
Number to skip: 0
Errors allowed: 50
Bind array:     123456 rows, maximum of 20971520 bytes
Continuation:    none specified
Path used:      Conventional

Table FXW_STAGE, loaded from every logical record.
Insert option in effect for this table: REPLACE
TRAILING NULLCOLS option in effect

   Column Name                  Position   Len  Term Encl Datatype
------------------------------ ---------- ----- ---- ---- ---------------------
YDATE                               FIRST     *   ,       DATE DD-Mon-RR       
    NULL if YDATE = BLANKS
CLSE                                 NEXT     *   ,       CHARACTER            
    NULL if CLSE = BLANKS
PAIR                                 NEXT     *   ,       CHARACTER            
    NULL if PAIR = BLANKS

value used for ROWS parameter changed from 123456 to 27094

Table FXW_STAGE:
  16356 Rows successfully loaded.
  0 Rows not loaded due to data errors.
  0 Rows not loaded because all WHEN clauses were failed.
  0 Rows not loaded because all fields were null.


Space allocated for bind array:               20970756 bytes(27094 rows)
Read   buffer bytes:20971520

Total logical records skipped:          0
Total logical records read:         16356
Total logical records rejected:         0
Total logical records discarded:        0

Run began on Tue Nov 02 21:56:28 2010
Run ended on Tue Nov 02 21:56:29 2010

Elapsed time was:     00:00:00.45
CPU time was:         00:00:00.12
