[W] > nextValidId
[W] > openOrder
[W] > openOrder
[W] > openOrder
[W] > openOrder
[W] > openOrder
[W] > openOrder
[W] > openOrder
[W] > openOrder
[W] > openOrder
[W] > openOrder
[W] > openOrder
[W] > openOrder
[W] > openOrderEnd
[W] > ,1293574800,1.311275,has gaps:,false
[W] > ,1293575100,1.3109,has gaps:,false
[W] > ,1293575400,1.31065,has gaps:,false
[W] > ,1293575700,1.310625,has gaps:,false
[W] > ,1293576000,1.31035,has gaps:,false
[W] > ,1293576300,1.3109,has gaps:,false
[W] > ,1293576600,1.31095,has gaps:,false
[W] > ,1293576900,1.310825,has gaps:,false
[W] > ,1293577200,1.310575,has gaps:,false
[W] > ,1293577500,1.31065,has gaps:,false
[W] > ,1293577800,1.31115,has gaps:,false
[W] > ,1293578100,1.3111,has gaps:,false
[W] > ,1293578400,1.311325,has gaps:,false
[W] > ,1293578700,1.3109,has gaps:,false
[W] > ,1293579000,1.3104,has gaps:,false
[W] > ,1293579300,1.3104,has gaps:,false
[W] > ,1293579600,1.3106,has gaps:,false
[W] > ,1293579900,1.308925,has gaps:,false
[W] > ,1293580200,1.308625,has gaps:,false
[W] > ,1293580500,1.30855,has gaps:,false
[W] > ,1293580800,1.3085,has gaps:,false
[W] > ,1293581100,1.3092,has gaps:,false
[W] > ,1293581400,1.31075,has gaps:,false
[W] > ,1293581700,1.310575,has gaps:,false
[W] > ,1293582000,1.310725,has gaps:,false
[W] > ,1293582300,1.3109,has gaps:,false
[W] > ,1293582600,1.31085,has gaps:,false
[W] > ,1293582900,1.3109,has gaps:,false
[W] > ,1293583200,1.311525,has gaps:,false
[W] > ,1293583500,1.310825,has gaps:,false
[W] > ,1293583800,1.309425,has gaps:,false
[W] > ,1293584100,1.310375,has gaps:,false
[W] > ,1293584400,1.31065,has gaps:,false
[W] > ,1293584700,1.310875,has gaps:,false
[W] > ,1293585000,1.310925,has gaps:,false
[W] > ,1293585300,1.3105,has gaps:,false
[W] > ,1293585600,1.31085,has gaps:,false
[W] > ,1293585900,1.310875,has gaps:,false
[W] > ,1293586200,1.310475,has gaps:,false
[W] > ,1293586500,1.31075,has gaps:,false
[W] > ,1293586800,1.31105,has gaps:,false
[W] > ,1293587100,1.31105,has gaps:,false
[W] > ,1293587400,1.312375,has gaps:,false
[W] > ,1293587700,1.312825,has gaps:,false
[W] > ,1293588000,1.31315,has gaps:,false
[W] > ,1293588300,1.31325,has gaps:,false
[W] > ,1293588600,1.312975,has gaps:,false
[W] > ,1293588900,1.312975,has gaps:,false
[W] > ,1293589200,1.312775,has gaps:,false
[W] > ,1293589500,1.3126,has gaps:,false
[W] > ,1293589800,1.31255,has gaps:,false
[W] > ,1293590100,1.3129,has gaps:,false
[W] > ,1293590400,1.3125,has gaps:,false
[W] > ,1293590700,1.3125,has gaps:,false
[W] > ,1293591000,1.3126,has gaps:,false
[W] > ,1293591300,1.31325,has gaps:,false
[W] > ,1293591600,1.3131,has gaps:,false
[W] > ,1293591900,1.312975,has gaps:,false
[W] > ,1293592200,1.31305,has gaps:,false
[W] > ,1293592500,1.31295,has gaps:,false
[W] > ,1293592800,1.312825,has gaps:,false
[W] > ,1293593100,1.312825,has gaps:,false
[W] > ,finished-20101228  03:27:55-20101229  03:27:55,-1.0,has gaps:,false
