
SQL*Loader: Release 11.2.0.1.0 - Production on Sat Jan 1 20:10:04 2011

Copyright (c) 1982, 2009, Oracle and/or its affiliates.  All rights reserved.

Control File:   hstage.ctl
Data File:      hstage.csv
  Bad File:     hstage.bad
  Discard File:  none specified
 
 (Allow all discards)

Number to load: ALL
Number to skip: 0
Errors allowed: 50
Bind array:     123456 rows, maximum of 20971520 bytes
Continuation:    none specified
Path used:      Conventional

Table HSTAGE, loaded from every logical record.
Insert option in effect for this table: REPLACE
TRAILING NULLCOLS option in effect

   Column Name                  Position   Len  Term Encl Datatype
------------------------------ ---------- ----- ---- ---- ---------------------
YDATE                               FIRST     *   ;       CHARACTER            
    NULL if YDATE = BLANKS
TTIME                                NEXT     *   ;       CHARACTER            
    NULL if TTIME = BLANKS
VOL                                  NEXT     *   ;       CHARACTER            
    NULL if VOL = BLANKS
OPN                                  NEXT     *   ;       CHARACTER            
    NULL if OPN = BLANKS
CLSE                                 NEXT     *   ;       CHARACTER            
    NULL if CLSE = BLANKS
MN                                   NEXT     *   ;       CHARACTER            
    NULL if MN = BLANKS
MX                                   NEXT     *   ;       CHARACTER            
    NULL if MX = BLANKS

value used for ROWS parameter changed from 123456 to 11612

Table HSTAGE:
  9956 Rows successfully loaded.
  0 Rows not loaded due to data errors.
  0 Rows not loaded because all WHEN clauses were failed.
  0 Rows not loaded because all fields were null.


Space allocated for bind array:               20971272 bytes(11612 rows)
Read   buffer bytes:20971520

Total logical records skipped:          0
Total logical records read:          9956
Total logical records rejected:         0
Total logical records discarded:        0

Run began on Sat Jan 01 20:10:03 2011
Run ended on Sat Jan 01 20:10:04 2011

Elapsed time was:     00:00:00.48
CPU time was:         00:00:00.14
