----------------------------------------
22:41:58:235 -> 9-1-1292377498-
22:41:58:287 -> 53-1-
22:42:14:723 -> 4-2--1-2106-HMDS data farm connection is OK:ushmds2a-
22:42:14:750 -> 4-2-10-165-Historical Market Data Service query message:HMDS server connection was successful.-
22:42:14:999 -> 17-3-10-20101218  22:42:54-20101219  22:42:54-6-1292796900-1.318325-1.318325-1.31825-1.318275--1--1.0-false--1-1292797200-1.318275-1.318275-1.318175-1.318175--1--1.0-false--1-1292797500-1.318175-1.318225-1.31785-1.31785--1--1.0-false--1-1292797800-1.31785-1.317875-1.31745-1.317725--1--1.0-false--1-1292798100-1.317725-1.317875-1.317525-1.31755--1--1.0-false--1-1292798400-1.31755-1.31755-1.317325-1.317375--1--1.0-false--1-
----------------------------------------
23:14:22:686 -> 9-1-1292377498-
23:14:22:704 -> 53-1-
23:14:22:705 -> 4-2--1-2107-HMDS data farm connection is inactive but should be available upon demand.ushmds2a-
23:14:23:425 -> 4-2--1-2106-HMDS data farm connection is OK:ushmds2a-
23:14:23:426 -> 4-2-10-165-Historical Market Data Service query message:HMDS server connection was successful.-
23:14:23:761 -> 17-3-10-20101218  23:15:38-20101219  23:15:38-12-1292796900-0.98835-0.988375-0.98765-0.987675--1--1.0-false--1-1292797200-0.987675-0.9879-0.987675-0.9878--1--1.0-false--1-1292797500-0.9878-0.9878-0.987575-0.9877--1--1.0-false--1-1292797800-0.9877-0.987775-0.987425-0.987425--1--1.0-false--1-1292798100-0.987425-0.987425-0.98715-0.987325--1--1.0-false--1-1292798400-0.987325-0.987475-0.987275-0.987275--1--1.0-false--1-1292798700-0.987275-0.987325-0.98695-0.986975--1--1.0-false--1-1292799000-0.986975-0.986975-0.986375-0.986875--1--1.0-false--1-1292799300-0.986875-0.987475-0.986875-0.9874--1--1.0-false--1-1292799600-0.9874-0.9874-0.98685-0.98725--1--1.0-false--1-1292799900-0.98725-0.987675-0.987025-0.987625--1--1.0-false--1-1292800200-0.987625-0.987725-0.98715-0.9872--1--1.0-false--1-
----------------------------------------
23:20:01:587 -> 9-1-1292377498-
23:20:01:587 -> 53-1-
23:20:01:587 -> 4-2--1-2106-HMDS data farm connection is OK:ushmds2a-
23:20:02:169 -> 17-3-10-20101218  23:21:17-20101219  23:21:17-14-1292796900-0.98835-0.988375-0.98765-0.987675--1--1.0-false--1-1292797200-0.987675-0.9879-0.987675-0.9878--1--1.0-false--1-1292797500-0.9878-0.9878-0.987575-0.9877--1--1.0-false--1-1292797800-0.9877-0.987775-0.987425-0.987425--1--1.0-false--1-1292798100-0.987425-0.987425-0.98715-0.987325--1--1.0-false--1-1292798400-0.987325-0.987475-0.987275-0.987275--1--1.0-false--1-1292798700-0.987275-0.987325-0.98695-0.986975--1--1.0-false--1-1292799000-0.986975-0.986975-0.986375-0.986875--1--1.0-false--1-1292799300-0.986875-0.987475-0.986875-0.9874--1--1.0-false--1-1292799600-0.9874-0.9874-0.98685-0.98725--1--1.0-false--1-1292799900-0.98725-0.987675-0.987025-0.987625--1--1.0-false--1-1292800200-0.987625-0.987725-0.98715-0.98715--1--1.0-false--1-1292800500-0.98715-0.987325-0.987125-0.9873--1--1.0-false--1-1292800800-0.9873-0.9873-0.9873-0.9873--1--1.0-false--1-
----------------------------------------
23:20:15:098 -> 9-1-1292377498-
23:20:15:098 -> 53-1-
23:20:15:098 -> 4-2--1-2106-HMDS data farm connection is OK:ushmds2a-
23:20:15:338 -> 17-3-10-20101218  23:21:31-20101219  23:21:31-14-1292796900-1.318325-1.318325-1.31825-1.318275--1--1.0-false--1-1292797200-1.318275-1.318275-1.318175-1.318175--1--1.0-false--1-1292797500-1.318175-1.318225-1.31785-1.31785--1--1.0-false--1-1292797800-1.31785-1.317875-1.31745-1.317725--1--1.0-false--1-1292798100-1.317725-1.317875-1.317525-1.31755--1--1.0-false--1-1292798400-1.31755-1.31755-1.317075-1.317075--1--1.0-false--1-1292798700-1.317075-1.317375-1.316725-1.317025--1--1.0-false--1-1292799000-1.317025-1.317425-1.317-1.317425--1--1.0-false--1-1292799300-1.317425-1.317475-1.31665-1.31665--1--1.0-false--1-1292799600-1.31665-1.3167-1.3161-1.316325--1--1.0-false--1-1292799900-1.316325-1.316675-1.316225-1.3166--1--1.0-false--1-1292800200-1.3166-1.31665-1.31545-1.3155--1--1.0-false--1-1292800500-1.3155-1.315975-1.315475-1.315975--1--1.0-false--1-1292800800-1.315975-1.315975-1.315975-1.315975--1--1.0-false--1-
----------------------------------------
23:20:28:567 -> 9-1-1292377498-
23:20:28:568 -> 53-1-
23:20:28:568 -> 4-2--1-2106-HMDS data farm connection is OK:ushmds2a-
23:20:28:819 -> 17-3-10-20101218  23:21:44-20101219  23:21:44-14-1292796900-1.552325-1.552425-1.552175-1.55235--1--1.0-false--1-1292797200-1.55235-1.552525-1.552025-1.552025--1--1.0-false--1-1292797500-1.552025-1.552025-1.551825-1.5519--1--1.0-false--1-1292797800-1.5519-1.551925-1.551775-1.551875--1--1.0-false--1-1292798100-1.551875-1.551925-1.551875-1.551925--1--1.0-false--1-1292798400-1.551925-1.551925-1.551675-1.551675--1--1.0-false--1-1292798700-1.551675-1.551825-1.551625-1.551625--1--1.0-false--1-1292799000-1.551625-1.55185-1.551625-1.55185--1--1.0-false--1-1292799300-1.55185-1.55185-1.5516-1.5516--1--1.0-false--1-1292799600-1.5516-1.551625-1.551325-1.551525--1--1.0-false--1-1292799900-1.551525-1.551775-1.551475-1.551775--1--1.0-false--1-1292800200-1.551775-1.551775-1.551075-1.5511--1--1.0-false--1-1292800500-1.5511-1.551775-1.5511-1.551725--1--1.0-false--1-1292800800-1.551725-1.551775-1.55145-1.55145--1--1.0-false--1-
----------------------------------------
23:20:42:258 -> 9-1-1292377498-
23:20:42:259 -> 53-1-
23:20:42:259 -> 4-2--1-2106-HMDS data farm connection is OK:ushmds2a-
23:20:42:506 -> 17-3-10-20101218  23:21:58-20101219  23:21:58-14-1292796900-1.012675-1.01285-1.01255-1.0127--1--1.0-false--1-1292797200-1.0127-1.01285-1.0127-1.012725--1--1.0-false--1-1292797500-1.012725-1.01275-1.012725-1.012725--1--1.0-false--1-1292797800-1.012725-1.01275-1.01265-1.012725--1--1.0-false--1-1292798100-1.012725-1.01295-1.012725-1.01295--1--1.0-false--1-1292798400-1.01295-1.012975-1.01295-1.012975--1--1.0-false--1-1292798700-1.012975-1.012975-1.012825-1.0129--1--1.0-false--1-1292799000-1.0129-1.0129-1.0129-1.0129--1--1.0-false--1-1292799300-1.0129-1.0129-1.0127-1.0127--1--1.0-false--1-1292799600-1.0127-1.0128-1.0126-1.012625--1--1.0-false--1-1292799900-1.012625-1.01265-1.012425-1.01255--1--1.0-false--1-1292800200-1.01255-1.0127-1.012525-1.0127--1--1.0-false--1-1292800500-1.0127-1.0127-1.012575-1.0127--1--1.0-false--1-1292800800-1.0127-1.012775-1.0127-1.012775--1--1.0-false--1-
----------------------------------------
23:20:55:447 -> 9-1-1292377498-
23:20:55:447 -> 53-1-
23:20:55:447 -> 4-2--1-2106-HMDS data farm connection is OK:ushmds2a-
23:20:55:691 -> 17-3-10-20101218  23:22:11-20101219  23:22:11-14-1292796900-0.96815-0.969125-0.96815-0.968975--1--1.0-false--1-1292797200-0.968975-0.96995-0.968975-0.9699--1--1.0-false--1-1292797500-0.9699-0.9699-0.96945-0.969525--1--1.0-false--1-1292797800-0.969525-0.96965-0.969475-0.96955--1--1.0-false--1-1292798100-0.96955-0.96965-0.9695-0.96965--1--1.0-false--1-1292798400-0.96965-0.9704-0.96965-0.9704--1--1.0-false--1-1292798700-0.9704-0.9704-0.9698-0.970225--1--1.0-false--1-1292799000-0.970225-0.970225-0.97015-0.97015--1--1.0-false--1-1292799300-0.97015-0.9703-0.96995-0.97025--1--1.0-false--1-1292799600-0.97025-0.970525-0.97025-0.970475--1--1.0-false--1-1292799900-0.970475-0.9705-0.970325-0.970325--1--1.0-false--1-1292800200-0.970325-0.971125-0.970325-0.971075--1--1.0-false--1-1292800500-0.971075-0.971125-0.970925-0.970925--1--1.0-false--1-1292800800-0.970925-0.9711-0.970925-0.97105--1--1.0-false--1-
----------------------------------------
23:21:08:958 -> 9-1-1292377498-
23:21:08:958 -> 53-1-
23:21:08:958 -> 4-2--1-2106-HMDS data farm connection is OK:ushmds2a-
23:21:09:197 -> 17-3-10-20101218  23:22:25-20101219  23:22:25-14-1292796900-83.975-84.0025-83.975-83.9925--1--1.0-false--1-1292797200-83.9925-83.9925-83.9925-83.9925--1--1.0-false--1-1292797500-83.9925-83.995-83.9875-83.9875--1--1.0-false--1-1292797800-83.9875-83.9875-83.985-83.9875--1--1.0-false--1-1292798100-83.9875-83.9875-83.975-83.98--1--1.0-false--1-1292798400-83.98-83.9825-83.9625-83.965--1--1.0-false--1-1292798700-83.965-83.985-83.965-83.9825--1--1.0-false--1-1292799000-83.9825-83.985-83.9825-83.985--1--1.0-false--1-1292799300-83.985-83.995-83.975-83.995--1--1.0-false--1-1292799600-83.995-84.0325-83.9825-84.0125--1--1.0-false--1-1292799900-84.0125-84.0325-84.01-84.025--1--1.0-false--1-1292800200-84.025-84.0425-84.0225-84.0425--1--1.0-false--1-1292800500-84.0425-84.0425-84.025-84.025--1--1.0-false--1-1292800800-84.025-84.035-84.0175-84.035--1--1.0-false--1-
