
SQL*Loader: Release 11.2.0.1.0 - Production on Sat Mar 26 21:59:46 2011

Copyright (c) 1982, 2009, Oracle and/or its affiliates.  All rights reserved.

Control File:   ystk_stage.ctl
Data File:      ystk_stage.csv
  Bad File:     ystk_stage.bad
  Discard File:  none specified
 
 (Allow all discards)

Number to load: ALL
Number to skip: 0
Errors allowed: 50
Bind array:     123456 rows, maximum of 20971520 bytes
Continuation:    none specified
Path used:      Conventional

Table YSTK_STAGE, loaded from every logical record.
Insert option in effect for this table: REPLACE
TRAILING NULLCOLS option in effect

   Column Name                  Position   Len  Term Encl Datatype
------------------------------ ---------- ----- ---- ---- ---------------------
TKR                                 FIRST     *   ,       CHARACTER            
    NULL if TKR = BLANKS
YDATE                                NEXT     *   ,       DATE YYYY-MM-DD      
    NULL if YDATE = BLANKS
OPN                                  NEXT     *   ,       CHARACTER            
    NULL if OPN = BLANKS
MX                                   NEXT     *   ,       CHARACTER            
    NULL if MX = BLANKS
MN                                   NEXT     *   ,       CHARACTER            
    NULL if MN = BLANKS
CLSE0                                NEXT     *   ,       CHARACTER            
    NULL if CLSE0 = BLANKS
VOL                                  NEXT     *   ,       CHARACTER            
    NULL if VOL = BLANKS
CLSE                                 NEXT     *   ,       CHARACTER            
    NULL if CLSE = BLANKS

value used for ROWS parameter changed from 123456 to 10160

Table YSTK_STAGE:
  829012 Rows successfully loaded.
  0 Rows not loaded due to data errors.
  0 Rows not loaded because all WHEN clauses were failed.
  0 Rows not loaded because all fields were null.


Space allocated for bind array:               20970240 bytes(10160 rows)
Read   buffer bytes:20971520

Total logical records skipped:          0
Total logical records read:        829012
Total logical records rejected:         0
Total logical records discarded:        0

Run began on Sat Mar 26 21:59:46 2011
Run ended on Sat Mar 26 22:00:59 2011

Elapsed time was:     00:01:12.34
CPU time was:         00:00:04.52
