----------------------------------------
22:13:56:271 -> 9-1-1299877292-
22:13:56:309 -> 5-22-1299873716-12087817-EUR-CASH--0-?-IDEALPRO-CHF-EUR.CHF-BUY-90000-MKT-0.0-0.0-GTC--U163766-C-0--1-834228025-0-0-0-20110314 01:15:00 GMT-834228025.0/U163766/100------A---0--0-------0-0-0--3-0-0--0-0--0-None--0-0---------IB-0-0--0-PreSubmitted-------CHF--3-6-1299873716-PreSubmitted-0-90000-0-834228025-0-0-1--
22:13:56:310 -> 5-22-1299873612-15016065-EUR-CASH--0-?-IDEALPRO-AUD-EUR.AUD-SELL-90000-MKT-0.0-0.0-GTC--U163766-C-0--1-834228024-0-0-0-20110313 23:05:00 GMT-834228024.0/U163766/100------A---0--0-------0-0-0--3-0-0--0-0--0-None--0-0---------IB-0-0--0-PreSubmitted-------AUD--3-6-1299873612-PreSubmitted-0-90000-0-834228024-0-0-1--
22:13:56:314 -> 5-22-1299877291-12087797-GBP-CASH--0-?-IDEALPRO-USD-GBP.USD-BUY-80000-MKT-0.0-0.0-GTC--U163766-C-0--1-834228029-0-0-0-20110314 01:40:00 GMT-834228029.0/U163766/100------A---0--0-------0-0-0--3-0-0--0-0--0-None--0-0---------IB-0-0--0-PreSubmitted-------USD--3-6-1299877291-PreSubmitted-0-80000-0-834228029-0-0-1--
22:13:56:315 -> 5-22-1299873159-12087807-EUR-CASH--0-?-IDEALPRO-GBP-EUR.GBP-SELL-90000-MKT-0.0-0.0-GTC--U163766-C-0--1-834228017-0-0-0-20110313 23:40:00 GMT-834228017.1/U163766/100------A---0--0-------0-0-0--3-0-0--0-0--0-None--0-0---------IB-0-0--0-PreSubmitted-------GBP--3-6-1299873159-PreSubmitted-0-90000-0-834228017-0-0-1--
22:13:56:315 -> 53-1-
22:13:56:317 -> 4-2--1-2104-Market data farm connection is OK:cashfarm-
22:13:57:033 -> 4-2--1-2106-HMDS data farm connection is OK:ushmds2a-
22:13:57:045 -> 4-2-10-165-Historical Market Data Service query message:HMDS server connection was successful.-
22:13:57:327 -> 17-3-10-20110312  22:14:56-20110313  22:14:56-12-1300050900-1.014675-1.01470-1.013825-1.014125--1--1.00000-false--1-1300051200-1.014125-1.01440-1.013925-1.013975--1--1.00000-false--1-1300051500-1.013975-1.01405-1.013775-1.013775--1--1.00000-false--1-1300051800-1.013775-1.013775-1.013725-1.01375--1--1.00000-false--1-1300052100-1.01375-1.01375-1.013175-1.013325--1--1.00000-false--1-1300052400-1.013325-1.013325-1.012525-1.012575--1--1.00000-false--1-1300052700-1.012575-1.012575-1.01180-1.01210--1--1.00000-false--1-1300053000-1.01210-1.012625-1.011625-1.012625--1--1.00000-false--1-1300053300-1.012625-1.01285-1.01255-1.012825--1--1.00000-false--1-1300053600-1.012825-1.012825-1.01090-1.01140--1--1.00000-false--1-1300053900-1.01140-1.011425-1.01055-1.01060--1--1.00000-false--1-1300054200-1.01060-1.01065-1.00925-1.010025--1--1.00000-false--1-
----------------------------------------
22:14:09:690 -> 9-1-1299877292-
22:14:09:691 -> 5-22-1299873716-12087817-EUR-CASH--0-?-IDEALPRO-CHF-EUR.CHF-BUY-90000-MKT-0.0-0.0-GTC--U163766-C-0--1-834228025-0-0-0-20110314 01:15:00 GMT-834228025.0/U163766/100------A---0--0-------0-0-0--3-0-0--0-0--0-None--0-0---------IB-0-0--0-PreSubmitted-------CHF--3-6-1299873716-PreSubmitted-0-90000-0-834228025-0-0-1--
22:14:09:692 -> 5-22-1299873612-15016065-EUR-CASH--0-?-IDEALPRO-AUD-EUR.AUD-SELL-90000-MKT-0.0-0.0-GTC--U163766-C-0--1-834228024-0-0-0-20110313 23:05:00 GMT-834228024.0/U163766/100------A---0--0-------0-0-0--3-0-0--0-0--0-None--0-0---------IB-0-0--0-PreSubmitted-------AUD--3-6-1299873612-PreSubmitted-0-90000-0-834228024-0-0-1--
22:14:09:693 -> 5-22-1299877291-12087797-GBP-CASH--0-?-IDEALPRO-USD-GBP.USD-BUY-80000-MKT-0.0-0.0-GTC--U163766-C-0--1-834228029-0-0-0-20110314 01:40:00 GMT-834228029.0/U163766/100------A---0--0-------0-0-0--3-0-0--0-0--0-None--0-0---------IB-0-0--0-PreSubmitted-------USD--3-6-1299877291-PreSubmitted-0-80000-0-834228029-0-0-1--
22:14:09:694 -> 5-22-1299873159-12087807-EUR-CASH--0-?-IDEALPRO-GBP-EUR.GBP-SELL-90000-MKT-0.0-0.0-GTC--U163766-C-0--1-834228017-0-0-0-20110313 23:40:00 GMT-834228017.1/U163766/100------A---0--0-------0-0-0--3-0-0--0-0--0-None--0-0---------IB-0-0--0-PreSubmitted-------GBP--3-6-1299873159-PreSubmitted-0-90000-0-834228017-0-0-1--
22:14:09:694 -> 53-1-
22:14:09:694 -> 4-2--1-2104-Market data farm connection is OK:cashfarm-
22:14:09:712 -> 4-2--1-2106-HMDS data farm connection is OK:ushmds2a-
22:14:10:153 -> 17-3-10-20110312  22:15:09-20110313  22:15:09-12-1300050900-1.39565-1.39565-1.394275-1.39535--1--1.00000-false--1-1300051200-1.39535-1.395575-1.395125-1.395125--1--1.00000-false--1-1300051500-1.395125-1.39540-1.39505-1.39540--1--1.00000-false--1-1300051800-1.39540-1.395425-1.395225-1.39530--1--1.00000-false--1-1300052100-1.39530-1.395825-1.395275-1.395825--1--1.00000-false--1-1300052400-1.395825-1.395825-1.395625-1.395775--1--1.00000-false--1-1300052700-1.395775-1.396525-1.39575-1.39635--1--1.00000-false--1-1300053000-1.39635-1.396875-1.39625-1.39630--1--1.00000-false--1-1300053300-1.39630-1.397875-1.396225-1.397875--1--1.00000-false--1-1300053600-1.397875-1.397875-1.39540-1.395425--1--1.00000-false--1-1300053900-1.395425-1.39565-1.395275-1.395275--1--1.00000-false--1-1300054200-1.395275-1.396075-1.394775-1.39565--1--1.00000-false--1-
----------------------------------------
22:14:23:321 -> 9-1-1299877292-
22:14:23:324 -> 5-22-1299873716-12087817-EUR-CASH--0-?-IDEALPRO-CHF-EUR.CHF-BUY-90000-MKT-0.0-0.0-GTC--U163766-C-0--1-834228025-0-0-0-20110314 01:15:00 GMT-834228025.0/U163766/100------A---0--0-------0-0-0--3-0-0--0-0--0-None--0-0---------IB-0-0--0-PreSubmitted-------CHF--3-6-1299873716-PreSubmitted-0-90000-0-834228025-0-0-1--
22:14:23:326 -> 5-22-1299873612-15016065-EUR-CASH--0-?-IDEALPRO-AUD-EUR.AUD-SELL-90000-MKT-0.0-0.0-GTC--U163766-C-0--1-834228024-0-0-0-20110313 23:05:00 GMT-834228024.0/U163766/100------A---0--0-------0-0-0--3-0-0--0-0--0-None--0-0---------IB-0-0--0-PreSubmitted-------AUD--3-6-1299873612-PreSubmitted-0-90000-0-834228024-0-0-1--
22:14:23:328 -> 5-22-1299877291-12087797-GBP-CASH--0-?-IDEALPRO-USD-GBP.USD-BUY-80000-MKT-0.0-0.0-GTC--U163766-C-0--1-834228029-0-0-0-20110314 01:40:00 GMT-834228029.0/U163766/100------A---0--0-------0-0-0--3-0-0--0-0--0-None--0-0---------IB-0-0--0-PreSubmitted-------USD--3-6-1299877291-PreSubmitted-0-80000-0-834228029-0-0-1--
22:14:23:330 -> 5-22-1299873159-12087807-EUR-CASH--0-?-IDEALPRO-GBP-EUR.GBP-SELL-90000-MKT-0.0-0.0-GTC--U163766-C-0--1-834228017-0-0-0-20110313 23:40:00 GMT-834228017.1/U163766/100------A---0--0-------0-0-0--3-0-0--0-0--0-None--0-0---------IB-0-0--0-PreSubmitted-------GBP--3-6-1299873159-PreSubmitted-0-90000-0-834228017-0-0-1--
22:14:23:331 -> 53-1-
22:14:23:331 -> 4-2--1-2104-Market data farm connection is OK:cashfarm-
22:14:23:331 -> 4-2--1-2106-HMDS data farm connection is OK:ushmds2a-
22:14:23:586 -> 17-3-10-20110312  22:15:23-20110313  22:15:23-12-1300050900-1.60870-1.60890-1.608225-1.608675--1--1.00000-false--1-1300051200-1.608675-1.60870-1.608175-1.60830--1--1.00000-false--1-1300051500-1.60830-1.60840-1.608275-1.608275--1--1.00000-false--1-1300051800-1.608275-1.60840-1.608275-1.60835--1--1.00000-false--1-1300052100-1.60835-1.60845-1.608325-1.608425--1--1.00000-false--1-1300052400-1.608425-1.608425-1.60835-1.60840--1--1.00000-false--1-1300052700-1.60840-1.608475-1.60835-1.60840--1--1.00000-false--1-1300053000-1.60840-1.60845-1.60840-1.608425--1--1.00000-false--1-1300053300-1.608425-1.60940-1.608425-1.609375--1--1.00000-false--1-1300053600-1.609375-1.609375-1.608125-1.608525--1--1.00000-false--1-1300053900-1.608525-1.608525-1.607575-1.60760--1--1.00000-false--1-1300054200-1.60760-1.60965-1.607125-1.609525--1--1.00000-false--1-
----------------------------------------
22:14:36:821 -> 9-1-1299877292-
22:14:36:822 -> 5-22-1299873716-12087817-EUR-CASH--0-?-IDEALPRO-CHF-EUR.CHF-BUY-90000-MKT-0.0-0.0-GTC--U163766-C-0--1-834228025-0-0-0-20110314 01:15:00 GMT-834228025.0/U163766/100------A---0--0-------0-0-0--3-0-0--0-0--0-None--0-0---------IB-0-0--0-PreSubmitted-------CHF--3-6-1299873716-PreSubmitted-0-90000-0-834228025-0-0-1--
22:14:36:822 -> 5-22-1299873612-15016065-EUR-CASH--0-?-IDEALPRO-AUD-EUR.AUD-SELL-90000-MKT-0.0-0.0-GTC--U163766-C-0--1-834228024-0-0-0-20110313 23:05:00 GMT-834228024.0/U163766/100------A---0--0-------0-0-0--3-0-0--0-0--0-None--0-0---------IB-0-0--0-PreSubmitted-------AUD--3-6-1299873612-PreSubmitted-0-90000-0-834228024-0-0-1--
22:14:36:822 -> 5-22-1299877291-12087797-GBP-CASH--0-?-IDEALPRO-USD-GBP.USD-BUY-80000-MKT-0.0-0.0-GTC--U163766-C-0--1-834228029-0-0-0-20110314 01:40:00 GMT-834228029.0/U163766/100------A---0--0-------0-0-0--3-0-0--0-0--0-None--0-0---------IB-0-0--0-PreSubmitted-------USD--3-6-1299877291-PreSubmitted-0-80000-0-834228029-0-0-1--
22:14:36:823 -> 5-22-1299873159-12087807-EUR-CASH--0-?-IDEALPRO-GBP-EUR.GBP-SELL-90000-MKT-0.0-0.0-GTC--U163766-C-0--1-834228017-0-0-0-20110313 23:40:00 GMT-834228017.1/U163766/100------A---0--0-------0-0-0--3-0-0--0-0--0-None--0-0---------IB-0-0--0-PreSubmitted-------GBP--3-6-1299873159-PreSubmitted-0-90000-0-834228017-0-0-1--
22:14:36:823 -> 53-1-
22:14:36:823 -> 4-2--1-2104-Market data farm connection is OK:cashfarm-
22:14:36:841 -> 4-2--1-2106-HMDS data farm connection is OK:ushmds2a-
22:14:37:069 -> 17-3-10-20110312  22:15:37-20110313  22:15:37-12-1300050900-0.972975-0.973025-0.97255-0.97270--1--1.00000-false--1-1300051200-0.97270-0.97295-0.972325-0.97255--1--1.00000-false--1-1300051500-0.97255-0.97260-0.97255-0.97255--1--1.00000-false--1-1300051800-0.97255-0.97290-0.972525-0.97255--1--1.00000-false--1-1300052100-0.97255-0.972625-0.972525-0.972525--1--1.00000-false--1-1300052400-0.972525-0.97265-0.972525-0.97260--1--1.00000-false--1-1300052700-0.97260-0.97260-0.972575-0.97260--1--1.00000-false--1-1300053000-0.97260-0.972875-0.97255-0.972725--1--1.00000-false--1-1300053300-0.972725-0.973725-0.97270-0.973725--1--1.00000-false--1-1300053600-0.973725-0.973725-0.972575-0.97260--1--1.00000-false--1-1300053900-0.97260-0.97265-0.972425-0.97265--1--1.00000-false--1-1300054200-0.97265-0.97270-0.972225-0.972575--1--1.00000-false--1-
----------------------------------------
22:14:50:635 -> 9-1-1299877292-
22:14:50:637 -> 5-22-1299873716-12087817-EUR-CASH--0-?-IDEALPRO-CHF-EUR.CHF-BUY-90000-MKT-0.0-0.0-GTC--U163766-C-0--1-834228025-0-0-0-20110314 01:15:00 GMT-834228025.0/U163766/100------A---0--0-------0-0-0--3-0-0--0-0--0-None--0-0---------IB-0-0--0-PreSubmitted-------CHF--3-6-1299873716-PreSubmitted-0-90000-0-834228025-0-0-1--
22:14:50:639 -> 5-22-1299873612-15016065-EUR-CASH--0-?-IDEALPRO-AUD-EUR.AUD-SELL-90000-MKT-0.0-0.0-GTC--U163766-C-0--1-834228024-0-0-0-20110313 23:05:00 GMT-834228024.0/U163766/100------A---0--0-------0-0-0--3-0-0--0-0--0-None--0-0---------IB-0-0--0-PreSubmitted-------AUD--3-6-1299873612-PreSubmitted-0-90000-0-834228024-0-0-1--
22:14:50:641 -> 5-22-1299877291-12087797-GBP-CASH--0-?-IDEALPRO-USD-GBP.USD-BUY-80000-MKT-0.0-0.0-GTC--U163766-C-0--1-834228029-0-0-0-20110314 01:40:00 GMT-834228029.0/U163766/100------A---0--0-------0-0-0--3-0-0--0-0--0-None--0-0---------IB-0-0--0-PreSubmitted-------USD--3-6-1299877291-PreSubmitted-0-80000-0-834228029-0-0-1--
22:14:50:643 -> 5-22-1299873159-12087807-EUR-CASH--0-?-IDEALPRO-GBP-EUR.GBP-SELL-90000-MKT-0.0-0.0-GTC--U163766-C-0--1-834228017-0-0-0-20110313 23:40:00 GMT-834228017.1/U163766/100------A---0--0-------0-0-0--3-0-0--0-0--0-None--0-0---------IB-0-0--0-PreSubmitted-------GBP--3-6-1299873159-PreSubmitted-0-90000-0-834228017-0-0-1--
22:14:50:643 -> 53-1-
22:14:50:644 -> 4-2--1-2104-Market data farm connection is OK:cashfarm-
22:14:50:644 -> 4-2--1-2106-HMDS data farm connection is OK:ushmds2a-
22:14:50:889 -> 17-3-10-20110312  22:15:50-20110313  22:15:50-12-1300050900-0.92810-0.928675-0.92800-0.928475--1--1.00000-false--1-1300051200-0.928475-0.928475-0.92805-0.928475--1--1.00000-false--1-1300051500-0.928475-0.928525-0.92845-0.92845--1--1.00000-false--1-1300051800-0.92845-0.928525-0.92830-0.92840--1--1.00000-false--1-1300052100-0.92840-0.92845-0.92810-0.928125--1--1.00000-false--1-1300052400-0.928125-0.92850-0.927975-0.928175--1--1.00000-false--1-1300052700-0.928175-0.92825-0.927775-0.927975--1--1.00000-false--1-1300053000-0.927975-0.92800-0.92745-0.92770--1--1.00000-false--1-1300053300-0.92770-0.927975-0.927225-0.927225--1--1.00000-false--1-1300053600-0.927225-0.92895-0.927225-0.92890--1--1.00000-false--1-1300053900-0.92890-0.928925-0.928725-0.928925--1--1.00000-false--1-1300054200-0.928925-0.928925-0.92580-0.92645--1--1.00000-false--1-
----------------------------------------
22:15:04:141 -> 9-1-1299877292-
22:15:04:143 -> 5-22-1299873716-12087817-EUR-CASH--0-?-IDEALPRO-CHF-EUR.CHF-BUY-90000-MKT-0.0-0.0-GTC--U163766-C-0--1-834228025-0-0-0-20110314 01:15:00 GMT-834228025.0/U163766/100------A---0--0-------0-0-0--3-0-0--0-0--0-None--0-0---------IB-0-0--0-PreSubmitted-------CHF--3-6-1299873716-PreSubmitted-0-90000-0-834228025-0-0-1--
22:15:04:145 -> 5-22-1299873612-15016065-EUR-CASH--0-?-IDEALPRO-AUD-EUR.AUD-SELL-90000-MKT-0.0-0.0-GTC--U163766-C-0--1-834228024-0-0-0-20110313 23:05:00 GMT-834228024.0/U163766/100------A---0--0-------0-0-0--3-0-0--0-0--0-None--0-0---------IB-0-0--0-PreSubmitted-------AUD--3-6-1299873612-PreSubmitted-0-90000-0-834228024-0-0-1--
22:15:04:147 -> 5-22-1299877291-12087797-GBP-CASH--0-?-IDEALPRO-USD-GBP.USD-BUY-80000-MKT-0.0-0.0-GTC--U163766-C-0--1-834228029-0-0-0-20110314 01:40:00 GMT-834228029.0/U163766/100------A---0--0-------0-0-0--3-0-0--0-0--0-None--0-0---------IB-0-0--0-PreSubmitted-------USD--3-6-1299877291-PreSubmitted-0-80000-0-834228029-0-0-1--
22:15:04:148 -> 5-22-1299873159-12087807-EUR-CASH--0-?-IDEALPRO-GBP-EUR.GBP-SELL-90000-MKT-0.0-0.0-GTC--U163766-C-0--1-834228017-0-0-0-20110313 23:40:00 GMT-834228017.1/U163766/100------A---0--0-------0-0-0--3-0-0--0-0--0-None--0-0---------IB-0-0--0-PreSubmitted-------GBP--3-6-1299873159-PreSubmitted-0-90000-0-834228017-0-0-1--
22:15:04:149 -> 53-1-
22:15:04:149 -> 4-2--1-2104-Market data farm connection is OK:cashfarm-
22:15:04:149 -> 4-2--1-2106-HMDS data farm connection is OK:ushmds2a-
22:15:04:400 -> 17-3-10-20110312  22:16:04-20110313  22:16:04-13-1300050900-81.7425-81.7825-81.740-81.755--1--1.000-false--1-1300051200-81.755-81.8175-81.755-81.790--1--1.000-false--1-1300051500-81.790-81.8325-81.7775-81.8175--1--1.000-false--1-1300051800-81.8175-81.8975-81.8175-81.8825--1--1.000-false--1-1300052100-81.8825-81.9125-81.875-81.890--1--1.000-false--1-1300052400-81.890-81.8925-81.875-81.875--1--1.000-false--1-1300052700-81.875-81.875-81.820-81.820--1--1.000-false--1-1300053000-81.820-81.8225-81.6525-81.7275--1--1.000-false--1-1300053300-81.7275-81.7625-81.695-81.695--1--1.000-false--1-1300053600-81.695-81.765-81.680-81.7025--1--1.000-false--1-1300053900-81.7025-81.7025-81.5025-81.505--1--1.000-false--1-1300054200-81.505-81.505-80.6175-80.7275--1--1.000-false--1-1300054500-80.7275-80.7575-80.7275-80.7425--1--1.000-false--1-
----------------------------------------
22:34:39:127 -> 9-1-1299877292-
22:34:39:128 -> 5-22-1299873716-12087817-EUR-CASH--0-?-IDEALPRO-CHF-EUR.CHF-BUY-90000-MKT-0.0-0.0-GTC--U163766-C-0--1-834228025-0-0-0-20110314 01:15:00 GMT-834228025.0/U163766/100------A---0--0-------0-0-0--3-0-0--0-0--0-None--0-0---------IB-0-0--0-PreSubmitted-------CHF--3-6-1299873716-PreSubmitted-0-90000-0-834228025-0-0-1--
22:34:39:128 -> 5-22-1299873612-15016065-EUR-CASH--0-?-IDEALPRO-AUD-EUR.AUD-SELL-90000-MKT-0.0-0.0-GTC--U163766-C-0--1-834228024-0-0-0-20110313 23:05:00 GMT-834228024.0/U163766/100------A---0--0-------0-0-0--3-0-0--0-0--0-None--0-0---------IB-0-0--0-PreSubmitted-------AUD--3-6-1299873612-PreSubmitted-0-90000-0-834228024-0-0-1--
22:34:39:128 -> 5-22-1299877291-12087797-GBP-CASH--0-?-IDEALPRO-USD-GBP.USD-BUY-80000-MKT-0.0-0.0-GTC--U163766-C-0--1-834228029-0-0-0-20110314 01:40:00 GMT-834228029.0/U163766/100------A---0--0-------0-0-0--3-0-0--0-0--0-None--0-0---------IB-0-0--0-PreSubmitted-------USD--3-6-1299877291-PreSubmitted-0-80000-0-834228029-0-0-1--
22:34:39:129 -> 5-22-1299873159-12087807-EUR-CASH--0-?-IDEALPRO-GBP-EUR.GBP-SELL-90000-MKT-0.0-0.0-GTC--U163766-C-0--1-834228017-0-0-0-20110313 23:40:00 GMT-834228017.1/U163766/100------A---0--0-------0-0-0--3-0-0--0-0--0-None--0-0---------IB-0-0--0-PreSubmitted-------GBP--3-6-1299873159-PreSubmitted-0-90000-0-834228017-0-0-1--
22:34:39:129 -> 53-1-
22:34:39:129 -> 4-2--1-2104-Market data farm connection is OK:cashfarm-
22:34:39:142 -> 4-2--1-2107-HMDS data farm connection is inactive but should be available upon demand.ushmds2a-
22:34:39:743 -> 4-2--1-2106-HMDS data farm connection is OK:ushmds2a-
22:34:39:744 -> 4-2-10-165-Historical Market Data Service query message:HMDS server connection was successful.-
22:34:40:008 -> 17-3-10-20110312  22:35:39-20110313  22:35:39-16-1300050900-1.014675-1.01470-1.013825-1.014125--1--1.00000-false--1-1300051200-1.014125-1.01440-1.013925-1.013975--1--1.00000-false--1-1300051500-1.013975-1.01405-1.013775-1.013775--1--1.00000-false--1-1300051800-1.013775-1.013775-1.013725-1.01375--1--1.00000-false--1-1300052100-1.01375-1.01375-1.013175-1.013325--1--1.00000-false--1-1300052400-1.013325-1.013325-1.012525-1.012575--1--1.00000-false--1-1300052700-1.012575-1.012575-1.01180-1.01210--1--1.00000-false--1-1300053000-1.01210-1.012625-1.011625-1.012625--1--1.00000-false--1-1300053300-1.012625-1.01285-1.01255-1.012825--1--1.00000-false--1-1300053600-1.012825-1.012825-1.01090-1.01140--1--1.00000-false--1-1300053900-1.01140-1.011425-1.01055-1.01060--1--1.00000-false--1-1300054200-1.01060-1.01065-1.00925-1.010175--1--1.00000-false--1-1300054500-1.010175-1.01165-1.009975-1.01130--1--1.00000-false--1-1300054800-1.01130-1.01165-1.010775-1.011475--1--1.00000-false--1-1300055100-1.011475-1.011525-1.01040-1.010475--1--1.00000-false--1-1300055400-1.010475-1.010475-1.009325-1.009525--1--1.00000-false--1-
----------------------------------------
22:34:52:837 -> 9-1-1299877292-
22:34:52:839 -> 5-22-1299873716-12087817-EUR-CASH--0-?-IDEALPRO-CHF-EUR.CHF-BUY-90000-MKT-0.0-0.0-GTC--U163766-C-0--1-834228025-0-0-0-20110314 01:15:00 GMT-834228025.0/U163766/100------A---0--0-------0-0-0--3-0-0--0-0--0-None--0-0---------IB-0-0--0-PreSubmitted-------CHF--3-6-1299873716-PreSubmitted-0-90000-0-834228025-0-0-1--
22:34:52:841 -> 5-22-1299873612-15016065-EUR-CASH--0-?-IDEALPRO-AUD-EUR.AUD-SELL-90000-MKT-0.0-0.0-GTC--U163766-C-0--1-834228024-0-0-0-20110313 23:05:00 GMT-834228024.0/U163766/100------A---0--0-------0-0-0--3-0-0--0-0--0-None--0-0---------IB-0-0--0-PreSubmitted-------AUD--3-6-1299873612-PreSubmitted-0-90000-0-834228024-0-0-1--
22:34:52:843 -> 5-22-1299877291-12087797-GBP-CASH--0-?-IDEALPRO-USD-GBP.USD-BUY-80000-MKT-0.0-0.0-GTC--U163766-C-0--1-834228029-0-0-0-20110314 01:40:00 GMT-834228029.0/U163766/100------A---0--0-------0-0-0--3-0-0--0-0--0-None--0-0---------IB-0-0--0-PreSubmitted-------USD--3-6-1299877291-PreSubmitted-0-80000-0-834228029-0-0-1--
22:34:52:844 -> 5-22-1299873159-12087807-EUR-CASH--0-?-IDEALPRO-GBP-EUR.GBP-SELL-90000-MKT-0.0-0.0-GTC--U163766-C-0--1-834228017-0-0-0-20110313 23:40:00 GMT-834228017.1/U163766/100------A---0--0-------0-0-0--3-0-0--0-0--0-None--0-0---------IB-0-0--0-PreSubmitted-------GBP--3-6-1299873159-PreSubmitted-0-90000-0-834228017-0-0-1--
22:34:52:844 -> 53-1-
22:34:52:845 -> 4-2--1-2104-Market data farm connection is OK:cashfarm-
22:34:52:845 -> 4-2--1-2106-HMDS data farm connection is OK:ushmds2a-
22:34:53:099 -> 17-3-10-20110312  22:35:53-20110313  22:35:53-16-1300050900-1.39565-1.39565-1.394275-1.39535--1--1.00000-false--1-1300051200-1.39535-1.395575-1.395125-1.395125--1--1.00000-false--1-1300051500-1.395125-1.39540-1.39505-1.39540--1--1.00000-false--1-1300051800-1.39540-1.395425-1.395225-1.39530--1--1.00000-false--1-1300052100-1.39530-1.395825-1.395275-1.395825--1--1.00000-false--1-1300052400-1.395825-1.395825-1.395625-1.395775--1--1.00000-false--1-1300052700-1.395775-1.396525-1.39575-1.39635--1--1.00000-false--1-1300053000-1.39635-1.396875-1.39625-1.39630--1--1.00000-false--1-1300053300-1.39630-1.397875-1.396225-1.397875--1--1.00000-false--1-1300053600-1.397875-1.397875-1.39540-1.395425--1--1.00000-false--1-1300053900-1.395425-1.39565-1.395275-1.395275--1--1.00000-false--1-1300054200-1.395275-1.396075-1.394775-1.39550--1--1.00000-false--1-1300054500-1.39550-1.39560-1.394075-1.394475--1--1.00000-false--1-1300054800-1.394475-1.39650-1.394325-1.394525--1--1.00000-false--1-1300055100-1.394525-1.395075-1.393725-1.39385--1--1.00000-false--1-1300055400-1.39385-1.394175-1.39290-1.39325--1--1.00000-false--1-
----------------------------------------
22:35:06:386 -> 9-1-1299877292-
22:35:06:388 -> 5-22-1299873716-12087817-EUR-CASH--0-?-IDEALPRO-CHF-EUR.CHF-BUY-90000-MKT-0.0-0.0-GTC--U163766-C-0--1-834228025-0-0-0-20110314 01:15:00 GMT-834228025.0/U163766/100------A---0--0-------0-0-0--3-0-0--0-0--0-None--0-0---------IB-0-0--0-PreSubmitted-------CHF--3-6-1299873716-PreSubmitted-0-90000-0-834228025-0-0-1--
22:35:06:390 -> 5-22-1299873612-15016065-EUR-CASH--0-?-IDEALPRO-AUD-EUR.AUD-SELL-90000-MKT-0.0-0.0-GTC--U163766-C-0--1-834228024-0-0-0-20110313 23:05:00 GMT-834228024.0/U163766/100------A---0--0-------0-0-0--3-0-0--0-0--0-None--0-0---------IB-0-0--0-PreSubmitted-------AUD--3-6-1299873612-PreSubmitted-0-90000-0-834228024-0-0-1--
22:35:06:392 -> 5-22-1299877291-12087797-GBP-CASH--0-?-IDEALPRO-USD-GBP.USD-BUY-80000-MKT-0.0-0.0-GTC--U163766-C-0--1-834228029-0-0-0-20110314 01:40:00 GMT-834228029.0/U163766/100------A---0--0-------0-0-0--3-0-0--0-0--0-None--0-0---------IB-0-0--0-PreSubmitted-------USD--3-6-1299877291-PreSubmitted-0-80000-0-834228029-0-0-1--
22:35:06:394 -> 5-22-1299873159-12087807-EUR-CASH--0-?-IDEALPRO-GBP-EUR.GBP-SELL-90000-MKT-0.0-0.0-GTC--U163766-C-0--1-834228017-0-0-0-20110313 23:40:00 GMT-834228017.1/U163766/100------A---0--0-------0-0-0--3-0-0--0-0--0-None--0-0---------IB-0-0--0-PreSubmitted-------GBP--3-6-1299873159-PreSubmitted-0-90000-0-834228017-0-0-1--
22:35:06:394 -> 53-1-
22:35:06:394 -> 4-2--1-2104-Market data farm connection is OK:cashfarm-
22:35:06:394 -> 4-2--1-2106-HMDS data farm connection is OK:ushmds2a-
22:35:06:641 -> 17-3-10-20110312  22:36:06-20110313  22:36:06-17-1300050900-1.60870-1.60890-1.608225-1.608675--1--1.00000-false--1-1300051200-1.608675-1.60870-1.608175-1.60830--1--1.00000-false--1-1300051500-1.60830-1.60840-1.608275-1.608275--1--1.00000-false--1-1300051800-1.608275-1.60840-1.608275-1.60835--1--1.00000-false--1-1300052100-1.60835-1.60845-1.608325-1.608425--1--1.00000-false--1-1300052400-1.608425-1.608425-1.60835-1.60840--1--1.00000-false--1-1300052700-1.60840-1.608475-1.60835-1.60840--1--1.00000-false--1-1300053000-1.60840-1.60845-1.60840-1.608425--1--1.00000-false--1-1300053300-1.608425-1.60940-1.608425-1.609375--1--1.00000-false--1-1300053600-1.609375-1.609375-1.608125-1.608525--1--1.00000-false--1-1300053900-1.608525-1.608525-1.607575-1.60760--1--1.00000-false--1-1300054200-1.60760-1.60975-1.607125-1.60970--1--1.00000-false--1-1300054500-1.60970-1.609725-1.608575-1.60900--1--1.00000-false--1-1300054800-1.60900-1.60900-1.607675-1.60790--1--1.00000-false--1-1300055100-1.60790-1.607925-1.607475-1.607725--1--1.00000-false--1-1300055400-1.607725-1.607725-1.607025-1.60725--1--1.00000-false--1-1300055700-1.60725-1.60730-1.60715-1.60720--1--1.00000-false--1-
----------------------------------------
22:35:19:927 -> 9-1-1299877292-
22:35:19:929 -> 5-22-1299873716-12087817-EUR-CASH--0-?-IDEALPRO-CHF-EUR.CHF-BUY-90000-MKT-0.0-0.0-GTC--U163766-C-0--1-834228025-0-0-0-20110314 01:15:00 GMT-834228025.0/U163766/100------A---0--0-------0-0-0--3-0-0--0-0--0-None--0-0---------IB-0-0--0-PreSubmitted-------CHF--3-6-1299873716-PreSubmitted-0-90000-0-834228025-0-0-1--
22:35:19:931 -> 5-22-1299873612-15016065-EUR-CASH--0-?-IDEALPRO-AUD-EUR.AUD-SELL-90000-MKT-0.0-0.0-GTC--U163766-C-0--1-834228024-0-0-0-20110313 23:05:00 GMT-834228024.0/U163766/100------A---0--0-------0-0-0--3-0-0--0-0--0-None--0-0---------IB-0-0--0-PreSubmitted-------AUD--3-6-1299873612-PreSubmitted-0-90000-0-834228024-0-0-1--
22:35:19:933 -> 5-22-1299877291-12087797-GBP-CASH--0-?-IDEALPRO-USD-GBP.USD-BUY-80000-MKT-0.0-0.0-GTC--U163766-C-0--1-834228029-0-0-0-20110314 01:40:00 GMT-834228029.0/U163766/100------A---0--0-------0-0-0--3-0-0--0-0--0-None--0-0---------IB-0-0--0-PreSubmitted-------USD--3-6-1299877291-PreSubmitted-0-80000-0-834228029-0-0-1--
22:35:19:934 -> 5-22-1299873159-12087807-EUR-CASH--0-?-IDEALPRO-GBP-EUR.GBP-SELL-90000-MKT-0.0-0.0-GTC--U163766-C-0--1-834228017-0-0-0-20110313 23:40:00 GMT-834228017.1/U163766/100------A---0--0-------0-0-0--3-0-0--0-0--0-None--0-0---------IB-0-0--0-PreSubmitted-------GBP--3-6-1299873159-PreSubmitted-0-90000-0-834228017-0-0-1--
22:35:19:934 -> 53-1-
22:35:19:935 -> 4-2--1-2104-Market data farm connection is OK:cashfarm-
22:35:19:935 -> 4-2--1-2106-HMDS data farm connection is OK:ushmds2a-
22:35:20:175 -> 17-3-10-20110312  22:36:20-20110313  22:36:20-17-1300050900-0.972975-0.973025-0.97255-0.97270--1--1.00000-false--1-1300051200-0.97270-0.97295-0.972325-0.97255--1--1.00000-false--1-1300051500-0.97255-0.97260-0.97255-0.97255--1--1.00000-false--1-1300051800-0.97255-0.97290-0.972525-0.97255--1--1.00000-false--1-1300052100-0.97255-0.972625-0.972525-0.972525--1--1.00000-false--1-1300052400-0.972525-0.97265-0.972525-0.97260--1--1.00000-false--1-1300052700-0.97260-0.97260-0.972575-0.97260--1--1.00000-false--1-1300053000-0.97260-0.972875-0.97255-0.972725--1--1.00000-false--1-1300053300-0.972725-0.973725-0.97270-0.973725--1--1.00000-false--1-1300053600-0.973725-0.973725-0.972575-0.97260--1--1.00000-false--1-1300053900-0.97260-0.97265-0.972425-0.97265--1--1.00000-false--1-1300054200-0.97265-0.972775-0.972225-0.97275--1--1.00000-false--1-1300054500-0.97275-0.972775-0.97250-0.972625--1--1.00000-false--1-1300054800-0.972625-0.972775-0.972525-0.972725--1--1.00000-false--1-1300055100-0.972725-0.973375-0.97265-0.973375--1--1.00000-false--1-1300055400-0.973375-0.97370-0.97315-0.97330--1--1.00000-false--1-1300055700-0.97330-0.97335-0.973275-0.973275--1--1.00000-false--1-
----------------------------------------
22:35:33:686 -> 9-1-1299877292-
22:35:33:688 -> 5-22-1299873716-12087817-EUR-CASH--0-?-IDEALPRO-CHF-EUR.CHF-BUY-90000-MKT-0.0-0.0-GTC--U163766-C-0--1-834228025-0-0-0-20110314 01:15:00 GMT-834228025.0/U163766/100------A---0--0-------0-0-0--3-0-0--0-0--0-None--0-0---------IB-0-0--0-PreSubmitted-------CHF--3-6-1299873716-PreSubmitted-0-90000-0-834228025-0-0-1--
22:35:33:690 -> 5-22-1299873612-15016065-EUR-CASH--0-?-IDEALPRO-AUD-EUR.AUD-SELL-90000-MKT-0.0-0.0-GTC--U163766-C-0--1-834228024-0-0-0-20110313 23:05:00 GMT-834228024.0/U163766/100------A---0--0-------0-0-0--3-0-0--0-0--0-None--0-0---------IB-0-0--0-PreSubmitted-------AUD--3-6-1299873612-PreSubmitted-0-90000-0-834228024-0-0-1--
22:35:33:691 -> 5-22-1299877291-12087797-GBP-CASH--0-?-IDEALPRO-USD-GBP.USD-BUY-80000-MKT-0.0-0.0-GTC--U163766-C-0--1-834228029-0-0-0-20110314 01:40:00 GMT-834228029.0/U163766/100------A---0--0-------0-0-0--3-0-0--0-0--0-None--0-0---------IB-0-0--0-PreSubmitted-------USD--3-6-1299877291-PreSubmitted-0-80000-0-834228029-0-0-1--
22:35:33:693 -> 5-22-1299873159-12087807-EUR-CASH--0-?-IDEALPRO-GBP-EUR.GBP-SELL-90000-MKT-0.0-0.0-GTC--U163766-C-0--1-834228017-0-0-0-20110313 23:40:00 GMT-834228017.1/U163766/100------A---0--0-------0-0-0--3-0-0--0-0--0-None--0-0---------IB-0-0--0-PreSubmitted-------GBP--3-6-1299873159-PreSubmitted-0-90000-0-834228017-0-0-1--
22:35:33:693 -> 53-1-
22:35:33:694 -> 4-2--1-2104-Market data farm connection is OK:cashfarm-
22:35:33:694 -> 4-2--1-2106-HMDS data farm connection is OK:ushmds2a-
22:35:34:216 -> 17-3-10-20110312  22:36:34-20110313  22:36:34-17-1300050900-0.92810-0.928675-0.92800-0.928475--1--1.00000-false--1-1300051200-0.928475-0.928475-0.92805-0.928475--1--1.00000-false--1-1300051500-0.928475-0.928525-0.92845-0.92845--1--1.00000-false--1-1300051800-0.92845-0.928525-0.92830-0.92840--1--1.00000-false--1-1300052100-0.92840-0.92845-0.92810-0.928125--1--1.00000-false--1-1300052400-0.928125-0.92850-0.927975-0.928175--1--1.00000-false--1-1300052700-0.928175-0.92825-0.927775-0.927975--1--1.00000-false--1-1300053000-0.927975-0.92800-0.92745-0.92770--1--1.00000-false--1-1300053300-0.92770-0.927975-0.927225-0.927225--1--1.00000-false--1-1300053600-0.927225-0.92895-0.927225-0.92890--1--1.00000-false--1-1300053900-0.92890-0.928925-0.928725-0.928925--1--1.00000-false--1-1300054200-0.928925-0.928925-0.92580-0.92635--1--1.00000-false--1-1300054500-0.92635-0.927825-0.92635-0.926925--1--1.00000-false--1-1300054800-0.926925-0.926975-0.92640-0.926775--1--1.00000-false--1-1300055100-0.926775-0.92695-0.92585-0.926625--1--1.00000-false--1-1300055400-0.926625-0.92815-0.92630-0.927875--1--1.00000-false--1-1300055700-0.927875-0.92825-0.92785-0.92825--1--1.00000-false--1-
----------------------------------------
22:35:47:416 -> 9-1-1299877292-
22:35:47:416 -> 5-22-1299873716-12087817-EUR-CASH--0-?-IDEALPRO-CHF-EUR.CHF-BUY-90000-MKT-0.0-0.0-GTC--U163766-C-0--1-834228025-0-0-0-20110314 01:15:00 GMT-834228025.0/U163766/100------A---0--0-------0-0-0--3-0-0--0-0--0-None--0-0---------IB-0-0--0-PreSubmitted-------CHF--3-6-1299873716-PreSubmitted-0-90000-0-834228025-0-0-1--
22:35:47:417 -> 5-22-1299873612-15016065-EUR-CASH--0-?-IDEALPRO-AUD-EUR.AUD-SELL-90000-MKT-0.0-0.0-GTC--U163766-C-0--1-834228024-0-0-0-20110313 23:05:00 GMT-834228024.0/U163766/100------A---0--0-------0-0-0--3-0-0--0-0--0-None--0-0---------IB-0-0--0-PreSubmitted-------AUD--3-6-1299873612-PreSubmitted-0-90000-0-834228024-0-0-1--
22:35:47:417 -> 5-22-1299877291-12087797-GBP-CASH--0-?-IDEALPRO-USD-GBP.USD-BUY-80000-MKT-0.0-0.0-GTC--U163766-C-0--1-834228029-0-0-0-20110314 01:40:00 GMT-834228029.0/U163766/100------A---0--0-------0-0-0--3-0-0--0-0--0-None--0-0---------IB-0-0--0-PreSubmitted-------USD--3-6-1299877291-PreSubmitted-0-80000-0-834228029-0-0-1--
22:35:47:418 -> 5-22-1299873159-12087807-EUR-CASH--0-?-IDEALPRO-GBP-EUR.GBP-SELL-90000-MKT-0.0-0.0-GTC--U163766-C-0--1-834228017-0-0-0-20110313 23:40:00 GMT-834228017.1/U163766/100------A---0--0-------0-0-0--3-0-0--0-0--0-None--0-0---------IB-0-0--0-PreSubmitted-------GBP--3-6-1299873159-PreSubmitted-0-90000-0-834228017-0-0-1--
22:35:47:418 -> 53-1-
22:35:47:418 -> 4-2--1-2104-Market data farm connection is OK:cashfarm-
22:35:47:418 -> 4-2--1-2106-HMDS data farm connection is OK:ushmds2a-
22:35:47:668 -> 17-3-10-20110312  22:36:47-20110313  22:36:47-17-1300050900-81.7425-81.7825-81.740-81.755--1--1.000-false--1-1300051200-81.755-81.8175-81.755-81.790--1--1.000-false--1-1300051500-81.790-81.8325-81.7775-81.8175--1--1.000-false--1-1300051800-81.8175-81.8975-81.8175-81.8825--1--1.000-false--1-1300052100-81.8825-81.9125-81.875-81.890--1--1.000-false--1-1300052400-81.890-81.8925-81.875-81.875--1--1.000-false--1-1300052700-81.875-81.875-81.820-81.820--1--1.000-false--1-1300053000-81.820-81.8225-81.6525-81.7275--1--1.000-false--1-1300053300-81.7275-81.7625-81.695-81.695--1--1.000-false--1-1300053600-81.695-81.765-81.680-81.7025--1--1.000-false--1-1300053900-81.7025-81.7025-81.5025-81.505--1--1.000-false--1-1300054200-81.505-81.505-80.6175-80.7275--1--1.000-false--1-1300054500-80.7275-81.370-80.7275-81.3325--1--1.000-false--1-1300054800-81.3325-81.4425-81.2925-81.3825--1--1.000-false--1-1300055100-81.3825-81.385-81.0275-81.2225--1--1.000-false--1-1300055400-81.2225-81.365-81.1925-81.355--1--1.000-false--1-1300055700-81.355-81.4325-81.355-81.4275--1--1.000-false--1-
----------------------------------------
22:57:49:391 -> 9-1-1299877292-
22:57:49:416 -> 5-22-1299873716-12087817-EUR-CASH--0-?-IDEALPRO-CHF-EUR.CHF-BUY-90000-MKT-0.0-0.0-GTC--U163766-C-0--1-834228025-0-0-0-20110314 01:15:00 GMT-834228025.0/U163766/100------A---0--0-------0-0-0--3-0-0--0-0--0-None--0-0---------IB-0-0--0-PreSubmitted-------CHF--3-6-1299873716-PreSubmitted-0-90000-0-834228025-0-0-1--
22:57:49:416 -> 5-22-1299873612-15016065-EUR-CASH--0-?-IDEALPRO-AUD-EUR.AUD-SELL-90000-MKT-0.0-0.0-GTC--U163766-C-0--1-834228024-0-0-0-20110313 23:05:00 GMT-834228024.0/U163766/100------A---0--0-------0-0-0--3-0-0--0-0--0-None--0-0---------IB-0-0--0-PreSubmitted-------AUD--3-6-1299873612-PreSubmitted-0-90000-0-834228024-0-0-1--
22:57:49:417 -> 5-22-1299877291-12087797-GBP-CASH--0-?-IDEALPRO-USD-GBP.USD-BUY-80000-MKT-0.0-0.0-GTC--U163766-C-0--1-834228029-0-0-0-20110314 01:40:00 GMT-834228029.0/U163766/100------A---0--0-------0-0-0--3-0-0--0-0--0-None--0-0---------IB-0-0--0-PreSubmitted-------USD--3-6-1299877291-PreSubmitted-0-80000-0-834228029-0-0-1--
22:57:49:417 -> 5-22-1299873159-12087807-EUR-CASH--0-?-IDEALPRO-GBP-EUR.GBP-SELL-90000-MKT-0.0-0.0-GTC--U163766-C-0--1-834228017-0-0-0-20110313 23:40:00 GMT-834228017.1/U163766/100------A---0--0-------0-0-0--3-0-0--0-0--0-None--0-0---------IB-0-0--0-PreSubmitted-------GBP--3-6-1299873159-PreSubmitted-0-90000-0-834228017-0-0-1--
22:57:49:417 -> 53-1-
22:57:49:417 -> 4-2--1-2104-Market data farm connection is OK:cashfarm-
22:57:49:417 -> 4-2--1-2107-HMDS data farm connection is inactive but should be available upon demand.ushmds2a-
22:57:50:552 -> 4-2--1-2106-HMDS data farm connection is OK:ushmds2a-
22:57:50:555 -> 4-2-10-165-Historical Market Data Service query message:HMDS server connection was successful.-
22:57:50:841 -> 17-3-10-20110312  22:58:49-20110313  22:58:49-21-1300050900-1.014675-1.01470-1.013825-1.014125--1--1.00000-false--1-1300051200-1.014125-1.01440-1.013925-1.013975--1--1.00000-false--1-1300051500-1.013975-1.01405-1.013775-1.013775--1--1.00000-false--1-1300051800-1.013775-1.013775-1.013725-1.01375--1--1.00000-false--1-1300052100-1.01375-1.01375-1.013175-1.013325--1--1.00000-false--1-1300052400-1.013325-1.013325-1.012525-1.012575--1--1.00000-false--1-1300052700-1.012575-1.012575-1.01180-1.01210--1--1.00000-false--1-1300053000-1.01210-1.012625-1.011625-1.012625--1--1.00000-false--1-1300053300-1.012625-1.01285-1.01255-1.012825--1--1.00000-false--1-1300053600-1.012825-1.012825-1.01090-1.01140--1--1.00000-false--1-1300053900-1.01140-1.011425-1.01055-1.01060--1--1.00000-false--1-1300054200-1.01060-1.01065-1.00925-1.010175--1--1.00000-false--1-1300054500-1.010175-1.01165-1.009975-1.01130--1--1.00000-false--1-1300054800-1.01130-1.01165-1.010775-1.011475--1--1.00000-false--1-1300055100-1.011475-1.011525-1.01040-1.010475--1--1.00000-false--1-1300055400-1.010475-1.010475-1.009325-1.00955--1--1.00000-false--1-1300055700-1.00955-1.010425-1.009125-1.010375--1--1.00000-false--1-1300056000-1.010375-1.01085-1.00985-1.01085--1--1.00000-false--1-1300056300-1.01085-1.01095-1.01035-1.010375--1--1.00000-false--1-1300056600-1.010375-1.01040-1.009625-1.00985--1--1.00000-false--1-1300056900-1.00985-1.00995-1.009775-1.009875--1--1.00000-false--1-
----------------------------------------
22:58:03:192 -> 9-1-1299877292-
22:58:03:194 -> 5-22-1299873716-12087817-EUR-CASH--0-?-IDEALPRO-CHF-EUR.CHF-BUY-90000-MKT-0.0-0.0-GTC--U163766-C-0--1-834228025-0-0-0-20110314 01:15:00 GMT-834228025.0/U163766/100------A---0--0-------0-0-0--3-0-0--0-0--0-None--0-0---------IB-0-0--0-PreSubmitted-------CHF--3-6-1299873716-PreSubmitted-0-90000-0-834228025-0-0-1--
22:58:03:196 -> 5-22-1299873612-15016065-EUR-CASH--0-?-IDEALPRO-AUD-EUR.AUD-SELL-90000-MKT-0.0-0.0-GTC--U163766-C-0--1-834228024-0-0-0-20110313 23:05:00 GMT-834228024.0/U163766/100------A---0--0-------0-0-0--3-0-0--0-0--0-None--0-0---------IB-0-0--0-PreSubmitted-------AUD--3-6-1299873612-PreSubmitted-0-90000-0-834228024-0-0-1--
22:58:03:198 -> 5-22-1299877291-12087797-GBP-CASH--0-?-IDEALPRO-USD-GBP.USD-BUY-80000-MKT-0.0-0.0-GTC--U163766-C-0--1-834228029-0-0-0-20110314 01:40:00 GMT-834228029.0/U163766/100------A---0--0-------0-0-0--3-0-0--0-0--0-None--0-0---------IB-0-0--0-PreSubmitted-------USD--3-6-1299877291-PreSubmitted-0-80000-0-834228029-0-0-1--
22:58:03:199 -> 5-22-1299873159-12087807-EUR-CASH--0-?-IDEALPRO-GBP-EUR.GBP-SELL-90000-MKT-0.0-0.0-GTC--U163766-C-0--1-834228017-0-0-0-20110313 23:40:00 GMT-834228017.1/U163766/100------A---0--0-------0-0-0--3-0-0--0-0--0-None--0-0---------IB-0-0--0-PreSubmitted-------GBP--3-6-1299873159-PreSubmitted-0-90000-0-834228017-0-0-1--
22:58:03:200 -> 53-1-
22:58:03:200 -> 4-2--1-2104-Market data farm connection is OK:cashfarm-
22:58:03:200 -> 4-2--1-2106-HMDS data farm connection is OK:ushmds2a-
22:58:03:472 -> 17-3-10-20110312  22:59:03-20110313  22:59:03-21-1300050900-1.39565-1.39565-1.394275-1.39535--1--1.00000-false--1-1300051200-1.39535-1.395575-1.395125-1.395125--1--1.00000-false--1-1300051500-1.395125-1.39540-1.39505-1.39540--1--1.00000-false--1-1300051800-1.39540-1.395425-1.395225-1.39530--1--1.00000-false--1-1300052100-1.39530-1.395825-1.395275-1.395825--1--1.00000-false--1-1300052400-1.395825-1.395825-1.395625-1.395775--1--1.00000-false--1-1300052700-1.395775-1.396525-1.39575-1.39635--1--1.00000-false--1-1300053000-1.39635-1.396875-1.39625-1.39630--1--1.00000-false--1-1300053300-1.39630-1.397875-1.396225-1.397875--1--1.00000-false--1-1300053600-1.397875-1.397875-1.39540-1.395425--1--1.00000-false--1-1300053900-1.395425-1.39565-1.395275-1.395275--1--1.00000-false--1-1300054200-1.395275-1.396075-1.394775-1.39550--1--1.00000-false--1-1300054500-1.39550-1.39560-1.394075-1.394475--1--1.00000-false--1-1300054800-1.394475-1.39650-1.394325-1.394525--1--1.00000-false--1-1300055100-1.394525-1.395075-1.393725-1.39385--1--1.00000-false--1-1300055400-1.39385-1.394175-1.39290-1.393075--1--1.00000-false--1-1300055700-1.393075-1.39370-1.393025-1.393425--1--1.00000-false--1-1300056000-1.393425-1.394225-1.392825-1.394125--1--1.00000-false--1-1300056300-1.394125-1.394125-1.393325-1.393475--1--1.00000-false--1-1300056600-1.393475-1.393875-1.39300-1.39370--1--1.00000-false--1-1300056900-1.39370-1.39520-1.393425-1.39500--1--1.00000-false--1-
----------------------------------------
22:58:17:051 -> 9-1-1299877292-
22:58:17:052 -> 5-22-1299873716-12087817-EUR-CASH--0-?-IDEALPRO-CHF-EUR.CHF-BUY-90000-MKT-0.0-0.0-GTC--U163766-C-0--1-834228025-0-0-0-20110314 01:15:00 GMT-834228025.0/U163766/100------A---0--0-------0-0-0--3-0-0--0-0--0-None--0-0---------IB-0-0--0-PreSubmitted-------CHF--3-6-1299873716-PreSubmitted-0-90000-0-834228025-0-0-1--
22:58:17:053 -> 5-22-1299873612-15016065-EUR-CASH--0-?-IDEALPRO-AUD-EUR.AUD-SELL-90000-MKT-0.0-0.0-GTC--U163766-C-0--1-834228024-0-0-0-20110313 23:05:00 GMT-834228024.0/U163766/100------A---0--0-------0-0-0--3-0-0--0-0--0-None--0-0---------IB-0-0--0-PreSubmitted-------AUD--3-6-1299873612-PreSubmitted-0-90000-0-834228024-0-0-1--
22:58:17:053 -> 5-22-1299877291-12087797-GBP-CASH--0-?-IDEALPRO-USD-GBP.USD-BUY-80000-MKT-0.0-0.0-GTC--U163766-C-0--1-834228029-0-0-0-20110314 01:40:00 GMT-834228029.0/U163766/100------A---0--0-------0-0-0--3-0-0--0-0--0-None--0-0---------IB-0-0--0-PreSubmitted-------USD--3-6-1299877291-PreSubmitted-0-80000-0-834228029-0-0-1--
22:58:17:054 -> 5-22-1299873159-12087807-EUR-CASH--0-?-IDEALPRO-GBP-EUR.GBP-SELL-90000-MKT-0.0-0.0-GTC--U163766-C-0--1-834228017-0-0-0-20110313 23:40:00 GMT-834228017.1/U163766/100------A---0--0-------0-0-0--3-0-0--0-0--0-None--0-0---------IB-0-0--0-PreSubmitted-------GBP--3-6-1299873159-PreSubmitted-0-90000-0-834228017-0-0-1--
22:58:17:054 -> 53-1-
22:58:17:054 -> 4-2--1-2104-Market data farm connection is OK:cashfarm-
22:58:17:054 -> 4-2--1-2106-HMDS data farm connection is OK:ushmds2a-
22:58:17:315 -> 17-3-10-20110312  22:59:17-20110313  22:59:17-21-1300050900-1.60870-1.60890-1.608225-1.608675--1--1.00000-false--1-1300051200-1.608675-1.60870-1.608175-1.60830--1--1.00000-false--1-1300051500-1.60830-1.60840-1.608275-1.608275--1--1.00000-false--1-1300051800-1.608275-1.60840-1.608275-1.60835--1--1.00000-false--1-1300052100-1.60835-1.60845-1.608325-1.608425--1--1.00000-false--1-1300052400-1.608425-1.608425-1.60835-1.60840--1--1.00000-false--1-1300052700-1.60840-1.608475-1.60835-1.60840--1--1.00000-false--1-1300053000-1.60840-1.60845-1.60840-1.608425--1--1.00000-false--1-1300053300-1.608425-1.60940-1.608425-1.609375--1--1.00000-false--1-1300053600-1.609375-1.609375-1.608125-1.608525--1--1.00000-false--1-1300053900-1.608525-1.608525-1.607575-1.60760--1--1.00000-false--1-1300054200-1.60760-1.60975-1.607125-1.60970--1--1.00000-false--1-1300054500-1.60970-1.609725-1.608575-1.60900--1--1.00000-false--1-1300054800-1.60900-1.60900-1.607675-1.60790--1--1.00000-false--1-1300055100-1.60790-1.607925-1.607475-1.607725--1--1.00000-false--1-1300055400-1.607725-1.607725-1.607025-1.60725--1--1.00000-false--1-1300055700-1.60725-1.607375-1.607075-1.60725--1--1.00000-false--1-1300056000-1.60725-1.607475-1.607025-1.60735--1--1.00000-false--1-1300056300-1.60735-1.607725-1.60730-1.60750--1--1.00000-false--1-1300056600-1.60750-1.60755-1.60710-1.607225--1--1.00000-false--1-1300056900-1.607225-1.60845-1.607225-1.60840--1--1.00000-false--1-
----------------------------------------
22:58:30:752 -> 9-1-1299877292-
22:58:30:752 -> 5-22-1299873716-12087817-EUR-CASH--0-?-IDEALPRO-CHF-EUR.CHF-BUY-90000-MKT-0.0-0.0-GTC--U163766-C-0--1-834228025-0-0-0-20110314 01:15:00 GMT-834228025.0/U163766/100------A---0--0-------0-0-0--3-0-0--0-0--0-None--0-0---------IB-0-0--0-PreSubmitted-------CHF--3-6-1299873716-PreSubmitted-0-90000-0-834228025-0-0-1--
22:58:30:753 -> 5-22-1299873612-15016065-EUR-CASH--0-?-IDEALPRO-AUD-EUR.AUD-SELL-90000-MKT-0.0-0.0-GTC--U163766-C-0--1-834228024-0-0-0-20110313 23:05:00 GMT-834228024.0/U163766/100------A---0--0-------0-0-0--3-0-0--0-0--0-None--0-0---------IB-0-0--0-PreSubmitted-------AUD--3-6-1299873612-PreSubmitted-0-90000-0-834228024-0-0-1--
22:58:30:753 -> 5-22-1299877291-12087797-GBP-CASH--0-?-IDEALPRO-USD-GBP.USD-BUY-80000-MKT-0.0-0.0-GTC--U163766-C-0--1-834228029-0-0-0-20110314 01:40:00 GMT-834228029.0/U163766/100------A---0--0-------0-0-0--3-0-0--0-0--0-None--0-0---------IB-0-0--0-PreSubmitted-------USD--3-6-1299877291-PreSubmitted-0-80000-0-834228029-0-0-1--
22:58:30:754 -> 5-22-1299873159-12087807-EUR-CASH--0-?-IDEALPRO-GBP-EUR.GBP-SELL-90000-MKT-0.0-0.0-GTC--U163766-C-0--1-834228017-0-0-0-20110313 23:40:00 GMT-834228017.1/U163766/100------A---0--0-------0-0-0--3-0-0--0-0--0-None--0-0---------IB-0-0--0-PreSubmitted-------GBP--3-6-1299873159-PreSubmitted-0-90000-0-834228017-0-0-1--
22:58:30:754 -> 53-1-
22:58:30:754 -> 4-2--1-2104-Market data farm connection is OK:cashfarm-
22:58:30:754 -> 4-2--1-2106-HMDS data farm connection is OK:ushmds2a-
22:58:31:259 -> 17-3-10-20110312  22:59:30-20110313  22:59:30-21-1300050900-0.972975-0.973025-0.97255-0.97270--1--1.00000-false--1-1300051200-0.97270-0.97295-0.972325-0.97255--1--1.00000-false--1-1300051500-0.97255-0.97260-0.97255-0.97255--1--1.00000-false--1-1300051800-0.97255-0.97290-0.972525-0.97255--1--1.00000-false--1-1300052100-0.97255-0.972625-0.972525-0.972525--1--1.00000-false--1-1300052400-0.972525-0.97265-0.972525-0.97260--1--1.00000-false--1-1300052700-0.97260-0.97260-0.972575-0.97260--1--1.00000-false--1-1300053000-0.97260-0.972875-0.97255-0.972725--1--1.00000-false--1-1300053300-0.972725-0.973725-0.97270-0.973725--1--1.00000-false--1-1300053600-0.973725-0.973725-0.972575-0.97260--1--1.00000-false--1-1300053900-0.97260-0.97265-0.972425-0.97265--1--1.00000-false--1-1300054200-0.97265-0.972775-0.972225-0.97275--1--1.00000-false--1-1300054500-0.97275-0.972775-0.97250-0.972625--1--1.00000-false--1-1300054800-0.972625-0.972775-0.972525-0.972725--1--1.00000-false--1-1300055100-0.972725-0.973375-0.97265-0.973375--1--1.00000-false--1-1300055400-0.973375-0.97370-0.97315-0.97330--1--1.00000-false--1-1300055700-0.97330-0.97335-0.972825-0.972975--1--1.00000-false--1-1300056000-0.972975-0.973225-0.97290-0.972975--1--1.00000-false--1-1300056300-0.972975-0.97365-0.972975-0.97345--1--1.00000-false--1-1300056600-0.97345-0.973625-0.973375-0.973625--1--1.00000-false--1-1300056900-0.973625-0.973775-0.97345-0.973625--1--1.00000-false--1-
----------------------------------------
22:58:44:150 -> 9-1-1299877292-
22:58:44:151 -> 5-22-1299873716-12087817-EUR-CASH--0-?-IDEALPRO-CHF-EUR.CHF-BUY-90000-MKT-0.0-0.0-GTC--U163766-C-0--1-834228025-0-0-0-20110314 01:15:00 GMT-834228025.0/U163766/100------A---0--0-------0-0-0--3-0-0--0-0--0-None--0-0---------IB-0-0--0-PreSubmitted-------CHF--3-6-1299873716-PreSubmitted-0-90000-0-834228025-0-0-1--
22:58:44:151 -> 5-22-1299873612-15016065-EUR-CASH--0-?-IDEALPRO-AUD-EUR.AUD-SELL-90000-MKT-0.0-0.0-GTC--U163766-C-0--1-834228024-0-0-0-20110313 23:05:00 GMT-834228024.0/U163766/100------A---0--0-------0-0-0--3-0-0--0-0--0-None--0-0---------IB-0-0--0-PreSubmitted-------AUD--3-6-1299873612-PreSubmitted-0-90000-0-834228024-0-0-1--
22:58:44:152 -> 5-22-1299877291-12087797-GBP-CASH--0-?-IDEALPRO-USD-GBP.USD-BUY-80000-MKT-0.0-0.0-GTC--U163766-C-0--1-834228029-0-0-0-20110314 01:40:00 GMT-834228029.0/U163766/100------A---0--0-------0-0-0--3-0-0--0-0--0-None--0-0---------IB-0-0--0-PreSubmitted-------USD--3-6-1299877291-PreSubmitted-0-80000-0-834228029-0-0-1--
22:58:44:152 -> 5-22-1299873159-12087807-EUR-CASH--0-?-IDEALPRO-GBP-EUR.GBP-SELL-90000-MKT-0.0-0.0-GTC--U163766-C-0--1-834228017-0-0-0-20110313 23:40:00 GMT-834228017.1/U163766/100------A---0--0-------0-0-0--3-0-0--0-0--0-None--0-0---------IB-0-0--0-PreSubmitted-------GBP--3-6-1299873159-PreSubmitted-0-90000-0-834228017-0-0-1--
22:58:44:152 -> 53-1-
22:58:44:152 -> 4-2--1-2104-Market data farm connection is OK:cashfarm-
22:58:44:161 -> 4-2--1-2106-HMDS data farm connection is OK:ushmds2a-
22:58:44:643 -> 17-3-10-20110312  22:59:45-20110313  22:59:45-21-1300050900-0.92810-0.928675-0.92800-0.928475--1--1.00000-false--1-1300051200-0.928475-0.928475-0.92805-0.928475--1--1.00000-false--1-1300051500-0.928475-0.928525-0.92845-0.92845--1--1.00000-false--1-1300051800-0.92845-0.928525-0.92830-0.92840--1--1.00000-false--1-1300052100-0.92840-0.92845-0.92810-0.928125--1--1.00000-false--1-1300052400-0.928125-0.92850-0.927975-0.928175--1--1.00000-false--1-1300052700-0.928175-0.92825-0.927775-0.927975--1--1.00000-false--1-1300053000-0.927975-0.92800-0.92745-0.92770--1--1.00000-false--1-1300053300-0.92770-0.927975-0.927225-0.927225--1--1.00000-false--1-1300053600-0.927225-0.92895-0.927225-0.92890--1--1.00000-false--1-1300053900-0.92890-0.928925-0.928725-0.928925--1--1.00000-false--1-1300054200-0.928925-0.928925-0.92580-0.92635--1--1.00000-false--1-1300054500-0.92635-0.927825-0.92635-0.926925--1--1.00000-false--1-1300054800-0.926925-0.926975-0.92640-0.926775--1--1.00000-false--1-1300055100-0.926775-0.92695-0.92585-0.926625--1--1.00000-false--1-1300055400-0.926625-0.92815-0.92630-0.927875--1--1.00000-false--1-1300055700-0.927875-0.92825-0.92785-0.92820--1--1.00000-false--1-1300056000-0.92820-0.928825-0.927675-0.927825--1--1.00000-false--1-1300056300-0.927825-0.928775-0.927825-0.928675--1--1.00000-false--1-1300056600-0.928675-0.928825-0.928375-0.928425--1--1.00000-false--1-1300056900-0.928425-0.928425-0.92740-0.927975--1--1.00000-false--1-
----------------------------------------
22:58:57:811 -> 9-1-1299877292-
22:58:57:812 -> 5-22-1299873716-12087817-EUR-CASH--0-?-IDEALPRO-CHF-EUR.CHF-BUY-90000-MKT-0.0-0.0-GTC--U163766-C-0--1-834228025-0-0-0-20110314 01:15:00 GMT-834228025.0/U163766/100------A---0--0-------0-0-0--3-0-0--0-0--0-None--0-0---------IB-0-0--0-PreSubmitted-------CHF--3-6-1299873716-PreSubmitted-0-90000-0-834228025-0-0-1--
22:58:57:812 -> 5-22-1299873612-15016065-EUR-CASH--0-?-IDEALPRO-AUD-EUR.AUD-SELL-90000-MKT-0.0-0.0-GTC--U163766-C-0--1-834228024-0-0-0-20110313 23:05:00 GMT-834228024.0/U163766/100------A---0--0-------0-0-0--3-0-0--0-0--0-None--0-0---------IB-0-0--0-PreSubmitted-------AUD--3-6-1299873612-PreSubmitted-0-90000-0-834228024-0-0-1--
22:58:57:812 -> 5-22-1299877291-12087797-GBP-CASH--0-?-IDEALPRO-USD-GBP.USD-BUY-80000-MKT-0.0-0.0-GTC--U163766-C-0--1-834228029-0-0-0-20110314 01:40:00 GMT-834228029.0/U163766/100------A---0--0-------0-0-0--3-0-0--0-0--0-None--0-0---------IB-0-0--0-PreSubmitted-------USD--3-6-1299877291-PreSubmitted-0-80000-0-834228029-0-0-1--
22:58:57:813 -> 5-22-1299873159-12087807-EUR-CASH--0-?-IDEALPRO-GBP-EUR.GBP-SELL-90000-MKT-0.0-0.0-GTC--U163766-C-0--1-834228017-0-0-0-20110313 23:40:00 GMT-834228017.1/U163766/100------A---0--0-------0-0-0--3-0-0--0-0--0-None--0-0---------IB-0-0--0-PreSubmitted-------GBP--3-6-1299873159-PreSubmitted-0-90000-0-834228017-0-0-1--
22:58:57:813 -> 53-1-
22:58:57:813 -> 4-2--1-2104-Market data farm connection is OK:cashfarm-
22:58:57:820 -> 4-2--1-2106-HMDS data farm connection is OK:ushmds2a-
22:58:58:108 -> 17-3-10-20110312  22:59:58-20110313  22:59:58-21-1300050900-81.7425-81.7825-81.740-81.755--1--1.000-false--1-1300051200-81.755-81.8175-81.755-81.790--1--1.000-false--1-1300051500-81.790-81.8325-81.7775-81.8175--1--1.000-false--1-1300051800-81.8175-81.8975-81.8175-81.8825--1--1.000-false--1-1300052100-81.8825-81.9125-81.875-81.890--1--1.000-false--1-1300052400-81.890-81.8925-81.875-81.875--1--1.000-false--1-1300052700-81.875-81.875-81.820-81.820--1--1.000-false--1-1300053000-81.820-81.8225-81.6525-81.7275--1--1.000-false--1-1300053300-81.7275-81.7625-81.695-81.695--1--1.000-false--1-1300053600-81.695-81.765-81.680-81.7025--1--1.000-false--1-1300053900-81.7025-81.7025-81.5025-81.505--1--1.000-false--1-1300054200-81.505-81.505-80.6175-80.7275--1--1.000-false--1-1300054500-80.7275-81.370-80.7275-81.3325--1--1.000-false--1-1300054800-81.3325-81.4425-81.2925-81.3825--1--1.000-false--1-1300055100-81.3825-81.385-81.0275-81.2225--1--1.000-false--1-1300055400-81.2225-81.365-81.1925-81.355--1--1.000-false--1-1300055700-81.355-81.4425-81.355-81.4175--1--1.000-false--1-1300056000-81.4175-81.6475-81.3975-81.605--1--1.000-false--1-1300056300-81.605-81.6575-81.455-81.560--1--1.000-false--1-1300056600-81.560-81.5725-81.460-81.4675--1--1.000-false--1-1300056900-81.4675-81.540-81.350-81.5325--1--1.000-false--1-
----------------------------------------
23:15:03:624 -> 9-1-1299877292-
23:15:03:638 -> 5-22-1299873716-12087817-EUR-CASH--0-?-IDEALPRO-CHF-EUR.CHF-BUY-90000-MKT-0.0-0.0-GTC--U163766-C-0--1-834228025-0-0-0-20110314 01:15:00 GMT-834228025.0/U163766/100------A---0--0-------0-0-0--3-0-0--0-0--0-None--0-0---------IB-0-0--0-PreSubmitted-------CHF--3-6-1299873716-PreSubmitted-0-90000-0-834228025-0-0-1--
23:15:03:640 -> 5-22-1299877291-12087797-GBP-CASH--0-?-IDEALPRO-USD-GBP.USD-BUY-80000-MKT-0.0-0.0-GTC--U163766-C-0--1-834228029-0-0-0-20110314 01:40:00 GMT-834228029.0/U163766/100------A---0--0-------0-0-0--3-0-0--0-0--0-None--0-0---------IB-0-0--0-PreSubmitted-------USD--3-6-1299877291-PreSubmitted-0-80000-0-834228029-0-0-1--
23:15:03:642 -> 5-22-1299873159-12087807-EUR-CASH--0-?-IDEALPRO-GBP-EUR.GBP-SELL-90000-MKT-0.0-0.0-GTC--U163766-C-0--1-834228017-0-0-0-20110313 23:40:00 GMT-834228017.1/U163766/100------A---0--0-------0-0-0--3-0-0--0-0--0-None--0-0---------IB-0-0--0-PreSubmitted-------GBP--3-6-1299873159-PreSubmitted-0-90000-0-834228017-0-0-1--
23:15:03:642 -> 53-1-
23:15:03:642 -> 4-2--1-2104-Market data farm connection is OK:cashfarm-
23:15:03:643 -> 4-2--1-2107-HMDS data farm connection is inactive but should be available upon demand.ushmds2a-
23:15:04:279 -> 4-2--1-2106-HMDS data farm connection is OK:ushmds2a-
23:15:04:279 -> 4-2-10-165-Historical Market Data Service query message:HMDS server connection was successful.-
23:15:04:556 -> 17-3-10-20110312  23:16:04-20110313  23:16:04-25-1300050900-1.014675-1.01470-1.013825-1.014125--1--1.00000-false--1-1300051200-1.014125-1.01440-1.013925-1.013975--1--1.00000-false--1-1300051500-1.013975-1.01405-1.013775-1.013775--1--1.00000-false--1-1300051800-1.013775-1.013775-1.013725-1.01375--1--1.00000-false--1-1300052100-1.01375-1.01375-1.013175-1.013325--1--1.00000-false--1-1300052400-1.013325-1.013325-1.012525-1.012575--1--1.00000-false--1-1300052700-1.012575-1.012575-1.01180-1.01210--1--1.00000-false--1-1300053000-1.01210-1.012625-1.011625-1.012625--1--1.00000-false--1-1300053300-1.012625-1.01285-1.01255-1.012825--1--1.00000-false--1-1300053600-1.012825-1.012825-1.01090-1.01140--1--1.00000-false--1-1300053900-1.01140-1.011425-1.01055-1.01060--1--1.00000-false--1-1300054200-1.01060-1.01065-1.00925-1.010175--1--1.00000-false--1-1300054500-1.010175-1.01165-1.009975-1.01130--1--1.00000-false--1-1300054800-1.01130-1.01165-1.010775-1.011475--1--1.00000-false--1-1300055100-1.011475-1.011525-1.01040-1.010475--1--1.00000-false--1-1300055400-1.010475-1.010475-1.009325-1.00955--1--1.00000-false--1-1300055700-1.00955-1.010425-1.009125-1.010375--1--1.00000-false--1-1300056000-1.010375-1.01085-1.00985-1.01085--1--1.00000-false--1-1300056300-1.01085-1.01095-1.01035-1.010375--1--1.00000-false--1-1300056600-1.010375-1.01040-1.009625-1.00985--1--1.00000-false--1-1300056900-1.00985-1.01025-1.009775-1.010025--1--1.00000-false--1-1300057200-1.010025-1.01025-1.00975-1.010125--1--1.00000-false--1-1300057500-1.010125-1.01070-1.009975-1.010475--1--1.00000-false--1-1300057800-1.010475-1.011275-1.010475-1.011025--1--1.00000-false--1-1300058100-1.011025-1.01130-1.011025-1.01130--1--1.00000-false--1-
----------------------------------------
23:15:17:074 -> 9-1-1299877292-
23:15:17:075 -> 5-22-1299873716-12087817-EUR-CASH--0-?-IDEALPRO-CHF-EUR.CHF-BUY-90000-MKT-0.0-0.0-GTC--U163766-C-0--1-834228025-0-0-0-20110314 01:15:00 GMT-834228025.0/U163766/100------A---0--0-------0-0-0--3-0-0--0-0--0-None--0-0---------IB-0-0--0-PreSubmitted-------CHF--3-6-1299873716-PreSubmitted-0-90000-0-834228025-0-0-1--
23:15:17:081 -> 5-22-1299877291-12087797-GBP-CASH--0-?-IDEALPRO-USD-GBP.USD-BUY-80000-MKT-0.0-0.0-GTC--U163766-C-0--1-834228029-0-0-0-20110314 01:40:00 GMT-834228029.0/U163766/100------A---0--0-------0-0-0--3-0-0--0-0--0-None--0-0---------IB-0-0--0-PreSubmitted-------USD--3-6-1299877291-PreSubmitted-0-80000-0-834228029-0-0-1--
23:15:17:082 -> 5-22-1299873159-12087807-EUR-CASH--0-?-IDEALPRO-GBP-EUR.GBP-SELL-90000-MKT-0.0-0.0-GTC--U163766-C-0--1-834228017-0-0-0-20110313 23:40:00 GMT-834228017.1/U163766/100------A---0--0-------0-0-0--3-0-0--0-0--0-None--0-0---------IB-0-0--0-PreSubmitted-------GBP--3-6-1299873159-PreSubmitted-0-90000-0-834228017-0-0-1--
23:15:17:082 -> 53-1-
23:15:17:082 -> 4-2--1-2104-Market data farm connection is OK:cashfarm-
23:15:17:082 -> 4-2--1-2106-HMDS data farm connection is OK:ushmds2a-
23:15:17:351 -> 17-3-10-20110312  23:16:17-20110313  23:16:17-25-1300050900-1.39565-1.39565-1.394275-1.39535--1--1.00000-false--1-1300051200-1.39535-1.395575-1.395125-1.395125--1--1.00000-false--1-1300051500-1.395125-1.39540-1.39505-1.39540--1--1.00000-false--1-1300051800-1.39540-1.395425-1.395225-1.39530--1--1.00000-false--1-1300052100-1.39530-1.395825-1.395275-1.395825--1--1.00000-false--1-1300052400-1.395825-1.395825-1.395625-1.395775--1--1.00000-false--1-1300052700-1.395775-1.396525-1.39575-1.39635--1--1.00000-false--1-1300053000-1.39635-1.396875-1.39625-1.39630--1--1.00000-false--1-1300053300-1.39630-1.397875-1.396225-1.397875--1--1.00000-false--1-1300053600-1.397875-1.397875-1.39540-1.395425--1--1.00000-false--1-1300053900-1.395425-1.39565-1.395275-1.395275--1--1.00000-false--1-1300054200-1.395275-1.396075-1.394775-1.39550--1--1.00000-false--1-1300054500-1.39550-1.39560-1.394075-1.394475--1--1.00000-false--1-1300054800-1.394475-1.39650-1.394325-1.394525--1--1.00000-false--1-1300055100-1.394525-1.395075-1.393725-1.39385--1--1.00000-false--1-1300055400-1.39385-1.394175-1.39290-1.393075--1--1.00000-false--1-1300055700-1.393075-1.39370-1.393025-1.393425--1--1.00000-false--1-1300056000-1.393425-1.394225-1.392825-1.394125--1--1.00000-false--1-1300056300-1.394125-1.394125-1.393325-1.393475--1--1.00000-false--1-1300056600-1.393475-1.393875-1.39300-1.39370--1--1.00000-false--1-1300056900-1.39370-1.39545-1.393425-1.39540--1--1.00000-false--1-1300057200-1.39540-1.39540-1.39435-1.39435--1--1.00000-false--1-1300057500-1.39435-1.39465-1.393725-1.394125--1--1.00000-false--1-1300057800-1.394125-1.39530-1.393975-1.39450--1--1.00000-false--1-1300058100-1.39450-1.39490-1.39450-1.39490--1--1.00000-false--1-
----------------------------------------
23:15:30:905 -> 9-1-1299877292-
23:15:30:906 -> 5-22-1299873716-12087817-EUR-CASH--0-?-IDEALPRO-CHF-EUR.CHF-BUY-90000-MKT-0.0-0.0-GTC--U163766-C-0--1-834228025-0-0-0-20110314 01:15:00 GMT-834228025.0/U163766/100------A---0--0-------0-0-0--3-0-0--0-0--0-None--0-0---------IB-0-0--0-PreSubmitted-------CHF--3-6-1299873716-PreSubmitted-0-90000-0-834228025-0-0-1--
23:15:30:906 -> 5-22-1299877291-12087797-GBP-CASH--0-?-IDEALPRO-USD-GBP.USD-BUY-80000-MKT-0.0-0.0-GTC--U163766-C-0--1-834228029-0-0-0-20110314 01:40:00 GMT-834228029.0/U163766/100------A---0--0-------0-0-0--3-0-0--0-0--0-None--0-0---------IB-0-0--0-PreSubmitted-------USD--3-6-1299877291-PreSubmitted-0-80000-0-834228029-0-0-1--
23:15:30:906 -> 5-22-1299873159-12087807-EUR-CASH--0-?-IDEALPRO-GBP-EUR.GBP-SELL-90000-MKT-0.0-0.0-GTC--U163766-C-0--1-834228017-0-0-0-20110313 23:40:00 GMT-834228017.1/U163766/100------A---0--0-------0-0-0--3-0-0--0-0--0-None--0-0---------IB-0-0--0-PreSubmitted-------GBP--3-6-1299873159-PreSubmitted-0-90000-0-834228017-0-0-1--
23:15:30:906 -> 53-1-
23:15:30:907 -> 4-2--1-2104-Market data farm connection is OK:cashfarm-
23:15:30:919 -> 4-2--1-2106-HMDS data farm connection is OK:ushmds2a-
23:15:31:668 -> 17-3-10-20110312  23:16:31-20110313  23:16:31-25-1300050900-1.60870-1.60890-1.608225-1.608675--1--1.00000-false--1-1300051200-1.608675-1.60870-1.608175-1.60830--1--1.00000-false--1-1300051500-1.60830-1.60840-1.608275-1.608275--1--1.00000-false--1-1300051800-1.608275-1.60840-1.608275-1.60835--1--1.00000-false--1-1300052100-1.60835-1.60845-1.608325-1.608425--1--1.00000-false--1-1300052400-1.608425-1.608425-1.60835-1.60840--1--1.00000-false--1-1300052700-1.60840-1.608475-1.60835-1.60840--1--1.00000-false--1-1300053000-1.60840-1.60845-1.60840-1.608425--1--1.00000-false--1-1300053300-1.608425-1.60940-1.608425-1.609375--1--1.00000-false--1-1300053600-1.609375-1.609375-1.608125-1.608525--1--1.00000-false--1-1300053900-1.608525-1.608525-1.607575-1.60760--1--1.00000-false--1-1300054200-1.60760-1.60975-1.607125-1.60970--1--1.00000-false--1-1300054500-1.60970-1.609725-1.608575-1.60900--1--1.00000-false--1-1300054800-1.60900-1.60900-1.607675-1.60790--1--1.00000-false--1-1300055100-1.60790-1.607925-1.607475-1.607725--1--1.00000-false--1-1300055400-1.607725-1.607725-1.607025-1.60725--1--1.00000-false--1-1300055700-1.60725-1.607375-1.607075-1.60725--1--1.00000-false--1-1300056000-1.60725-1.607475-1.607025-1.60735--1--1.00000-false--1-1300056300-1.60735-1.607725-1.60730-1.60750--1--1.00000-false--1-1300056600-1.60750-1.60755-1.60710-1.607225--1--1.00000-false--1-1300056900-1.607225-1.60845-1.607225-1.60840--1--1.00000-false--1-1300057200-1.60840-1.608425-1.607725-1.607925--1--1.00000-false--1-1300057500-1.607925-1.60795-1.606875-1.607675--1--1.00000-false--1-1300057800-1.607675-1.608475-1.60765-1.60830--1--1.00000-false--1-1300058100-1.60830-1.60845-1.60830-1.608425--1--1.00000-false--1-
----------------------------------------
23:15:44:885 -> 9-1-1299877292-
23:15:44:885 -> 5-22-1299873716-12087817-EUR-CASH--0-?-IDEALPRO-CHF-EUR.CHF-BUY-90000-MKT-0.0-0.0-GTC--U163766-C-0--1-834228025-0-0-0-20110314 01:15:00 GMT-834228025.0/U163766/100------A---0--0-------0-0-0--3-0-0--0-0--0-None--0-0---------IB-0-0--0-PreSubmitted-------CHF--3-6-1299873716-PreSubmitted-0-90000-0-834228025-0-0-1--
23:15:44:886 -> 5-22-1299877291-12087797-GBP-CASH--0-?-IDEALPRO-USD-GBP.USD-BUY-80000-MKT-0.0-0.0-GTC--U163766-C-0--1-834228029-0-0-0-20110314 01:40:00 GMT-834228029.0/U163766/100------A---0--0-------0-0-0--3-0-0--0-0--0-None--0-0---------IB-0-0--0-PreSubmitted-------USD--3-6-1299877291-PreSubmitted-0-80000-0-834228029-0-0-1--
23:15:44:886 -> 5-22-1299873159-12087807-EUR-CASH--0-?-IDEALPRO-GBP-EUR.GBP-SELL-90000-MKT-0.0-0.0-GTC--U163766-C-0--1-834228017-0-0-0-20110313 23:40:00 GMT-834228017.1/U163766/100------A---0--0-------0-0-0--3-0-0--0-0--0-None--0-0---------IB-0-0--0-PreSubmitted-------GBP--3-6-1299873159-PreSubmitted-0-90000-0-834228017-0-0-1--
23:15:44:894 -> 53-1-
23:15:44:894 -> 4-2--1-2104-Market data farm connection is OK:cashfarm-
23:15:44:894 -> 4-2--1-2106-HMDS data farm connection is OK:ushmds2a-
23:15:45:163 -> 17-3-10-20110312  23:16:45-20110313  23:16:45-25-1300050900-0.972975-0.973025-0.97255-0.97270--1--1.00000-false--1-1300051200-0.97270-0.97295-0.972325-0.97255--1--1.00000-false--1-1300051500-0.97255-0.97260-0.97255-0.97255--1--1.00000-false--1-1300051800-0.97255-0.97290-0.972525-0.97255--1--1.00000-false--1-1300052100-0.97255-0.972625-0.972525-0.972525--1--1.00000-false--1-1300052400-0.972525-0.97265-0.972525-0.97260--1--1.00000-false--1-1300052700-0.97260-0.97260-0.972575-0.97260--1--1.00000-false--1-1300053000-0.97260-0.972875-0.97255-0.972725--1--1.00000-false--1-1300053300-0.972725-0.973725-0.97270-0.973725--1--1.00000-false--1-1300053600-0.973725-0.973725-0.972575-0.97260--1--1.00000-false--1-1300053900-0.97260-0.97265-0.972425-0.97265--1--1.00000-false--1-1300054200-0.97265-0.972775-0.972225-0.97275--1--1.00000-false--1-1300054500-0.97275-0.972775-0.97250-0.972625--1--1.00000-false--1-1300054800-0.972625-0.972775-0.972525-0.972725--1--1.00000-false--1-1300055100-0.972725-0.973375-0.97265-0.973375--1--1.00000-false--1-1300055400-0.973375-0.97370-0.97315-0.97330--1--1.00000-false--1-1300055700-0.97330-0.97335-0.972825-0.972975--1--1.00000-false--1-1300056000-0.972975-0.973225-0.97290-0.972975--1--1.00000-false--1-1300056300-0.972975-0.97365-0.972975-0.97345--1--1.00000-false--1-1300056600-0.97345-0.973625-0.973375-0.973625--1--1.00000-false--1-1300056900-0.973625-0.973775-0.97345-0.973775--1--1.00000-false--1-1300057200-0.973775-0.97380-0.97350-0.97365--1--1.00000-false--1-1300057500-0.97365-0.973825-0.973625-0.97375--1--1.00000-false--1-1300057800-0.97375-0.97375-0.973425-0.973625--1--1.00000-false--1-1300058100-0.973625-0.973625-0.973525-0.973525--1--1.00000-false--1-
----------------------------------------
23:15:58:395 -> 9-1-1299877292-
23:15:58:397 -> 5-22-1299873716-12087817-EUR-CASH--0-?-IDEALPRO-CHF-EUR.CHF-BUY-90000-MKT-0.0-0.0-GTC--U163766-C-0--1-834228025-0-0-0-20110314 01:15:00 GMT-834228025.0/U163766/100------A---0--0-------0-0-0--3-0-0--0-0--0-None--0-0---------IB-0-0--0-PreSubmitted-------CHF--3-6-1299873716-PreSubmitted-0-90000-0-834228025-0-0-1--
23:15:58:399 -> 5-22-1299877291-12087797-GBP-CASH--0-?-IDEALPRO-USD-GBP.USD-BUY-80000-MKT-0.0-0.0-GTC--U163766-C-0--1-834228029-0-0-0-20110314 01:40:00 GMT-834228029.0/U163766/100------A---0--0-------0-0-0--3-0-0--0-0--0-None--0-0---------IB-0-0--0-PreSubmitted-------USD--3-6-1299877291-PreSubmitted-0-80000-0-834228029-0-0-1--
23:15:58:400 -> 5-22-1299873159-12087807-EUR-CASH--0-?-IDEALPRO-GBP-EUR.GBP-SELL-90000-MKT-0.0-0.0-GTC--U163766-C-0--1-834228017-0-0-0-20110313 23:40:00 GMT-834228017.1/U163766/100------A---0--0-------0-0-0--3-0-0--0-0--0-None--0-0---------IB-0-0--0-PreSubmitted-------GBP--3-6-1299873159-PreSubmitted-0-90000-0-834228017-0-0-1--
23:15:58:400 -> 53-1-
23:15:58:401 -> 4-2--1-2104-Market data farm connection is OK:cashfarm-
23:15:58:401 -> 4-2--1-2106-HMDS data farm connection is OK:ushmds2a-
23:15:58:657 -> 17-3-10-20110312  23:16:58-20110313  23:16:58-25-1300050900-0.92810-0.928675-0.92800-0.928475--1--1.00000-false--1-1300051200-0.928475-0.928475-0.92805-0.928475--1--1.00000-false--1-1300051500-0.928475-0.928525-0.92845-0.92845--1--1.00000-false--1-1300051800-0.92845-0.928525-0.92830-0.92840--1--1.00000-false--1-1300052100-0.92840-0.92845-0.92810-0.928125--1--1.00000-false--1-1300052400-0.928125-0.92850-0.927975-0.928175--1--1.00000-false--1-1300052700-0.928175-0.92825-0.927775-0.927975--1--1.00000-false--1-1300053000-0.927975-0.92800-0.92745-0.92770--1--1.00000-false--1-1300053300-0.92770-0.927975-0.927225-0.927225--1--1.00000-false--1-1300053600-0.927225-0.92895-0.927225-0.92890--1--1.00000-false--1-1300053900-0.92890-0.928925-0.928725-0.928925--1--1.00000-false--1-1300054200-0.928925-0.928925-0.92580-0.92635--1--1.00000-false--1-1300054500-0.92635-0.927825-0.92635-0.926925--1--1.00000-false--1-1300054800-0.926925-0.926975-0.92640-0.926775--1--1.00000-false--1-1300055100-0.926775-0.92695-0.92585-0.926625--1--1.00000-false--1-1300055400-0.926625-0.92815-0.92630-0.927875--1--1.00000-false--1-1300055700-0.927875-0.92825-0.92785-0.92820--1--1.00000-false--1-1300056000-0.92820-0.928825-0.927675-0.927825--1--1.00000-false--1-1300056300-0.927825-0.928775-0.927825-0.928675--1--1.00000-false--1-1300056600-0.928675-0.928825-0.928375-0.928425--1--1.00000-false--1-1300056900-0.928425-0.92845-0.92740-0.92845--1--1.00000-false--1-1300057200-0.92845-0.92880-0.92795-0.928525--1--1.00000-false--1-1300057500-0.928525-0.92875-0.928325-0.928375--1--1.00000-false--1-1300057800-0.928375-0.92850-0.928225-0.928325--1--1.00000-false--1-1300058100-0.928325-0.928375-0.928275-0.928375--1--1.00000-false--1-
----------------------------------------
23:16:11:903 -> 9-1-1299877292-
23:16:11:906 -> 5-22-1299873716-12087817-EUR-CASH--0-?-IDEALPRO-CHF-EUR.CHF-BUY-90000-MKT-0.0-0.0-GTC--U163766-C-0--1-834228025-0-0-0-20110314 01:15:00 GMT-834228025.0/U163766/100------A---0--0-------0-0-0--3-0-0--0-0--0-None--0-0---------IB-0-0--0-PreSubmitted-------CHF--3-6-1299873716-PreSubmitted-0-90000-0-834228025-0-0-1--
23:16:11:907 -> 5-22-1299877291-12087797-GBP-CASH--0-?-IDEALPRO-USD-GBP.USD-BUY-80000-MKT-0.0-0.0-GTC--U163766-C-0--1-834228029-0-0-0-20110314 01:40:00 GMT-834228029.0/U163766/100------A---0--0-------0-0-0--3-0-0--0-0--0-None--0-0---------IB-0-0--0-PreSubmitted-------USD--3-6-1299877291-PreSubmitted-0-80000-0-834228029-0-0-1--
23:16:11:909 -> 5-22-1299873159-12087807-EUR-CASH--0-?-IDEALPRO-GBP-EUR.GBP-SELL-90000-MKT-0.0-0.0-GTC--U163766-C-0--1-834228017-0-0-0-20110313 23:40:00 GMT-834228017.1/U163766/100------A---0--0-------0-0-0--3-0-0--0-0--0-None--0-0---------IB-0-0--0-PreSubmitted-------GBP--3-6-1299873159-PreSubmitted-0-90000-0-834228017-0-0-1--
23:16:11:909 -> 53-1-
23:16:11:909 -> 4-2--1-2104-Market data farm connection is OK:cashfarm-
23:16:11:910 -> 4-2--1-2106-HMDS data farm connection is OK:ushmds2a-
23:16:12:213 -> 17-3-10-20110312  23:17:12-20110313  23:17:12-25-1300050900-81.7425-81.7825-81.740-81.755--1--1.000-false--1-1300051200-81.755-81.8175-81.755-81.790--1--1.000-false--1-1300051500-81.790-81.8325-81.7775-81.8175--1--1.000-false--1-1300051800-81.8175-81.8975-81.8175-81.8825--1--1.000-false--1-1300052100-81.8825-81.9125-81.875-81.890--1--1.000-false--1-1300052400-81.890-81.8925-81.875-81.875--1--1.000-false--1-1300052700-81.875-81.875-81.820-81.820--1--1.000-false--1-1300053000-81.820-81.8225-81.6525-81.7275--1--1.000-false--1-1300053300-81.7275-81.7625-81.695-81.695--1--1.000-false--1-1300053600-81.695-81.765-81.680-81.7025--1--1.000-false--1-1300053900-81.7025-81.7025-81.5025-81.505--1--1.000-false--1-1300054200-81.505-81.505-80.6175-80.7275--1--1.000-false--1-1300054500-80.7275-81.370-80.7275-81.3325--1--1.000-false--1-1300054800-81.3325-81.4425-81.2925-81.3825--1--1.000-false--1-1300055100-81.3825-81.385-81.0275-81.2225--1--1.000-false--1-1300055400-81.2225-81.365-81.1925-81.355--1--1.000-false--1-1300055700-81.355-81.4425-81.355-81.4175--1--1.000-false--1-1300056000-81.4175-81.6475-81.3975-81.605--1--1.000-false--1-1300056300-81.605-81.6575-81.455-81.560--1--1.000-false--1-1300056600-81.560-81.5725-81.460-81.4675--1--1.000-false--1-1300056900-81.4675-81.540-81.350-81.5225--1--1.000-false--1-1300057200-81.5225-81.5325-81.350-81.4425--1--1.000-false--1-1300057500-81.4425-81.500-81.4325-81.450--1--1.000-false--1-1300057800-81.450-81.5225-81.420-81.4975--1--1.000-false--1-1300058100-81.4975-81.5175-81.465-81.490--1--1.000-false--1-
